2026/02/16 02:00:54 🚀 Kubilitics Backend starting...
2026/02/16 02:00:54 📋 Configuration loaded: port=8080, db=./kubilitics.db
2026/02/16 02:00:54 💾 Initializing database...
2026/02/16 02:00:54 ✅ Migration 001_initial_schema.sql completed
2026/02/16 02:00:54 ⚠️  Warning: Failed to run migration 002_add_cluster_provider.sql: duplicate column name: provider
2026/02/16 02:00:54 ⚠️  Warning: Failed to run migration 003_projects.sql: no such column: environment
2026/02/16 02:00:54 ✅ Migration 004_simplify_project_clusters.sql completed
2026/02/16 02:00:54 ⚙️  Initializing services...
2026/02/16 02:00:54 📋 Registered 1 cluster(s): docker-desktop — list/get/patch/delete, metrics, events, logs, topology, scale, exec, shell complete available for all resources
2026/02/16 02:00:54 ✅ Services initialized
2026/02/16 02:00:54 🔌 Initializing WebSocket hub...
2026/02/16 02:00:54 ✅ WebSocket hub started
2026/02/16 02:00:54 📊 Resource topology supported for: [Node Pod Deployment ReplicaSet StatefulSet DaemonSet Job CronJob Service Ingress IngressClass Endpoints EndpointSlice NetworkPolicy ConfigMap Secret PersistentVolumeClaim PersistentVolume StorageClass VolumeAttachment]
2026/02/16 02:00:54 ━━━━━━━━━━━━━━━━━━━━━━━━━━━━━━━━━━━━━━━━━━━━━━━
2026/02/16 02:00:54 🌐 Server listening on http://localhost:8080
2026/02/16 02:00:54 📡 API available at http://localhost:8080/api/v1
2026/02/16 02:00:54 🔌 WebSocket at ws://localhost:8080/ws/resources
2026/02/16 02:00:54 ❤️  Health check at http://localhost:8080/health
2026/02/16 02:00:54 📊 Metrics at http://localhost:8080/metrics
2026/02/16 02:00:54 ━━━━━━━━━━━━━━━━━━━━━━━━━━━━━━━━━━━━━━━━━━━━━━━
{"time":"2026-02-15T20:31:05.719195Z","level":"info","request_id":"aa1e60c4-5576-4845-adc4-5a607141843f","cluster_id":"4428989a-081b-4c06-8d59-21dfa85588fa","method":"GET","path":"/api/v1/clusters/4428989a-081b-4c06-8d59-21dfa85588fa/resources/nodes","status":200,"duration_ms":17}
{"time":"2026-02-15T20:31:05.734897Z","level":"info","request_id":"33a52932-8d69-4e49-a114-ae16807542b2","cluster_id":"4428989a-081b-4c06-8d59-21dfa85588fa","method":"GET","path":"/api/v1/clusters/4428989a-081b-4c06-8d59-21dfa85588fa/resources/namespaces","status":200,"duration_ms":8}
{"time":"2026-02-15T20:31:05.738295Z","level":"info","request_id":"d45c01c1-cd91-4717-b21a-9b2c2fa3a5ce","cluster_id":"4428989a-081b-4c06-8d59-21dfa85588fa","method":"GET","path":"/api/v1/clusters/4428989a-081b-4c06-8d59-21dfa85588fa/resources/services","status":200,"duration_ms":10}
{"time":"2026-02-15T20:31:05.761315Z","level":"info","request_id":"646ebb09-f622-44f9-bd79-fa617551e754","cluster_id":"4428989a-081b-4c06-8d59-21dfa85588fa","method":"GET","path":"/api/v1/clusters/4428989a-081b-4c06-8d59-21dfa85588fa/resources/deployments","status":200,"duration_ms":34}
{"time":"2026-02-15T20:31:05.862114Z","level":"info","request_id":"4263c8a9-74bd-48f5-84a5-a84be51f8a2e","cluster_id":"4428989a-081b-4c06-8d59-21dfa85588fa","method":"GET","path":"/api/v1/clusters/4428989a-081b-4c06-8d59-21dfa85588fa/resources/statefulsets","status":200,"duration_ms":86}
{"time":"2026-02-15T20:31:05.862365Z","level":"info","request_id":"1b180bc5-7d48-4570-a7dd-2803f417b8de","cluster_id":"4428989a-081b-4c06-8d59-21dfa85588fa","method":"GET","path":"/api/v1/clusters/4428989a-081b-4c06-8d59-21dfa85588fa/resources/daemonsets","status":200,"duration_ms":71}
{"time":"2026-02-15T20:31:05.882692Z","level":"info","request_id":"cee7dded-246e-4970-9079-89800ea39857","cluster_id":"4428989a-081b-4c06-8d59-21dfa85588fa","method":"GET","path":"/api/v1/clusters/4428989a-081b-4c06-8d59-21dfa85588fa/resources/controllerrevisions","status":200,"duration_ms":85}
{"time":"2026-02-15T20:31:05.882753Z","level":"info","request_id":"09609c1c-dc6f-4de3-90f3-48eebf2fa91a","cluster_id":"4428989a-081b-4c06-8d59-21dfa85588fa","method":"GET","path":"/api/v1/clusters/4428989a-081b-4c06-8d59-21dfa85588fa/resources/cronjobs","status":200,"duration_ms":85}
{"time":"2026-02-15T20:31:05.894876Z","level":"info","request_id":"b925f147-6e0c-43c8-b523-15bf56ecfc18","cluster_id":"4428989a-081b-4c06-8d59-21dfa85588fa","method":"GET","path":"/api/v1/clusters/4428989a-081b-4c06-8d59-21dfa85588fa/resources/replicasets","status":200,"duration_ms":119}
{"time":"2026-02-15T20:31:05.896421Z","level":"info","request_id":"3ae165f8-a705-40c6-9687-18995092c48a","cluster_id":"4428989a-081b-4c06-8d59-21dfa85588fa","method":"GET","path":"/api/v1/clusters/4428989a-081b-4c06-8d59-21dfa85588fa/resources/jobs","status":200,"duration_ms":113}
{"time":"2026-02-15T20:31:05.904799Z","level":"warn","request_id":"9a0549e0-cc2f-4a9b-95a8-020afab54016","cluster_id":"4428989a-081b-4c06-8d59-21dfa85588fa","method":"GET","path":"/api/v1/clusters/4428989a-081b-4c06-8d59-21dfa85588fa/resources/bgppeers","status":404,"duration_ms":34,"error":"Not Found"}
{"time":"2026-02-15T20:31:06.106098Z","level":"warn","request_id":"98b6eeed-6130-4545-b6ad-fbd765c26e19","cluster_id":"4428989a-081b-4c06-8d59-21dfa85588fa","method":"GET","path":"/api/v1/clusters/4428989a-081b-4c06-8d59-21dfa85588fa/resources/resourceslices","status":404,"duration_ms":235,"error":"Not Found"}
{"time":"2026-02-15T20:31:06.304582Z","level":"warn","request_id":"2428ec39-1e23-4823-90b1-7a31a2a0ae23","cluster_id":"4428989a-081b-4c06-8d59-21dfa85588fa","method":"GET","path":"/api/v1/clusters/4428989a-081b-4c06-8d59-21dfa85588fa/resources/deviceclasses","status":404,"duration_ms":417,"error":"Not Found"}
{"time":"2026-02-15T20:31:06.507574Z","level":"info","request_id":"be4fea25-e69a-4d16-8799-4122555d786f","cluster_id":"4428989a-081b-4c06-8d59-21dfa85588fa","method":"GET","path":"/api/v1/clusters/4428989a-081b-4c06-8d59-21dfa85588fa/resources/podtemplates","status":200,"duration_ms":620}
{"time":"2026-02-15T20:31:06.704693Z","level":"warn","request_id":"58c975a3-a266-4ffc-951c-7ea78fbeec18","cluster_id":"4428989a-081b-4c06-8d59-21dfa85588fa","method":"GET","path":"/api/v1/clusters/4428989a-081b-4c06-8d59-21dfa85588fa/resources/ipaddresspools","status":404,"duration_ms":807,"error":"Not Found"}
I0216 02:01:06.902663   30499 request.go:697] Waited for 1.004674416s due to client-side throttling, not priority and fairness, request: GET:https://127.0.0.1:51428/api/v1/configmaps?limit=5000
{"time":"2026-02-15T20:31:06.921918Z","level":"info","request_id":"5f0db6c0-b240-4b11-be44-ab1a6f19c4e6","cluster_id":"4428989a-081b-4c06-8d59-21dfa85588fa","method":"GET","path":"/api/v1/clusters/4428989a-081b-4c06-8d59-21dfa85588fa/resources/configmaps","status":200,"duration_ms":1024}
{"time":"2026-02-15T20:31:07.107487Z","level":"info","request_id":"e27b36d3-24ca-4aad-9054-18021c7d532e","cluster_id":"4428989a-081b-4c06-8d59-21dfa85588fa","method":"GET","path":"/api/v1/clusters/4428989a-081b-4c06-8d59-21dfa85588fa/resources/secrets","status":200,"duration_ms":1200}
{"time":"2026-02-15T20:31:07.309379Z","level":"info","request_id":"733f90f6-e3b0-4149-bf48-d3f1036c46cc","cluster_id":"4428989a-081b-4c06-8d59-21dfa85588fa","method":"GET","path":"/api/v1/clusters/4428989a-081b-4c06-8d59-21dfa85588fa/resources/ingresses","status":200,"duration_ms":1194}
{"time":"2026-02-15T20:31:07.512775Z","level":"info","request_id":"61031a98-3b2d-4c6d-acda-91acc0c16168","cluster_id":"4428989a-081b-4c06-8d59-21dfa85588fa","method":"GET","path":"/api/v1/clusters/4428989a-081b-4c06-8d59-21dfa85588fa/resources/ingressclasses","status":200,"duration_ms":1205}
{"time":"2026-02-15T20:31:07.711843Z","level":"info","request_id":"5d42b10f-2c62-430f-bfc4-e458f2c8a55d","cluster_id":"4428989a-081b-4c06-8d59-21dfa85588fa","method":"GET","path":"/api/v1/clusters/4428989a-081b-4c06-8d59-21dfa85588fa/resources/endpoints","status":200,"duration_ms":1201}
2026/02/16 02:01:07 INFO metrics query cluster_id=4428989a-081b-4c06-8d59-21dfa85588fa namespace=blue-green-demo resource_type=pod resource_name=blue-deployment-697fb9fcd5-74hbp query_ms=8 cache_hit=false error_code="" error=""
{"time":"2026-02-15T20:31:07.900957Z","level":"info","request_id":"94454a7a-b5d9-4ebf-a7c5-9837ca7aaf1f","cluster_id":"4428989a-081b-4c06-8d59-21dfa85588fa","method":"GET","path":"/api/v1/clusters/4428989a-081b-4c06-8d59-21dfa85588fa/metrics/summary","status":200,"duration_ms":8}
{"time":"2026-02-15T20:31:07.922829Z","level":"info","request_id":"c5815405-43f6-4be9-b181-340dc9a4e2f6","cluster_id":"4428989a-081b-4c06-8d59-21dfa85588fa","method":"GET","path":"/api/v1/clusters/4428989a-081b-4c06-8d59-21dfa85588fa/resources/endpointslices","status":200,"duration_ms":1215}
{"time":"2026-02-15T20:31:08.106092Z","level":"info","request_id":"f0b4a711-eb5f-4321-9dfb-8e6fee7c8578","cluster_id":"4428989a-081b-4c06-8d59-21dfa85588fa","method":"GET","path":"/api/v1/clusters/4428989a-081b-4c06-8d59-21dfa85588fa/resources/networkpolicies","status":200,"duration_ms":1174}
{"time":"2026-02-15T20:31:08.348461Z","level":"info","request_id":"40b65e69-a5e4-49f2-a658-0d92735a477a","cluster_id":"4428989a-081b-4c06-8d59-21dfa85588fa","method":"GET","path":"/api/v1/clusters/4428989a-081b-4c06-8d59-21dfa85588fa/resources/persistentvolumes","status":200,"duration_ms":1238}
{"time":"2026-02-15T20:31:08.50726Z","level":"info","request_id":"3a5b0d78-24af-4dc0-9cfd-f88022d666ed","cluster_id":"4428989a-081b-4c06-8d59-21dfa85588fa","method":"GET","path":"/api/v1/clusters/4428989a-081b-4c06-8d59-21dfa85588fa/resources/persistentvolumeclaims","status":200,"duration_ms":1193}
{"time":"2026-02-15T20:31:08.760979Z","level":"info","request_id":"2baa4706-c02c-4ee9-af31-bb47ee257489","cluster_id":"4428989a-081b-4c06-8d59-21dfa85588fa","method":"GET","path":"/api/v1/clusters/4428989a-081b-4c06-8d59-21dfa85588fa/resources/pods","status":200,"duration_ms":1243}
{"time":"2026-02-15T20:31:08.911903Z","level":"info","request_id":"318b1d52-df4b-4f48-be65-4ee4b614bdfa","cluster_id":"4428989a-081b-4c06-8d59-21dfa85588fa","method":"GET","path":"/api/v1/clusters/4428989a-081b-4c06-8d59-21dfa85588fa/resources/storageclasses","status":200,"duration_ms":1196}
{"time":"2026-02-15T20:31:09.108431Z","level":"info","request_id":"2ca32b4f-f196-4b99-a208-1eed715f55ec","cluster_id":"4428989a-081b-4c06-8d59-21dfa85588fa","method":"GET","path":"/api/v1/clusters/4428989a-081b-4c06-8d59-21dfa85588fa/resources/volumeattachments","status":200,"duration_ms":1183}
{"time":"2026-02-15T20:31:09.305409Z","level":"warn","request_id":"fd6bebcd-72ad-4ed2-ace2-6864d3acb92e","cluster_id":"4428989a-081b-4c06-8d59-21dfa85588fa","method":"GET","path":"/api/v1/clusters/4428989a-081b-4c06-8d59-21dfa85588fa/resources/volumesnapshots","status":404,"duration_ms":1195,"error":"Not Found"}
{"time":"2026-02-15T20:31:09.50628Z","level":"warn","request_id":"a0ab33f2-ccac-4cd1-93bd-886d1828a4d6","cluster_id":"4428989a-081b-4c06-8d59-21dfa85588fa","method":"GET","path":"/api/v1/clusters/4428989a-081b-4c06-8d59-21dfa85588fa/resources/volumesnapshotcontents","status":404,"duration_ms":1149,"error":"Not Found"}
{"time":"2026-02-15T20:31:09.705719Z","level":"warn","request_id":"5e1d642b-8bc6-4bbb-9485-a40656c04e8e","cluster_id":"4428989a-081b-4c06-8d59-21dfa85588fa","method":"GET","path":"/api/v1/clusters/4428989a-081b-4c06-8d59-21dfa85588fa/resources/volumesnapshotclasses","status":404,"duration_ms":1196,"error":"Not Found"}
{"time":"2026-02-15T20:31:09.911853Z","level":"info","request_id":"7eab357f-a746-4228-a304-55204033c566","cluster_id":"4428989a-081b-4c06-8d59-21dfa85588fa","method":"GET","path":"/api/v1/clusters/4428989a-081b-4c06-8d59-21dfa85588fa/resources/apiservices","status":200,"duration_ms":1144}
{"time":"2026-02-15T20:31:10.114632Z","level":"info","request_id":"363685b3-8a55-4bcc-9317-f129be0dc9dd","cluster_id":"4428989a-081b-4c06-8d59-21dfa85588fa","method":"GET","path":"/api/v1/clusters/4428989a-081b-4c06-8d59-21dfa85588fa/resources/rolebindings","status":200,"duration_ms":1199}
{"time":"2026-02-15T20:31:10.308437Z","level":"info","request_id":"163c678e-3f52-4534-b7fc-293d1adb2c95","cluster_id":"4428989a-081b-4c06-8d59-21dfa85588fa","method":"GET","path":"/api/v1/clusters/4428989a-081b-4c06-8d59-21dfa85588fa/resources/leases","status":200,"duration_ms":1195}
{"time":"2026-02-15T20:31:10.512897Z","level":"info","request_id":"2cff7c62-9372-4e65-a29e-b589ecf3be1d","cluster_id":"4428989a-081b-4c06-8d59-21dfa85588fa","method":"GET","path":"/api/v1/clusters/4428989a-081b-4c06-8d59-21dfa85588fa/resources/roles","status":200,"duration_ms":1205}
{"time":"2026-02-15T20:31:10.714904Z","level":"info","request_id":"968337e0-e4bb-41ac-ab06-880503a5fec4","cluster_id":"4428989a-081b-4c06-8d59-21dfa85588fa","method":"GET","path":"/api/v1/clusters/4428989a-081b-4c06-8d59-21dfa85588fa/resources/clusterroles","status":200,"duration_ms":1205}
{"time":"2026-02-15T20:31:10.91268Z","level":"info","request_id":"dc9bde34-ba10-4579-92eb-8df8acba428f","cluster_id":"4428989a-081b-4c06-8d59-21dfa85588fa","method":"GET","path":"/api/v1/clusters/4428989a-081b-4c06-8d59-21dfa85588fa/resources/serviceaccounts","status":200,"duration_ms":1204}
{"time":"2026-02-15T20:31:11.18675Z","level":"info","request_id":"8410be05-c99f-400e-869a-5555a3a9e2c5","cluster_id":"4428989a-081b-4c06-8d59-21dfa85588fa","method":"GET","path":"/api/v1/clusters/4428989a-081b-4c06-8d59-21dfa85588fa/resources/clusterrolebindings","status":200,"duration_ms":1270}
{"time":"2026-02-15T20:31:11.306089Z","level":"info","request_id":"dcf234c5-d19d-4fa1-a977-3c024ce6b1be","cluster_id":"4428989a-081b-4c06-8d59-21dfa85588fa","method":"GET","path":"/api/v1/clusters/4428989a-081b-4c06-8d59-21dfa85588fa/resources/resourcequotas","status":200,"duration_ms":1187}
{"time":"2026-02-15T20:31:11.506557Z","level":"info","request_id":"cf6641bd-fde1-4127-826d-5848645e77cb","cluster_id":"4428989a-081b-4c06-8d59-21dfa85588fa","method":"GET","path":"/api/v1/clusters/4428989a-081b-4c06-8d59-21dfa85588fa/resources/poddisruptionbudgets","status":200,"duration_ms":1193}
{"time":"2026-02-15T20:31:11.708408Z","level":"info","request_id":"130949aa-beb0-4e64-b8bc-b9a36403fac5","cluster_id":"4428989a-081b-4c06-8d59-21dfa85588fa","method":"GET","path":"/api/v1/clusters/4428989a-081b-4c06-8d59-21dfa85588fa/resources/limitranges","status":200,"duration_ms":1192}
{"time":"2026-02-15T20:31:11.910199Z","level":"info","request_id":"0081527f-554d-4ca8-8721-2d4b700befff","cluster_id":"4428989a-081b-4c06-8d59-21dfa85588fa","method":"GET","path":"/api/v1/clusters/4428989a-081b-4c06-8d59-21dfa85588fa/resources/verticalpodautoscalers","status":200,"duration_ms":1192}
{"time":"2026-02-15T20:31:12.108586Z","level":"info","request_id":"b03af859-6066-4a93-8bda-bc700ef86c61","cluster_id":"4428989a-081b-4c06-8d59-21dfa85588fa","method":"GET","path":"/api/v1/clusters/4428989a-081b-4c06-8d59-21dfa85588fa/resources/priorityclasses","status":200,"duration_ms":1191}
{"time":"2026-02-15T20:31:12.313065Z","level":"info","request_id":"ef456c90-129d-4938-9b86-11a20864de55","cluster_id":"4428989a-081b-4c06-8d59-21dfa85588fa","method":"GET","path":"/api/v1/clusters/4428989a-081b-4c06-8d59-21dfa85588fa/resources/horizontalpodautoscalers","status":200,"duration_ms":1123}
{"time":"2026-02-15T20:31:12.512104Z","level":"info","request_id":"1561b45c-a17c-4a2e-ae11-e954a022f90a","cluster_id":"4428989a-081b-4c06-8d59-21dfa85588fa","method":"GET","path":"/api/v1/clusters/4428989a-081b-4c06-8d59-21dfa85588fa/resources/customresourcedefinitions","status":200,"duration_ms":1204}
{"time":"2026-02-15T20:31:12.705902Z","level":"info","request_id":"afa79d84-f76a-47b2-a8ed-695440c0d9b0","cluster_id":"4428989a-081b-4c06-8d59-21dfa85588fa","method":"GET","path":"/api/v1/clusters/4428989a-081b-4c06-8d59-21dfa85588fa/resources/mutatingwebhookconfigurations","status":200,"duration_ms":1196}
{"time":"2026-02-15T20:31:12.906233Z","level":"info","request_id":"bfca6eb6-3913-483d-a684-20d7b5e14f61","cluster_id":"4428989a-081b-4c06-8d59-21dfa85588fa","method":"GET","path":"/api/v1/clusters/4428989a-081b-4c06-8d59-21dfa85588fa/resources/validatingwebhookconfigurations","status":200,"duration_ms":1195}
{"time":"2026-02-15T20:31:12.95269Z","level":"info","request_id":"762dc4d8-8aa2-4c10-8b79-cbc0cbd8b5e5","cluster_id":"4428989a-081b-4c06-8d59-21dfa85588fa","method":"GET","path":"/api/v1/clusters/4428989a-081b-4c06-8d59-21dfa85588fa/summary","status":200,"duration_ms":72}
{"time":"2026-02-15T20:31:13.106481Z","level":"info","request_id":"f5e0bf3f-b3f3-444d-8fe4-a3894f0c0e6f","cluster_id":"4428989a-081b-4c06-8d59-21dfa85588fa","method":"GET","path":"/api/v1/clusters/4428989a-081b-4c06-8d59-21dfa85588fa/resources/nodes","status":200,"duration_ms":1192}
{"time":"2026-02-15T20:31:15.638449Z","level":"info","request_id":"8f89d04c-06e8-4462-a257-e95f304a6a95","cluster_id":"4428989a-081b-4c06-8d59-21dfa85588fa","method":"GET","path":"/api/v1/clusters/4428989a-081b-4c06-8d59-21dfa85588fa/resources/pods","status":200,"duration_ms":115}
{"time":"2026-02-15T20:31:17.3321Z","level":"info","request_id":"3b946a34-fbf7-425d-828d-8bce90018b4a","cluster_id":"4428989a-081b-4c06-8d59-21dfa85588fa","method":"GET","path":"/api/v1/clusters/4428989a-081b-4c06-8d59-21dfa85588fa/resources/nodes","status":200,"duration_ms":18}
{"time":"2026-02-15T20:31:17.341065Z","level":"info","request_id":"49975242-67bc-4c36-9824-8b1db765b508","cluster_id":"4428989a-081b-4c06-8d59-21dfa85588fa","method":"GET","path":"/api/v1/clusters/4428989a-081b-4c06-8d59-21dfa85588fa/resources/services","status":200,"duration_ms":26}
{"time":"2026-02-15T20:31:17.341266Z","level":"info","request_id":"d5756709-3186-45d6-a1bf-f1b5476a177e","cluster_id":"4428989a-081b-4c06-8d59-21dfa85588fa","method":"GET","path":"/api/v1/clusters/4428989a-081b-4c06-8d59-21dfa85588fa/resources/namespaces","status":200,"duration_ms":27}
{"time":"2026-02-15T20:31:17.357103Z","level":"info","request_id":"e15aa871-af5a-46b3-ac6f-5493559ec498","cluster_id":"4428989a-081b-4c06-8d59-21dfa85588fa","method":"GET","path":"/api/v1/clusters/4428989a-081b-4c06-8d59-21dfa85588fa/resources/statefulsets","status":200,"duration_ms":22}
{"time":"2026-02-15T20:31:17.358544Z","level":"info","request_id":"0375c341-865d-4b1e-984d-f472b9660d11","cluster_id":"4428989a-081b-4c06-8d59-21dfa85588fa","method":"GET","path":"/api/v1/clusters/4428989a-081b-4c06-8d59-21dfa85588fa/resources/replicasets","status":200,"duration_ms":45}
{"time":"2026-02-15T20:31:17.363973Z","level":"info","request_id":"63081115-f99c-4658-b6c1-50310b773b78","cluster_id":"4428989a-081b-4c06-8d59-21dfa85588fa","method":"GET","path":"/api/v1/clusters/4428989a-081b-4c06-8d59-21dfa85588fa/resources/deployments","status":200,"duration_ms":50}
{"time":"2026-02-15T20:31:17.366308Z","level":"info","request_id":"9120e78f-9a04-4228-9f89-2b84f5406086","cluster_id":"4428989a-081b-4c06-8d59-21dfa85588fa","method":"GET","path":"/api/v1/clusters/4428989a-081b-4c06-8d59-21dfa85588fa/resources/daemonsets","status":200,"duration_ms":16}
{"time":"2026-02-15T20:31:17.374729Z","level":"info","request_id":"ab4c8b0f-8576-4157-80af-f3c277a331e4","cluster_id":"4428989a-081b-4c06-8d59-21dfa85588fa","method":"GET","path":"/api/v1/clusters/4428989a-081b-4c06-8d59-21dfa85588fa/resources/jobs","status":200,"duration_ms":25}
{"time":"2026-02-15T20:31:17.375429Z","level":"info","request_id":"4e590c90-14d0-4787-8e2e-c08799979655","cluster_id":"4428989a-081b-4c06-8d59-21dfa85588fa","method":"GET","path":"/api/v1/clusters/4428989a-081b-4c06-8d59-21dfa85588fa/resources/podtemplates","status":200,"duration_ms":10}
{"time":"2026-02-15T20:31:17.402026Z","level":"info","request_id":"cb7ae9f9-47db-4ef9-8c22-ee35b3493e3a","cluster_id":"4428989a-081b-4c06-8d59-21dfa85588fa","method":"GET","path":"/api/v1/clusters/4428989a-081b-4c06-8d59-21dfa85588fa/resources/pods","status":200,"duration_ms":88}
{"time":"2026-02-15T20:31:17.518838Z","level":"info","request_id":"5d945c53-727a-48c1-82f8-5dda2b193a4f","cluster_id":"4428989a-081b-4c06-8d59-21dfa85588fa","method":"GET","path":"/api/v1/clusters/4428989a-081b-4c06-8d59-21dfa85588fa/resources/cronjobs","status":200,"duration_ms":152}
{"time":"2026-02-15T20:31:17.717279Z","level":"info","request_id":"d1263071-d1b0-41a6-9de1-90f1bf75e415","cluster_id":"4428989a-081b-4c06-8d59-21dfa85588fa","method":"GET","path":"/api/v1/clusters/4428989a-081b-4c06-8d59-21dfa85588fa/resources/controllerrevisions","status":200,"duration_ms":349}
{"time":"2026-02-15T20:31:17.916445Z","level":"warn","request_id":"ece4f809-2ccc-4284-8882-be268ab6f5f1","cluster_id":"4428989a-081b-4c06-8d59-21dfa85588fa","method":"GET","path":"/api/v1/clusters/4428989a-081b-4c06-8d59-21dfa85588fa/resources/resourceslices","status":404,"duration_ms":546,"error":"Not Found"}
{"time":"2026-02-15T20:31:18.116762Z","level":"warn","request_id":"7de6afe9-ce28-45ad-9c3b-5f71cc7ebcd9","cluster_id":"4428989a-081b-4c06-8d59-21dfa85588fa","method":"GET","path":"/api/v1/clusters/4428989a-081b-4c06-8d59-21dfa85588fa/resources/ipaddresspools","status":404,"duration_ms":738,"error":"Not Found"}
{"time":"2026-02-15T20:31:18.317173Z","level":"warn","request_id":"9427f739-962b-4017-8834-948e588bf285","cluster_id":"4428989a-081b-4c06-8d59-21dfa85588fa","method":"GET","path":"/api/v1/clusters/4428989a-081b-4c06-8d59-21dfa85588fa/resources/deviceclasses","status":404,"duration_ms":939,"error":"Not Found"}
I0216 02:01:18.513510   30499 request.go:697] Waited for 1.106143333s due to client-side throttling, not priority and fairness, request: GET:https://127.0.0.1:51428/apis/metallb.io/v1beta2/bgppeers?limit=5000
{"time":"2026-02-15T20:31:18.518425Z","level":"warn","request_id":"8503174f-794b-411b-a2a2-1a7450436c83","cluster_id":"4428989a-081b-4c06-8d59-21dfa85588fa","method":"GET","path":"/api/v1/clusters/4428989a-081b-4c06-8d59-21dfa85588fa/resources/bgppeers","status":404,"duration_ms":1111,"error":"Not Found"}
{"time":"2026-02-15T20:31:18.723198Z","level":"info","request_id":"ad303968-9778-482e-aad6-c9b6abe10bc0","cluster_id":"4428989a-081b-4c06-8d59-21dfa85588fa","method":"GET","path":"/api/v1/clusters/4428989a-081b-4c06-8d59-21dfa85588fa/resources/configmaps","status":200,"duration_ms":1202}
{"time":"2026-02-15T20:31:18.919378Z","level":"info","request_id":"373ff967-19f9-45e3-ad5c-1feb7fe8a43f","cluster_id":"4428989a-081b-4c06-8d59-21dfa85588fa","method":"GET","path":"/api/v1/clusters/4428989a-081b-4c06-8d59-21dfa85588fa/resources/secrets","status":200,"duration_ms":1199}
{"time":"2026-02-15T20:31:19.117415Z","level":"info","request_id":"483e9541-dc5e-4582-a522-ad2d3c99df17","cluster_id":"4428989a-081b-4c06-8d59-21dfa85588fa","method":"GET","path":"/api/v1/clusters/4428989a-081b-4c06-8d59-21dfa85588fa/resources/ingresses","status":200,"duration_ms":1197}
{"time":"2026-02-15T20:31:19.319245Z","level":"info","request_id":"ca3af551-f173-4830-ad41-e0bbeb5aa772","cluster_id":"4428989a-081b-4c06-8d59-21dfa85588fa","method":"GET","path":"/api/v1/clusters/4428989a-081b-4c06-8d59-21dfa85588fa/resources/ingressclasses","status":200,"duration_ms":1200}
{"time":"2026-02-15T20:31:19.51948Z","level":"info","request_id":"e8a3a834-d466-4074-aba9-89cfaa0ea91e","cluster_id":"4428989a-081b-4c06-8d59-21dfa85588fa","method":"GET","path":"/api/v1/clusters/4428989a-081b-4c06-8d59-21dfa85588fa/resources/endpoints","status":200,"duration_ms":1200}
{"time":"2026-02-15T20:31:19.721811Z","level":"info","request_id":"1d5983aa-260e-4a1d-8d24-a4e32e51780a","cluster_id":"4428989a-081b-4c06-8d59-21dfa85588fa","method":"GET","path":"/api/v1/clusters/4428989a-081b-4c06-8d59-21dfa85588fa/resources/endpointslices","status":200,"duration_ms":1200}
{"time":"2026-02-15T20:31:19.918526Z","level":"info","request_id":"620c053d-b142-422f-90a0-a96123e2ecc9","cluster_id":"4428989a-081b-4c06-8d59-21dfa85588fa","method":"GET","path":"/api/v1/clusters/4428989a-081b-4c06-8d59-21dfa85588fa/resources/networkpolicies","status":200,"duration_ms":1193}
{"time":"2026-02-15T20:31:20.11852Z","level":"info","request_id":"ad6ecd47-cb88-40ed-9cc9-5b2d91e1bdf6","cluster_id":"4428989a-081b-4c06-8d59-21dfa85588fa","method":"GET","path":"/api/v1/clusters/4428989a-081b-4c06-8d59-21dfa85588fa/resources/persistentvolumes","status":200,"duration_ms":1197}
{"time":"2026-02-15T20:31:20.367954Z","level":"info","request_id":"349eba62-0512-4e59-b424-ccb7cbb42676","cluster_id":"4428989a-081b-4c06-8d59-21dfa85588fa","method":"GET","path":"/api/v1/clusters/4428989a-081b-4c06-8d59-21dfa85588fa/resources/persistentvolumeclaims","status":200,"duration_ms":1248}
{"time":"2026-02-15T20:31:20.974384Z","level":"warn","request_id":"c245943f-e2cf-45b4-9446-f69c2e5cf4b5","cluster_id":"4428989a-081b-4c06-8d59-21dfa85588fa","method":"GET","path":"/api/v1/clusters/4428989a-081b-4c06-8d59-21dfa85588fa/resources/volumesnapshots","status":404,"duration_ms":1250,"error":"Not Found"}
{"time":"2026-02-15T20:31:21.058237Z","level":"info","request_id":"9c2d0151-9916-4810-b85f-d7ba1458d676","cluster_id":"4428989a-081b-4c06-8d59-21dfa85588fa","method":"GET","path":"/api/v1/clusters/4428989a-081b-4c06-8d59-21dfa85588fa/resources/storageclasses","status":200,"duration_ms":1737}
{"time":"2026-02-15T20:31:21.058311Z","level":"info","request_id":"479fdc98-0d58-4d85-9b14-89d609281c5a","cluster_id":"4428989a-081b-4c06-8d59-21dfa85588fa","method":"GET","path":"/api/v1/clusters/4428989a-081b-4c06-8d59-21dfa85588fa/resources/volumeattachments","status":200,"duration_ms":1537}
{"time":"2026-02-15T20:31:21.119417Z","level":"warn","request_id":"7ee9bddd-d2ec-4190-a84b-74d4f0024ace","cluster_id":"4428989a-081b-4c06-8d59-21dfa85588fa","method":"GET","path":"/api/v1/clusters/4428989a-081b-4c06-8d59-21dfa85588fa/resources/volumesnapshotclasses","status":404,"duration_ms":1198,"error":"Not Found"}
{"time":"2026-02-15T20:31:21.314884Z","level":"warn","request_id":"9c68010b-68cb-4476-ac47-db8e7fad7f22","cluster_id":"4428989a-081b-4c06-8d59-21dfa85588fa","method":"GET","path":"/api/v1/clusters/4428989a-081b-4c06-8d59-21dfa85588fa/resources/volumesnapshotcontents","status":404,"duration_ms":1194,"error":"Not Found"}
{"time":"2026-02-15T20:31:21.522702Z","level":"info","request_id":"ccd6e15e-0c07-4c23-b2fb-3431d6d9e638","cluster_id":"4428989a-081b-4c06-8d59-21dfa85588fa","method":"GET","path":"/api/v1/clusters/4428989a-081b-4c06-8d59-21dfa85588fa/resources/apiservices","status":200,"duration_ms":1147}
{"time":"2026-02-15T20:31:21.717631Z","level":"info","request_id":"b2021ef8-ade5-4068-8177-e67269eac88d","cluster_id":"4428989a-081b-4c06-8d59-21dfa85588fa","method":"GET","path":"/api/v1/clusters/4428989a-081b-4c06-8d59-21dfa85588fa/resources/leases","status":200,"duration_ms":730}
{"time":"2026-02-15T20:31:21.922597Z","level":"info","request_id":"069d3aec-e9bc-4d0e-9adb-0f5f066ff405","cluster_id":"4428989a-081b-4c06-8d59-21dfa85588fa","method":"GET","path":"/api/v1/clusters/4428989a-081b-4c06-8d59-21dfa85588fa/resources/serviceaccounts","status":200,"duration_ms":858}
{"time":"2026-02-15T20:31:22.118989Z","level":"info","request_id":"eb3d5953-b965-4a85-b509-a7b074b99152","cluster_id":"4428989a-081b-4c06-8d59-21dfa85588fa","method":"GET","path":"/api/v1/clusters/4428989a-081b-4c06-8d59-21dfa85588fa/resources/roles","status":200,"duration_ms":1053}
{"time":"2026-02-15T20:31:22.325875Z","level":"info","request_id":"ee4bfdf4-7ed6-479b-9920-cfc2c0b76699","cluster_id":"4428989a-081b-4c06-8d59-21dfa85588fa","method":"GET","path":"/api/v1/clusters/4428989a-081b-4c06-8d59-21dfa85588fa/resources/clusterroles","status":200,"duration_ms":1202}
{"time":"2026-02-15T20:31:22.519032Z","level":"info","request_id":"c7455ffd-4fab-4147-964e-96adda11a79f","cluster_id":"4428989a-081b-4c06-8d59-21dfa85588fa","method":"GET","path":"/api/v1/clusters/4428989a-081b-4c06-8d59-21dfa85588fa/resources/rolebindings","status":200,"duration_ms":1202}
{"time":"2026-02-15T20:31:22.721026Z","level":"info","request_id":"47cbb998-675c-499a-8c64-fa56f1becc46","cluster_id":"4428989a-081b-4c06-8d59-21dfa85588fa","method":"GET","path":"/api/v1/clusters/4428989a-081b-4c06-8d59-21dfa85588fa/resources/clusterrolebindings","status":200,"duration_ms":1195}
{"time":"2026-02-15T20:31:22.916875Z","level":"info","request_id":"7033908d-9e1d-4dd8-a73e-ce7747c164bf","cluster_id":"4428989a-081b-4c06-8d59-21dfa85588fa","method":"GET","path":"/api/v1/clusters/4428989a-081b-4c06-8d59-21dfa85588fa/resources/priorityclasses","status":200,"duration_ms":1197}
2026/02/16 02:01:22 INFO metrics query cluster_id=4428989a-081b-4c06-8d59-21dfa85588fa namespace=blue-green-demo resource_type=pod resource_name=blue-deployment-697fb9fcd5-74hbp query_ms=0 cache_hit=true error_code="" error=""
{"time":"2026-02-15T20:31:22.941784Z","level":"info","request_id":"b5e8ed40-a393-49cf-b995-b6da7b519d8f","cluster_id":"4428989a-081b-4c06-8d59-21dfa85588fa","method":"GET","path":"/api/v1/clusters/4428989a-081b-4c06-8d59-21dfa85588fa/metrics/summary","status":200}
{"time":"2026-02-15T20:31:23.12133Z","level":"info","request_id":"a40f0f0f-ec92-4668-9e03-e7bbdfe619ca","cluster_id":"4428989a-081b-4c06-8d59-21dfa85588fa","method":"GET","path":"/api/v1/clusters/4428989a-081b-4c06-8d59-21dfa85588fa/resources/resourcequotas","status":200,"duration_ms":1191}
{"time":"2026-02-15T20:31:23.319571Z","level":"info","request_id":"860538bf-1897-4a43-89e0-b2946012aa5e","cluster_id":"4428989a-081b-4c06-8d59-21dfa85588fa","method":"GET","path":"/api/v1/clusters/4428989a-081b-4c06-8d59-21dfa85588fa/resources/limitranges","status":200,"duration_ms":1197}
{"time":"2026-02-15T20:31:23.520559Z","level":"info","request_id":"d409d6f7-3a4f-4994-b0dc-cf857fd26dce","cluster_id":"4428989a-081b-4c06-8d59-21dfa85588fa","method":"GET","path":"/api/v1/clusters/4428989a-081b-4c06-8d59-21dfa85588fa/resources/horizontalpodautoscalers","status":200,"duration_ms":1189}
{"time":"2026-02-15T20:31:23.722921Z","level":"info","request_id":"edd2d12f-9587-4253-b0b5-71fd2285d5b7","cluster_id":"4428989a-081b-4c06-8d59-21dfa85588fa","method":"GET","path":"/api/v1/clusters/4428989a-081b-4c06-8d59-21dfa85588fa/resources/verticalpodautoscalers","status":200,"duration_ms":1201}
{"time":"2026-02-15T20:31:23.732363Z","level":"info","request_id":"1c5fc902-f28b-4ff6-b796-cbe05b2b4fd6","method":"GET","path":"/health","status":200}
{"time":"2026-02-15T20:31:23.917813Z","level":"info","request_id":"cdec51e7-2ce7-4f84-b1ca-0bdad56df290","cluster_id":"4428989a-081b-4c06-8d59-21dfa85588fa","method":"GET","path":"/api/v1/clusters/4428989a-081b-4c06-8d59-21dfa85588fa/resources/poddisruptionbudgets","status":200,"duration_ms":1194}
{"time":"2026-02-15T20:31:24.122305Z","level":"info","request_id":"2a486f8d-d940-4598-969e-8dc4f72393bf","cluster_id":"4428989a-081b-4c06-8d59-21dfa85588fa","method":"GET","path":"/api/v1/clusters/4428989a-081b-4c06-8d59-21dfa85588fa/resources/customresourcedefinitions","status":200,"duration_ms":1203}
{"time":"2026-02-15T20:31:24.322597Z","level":"info","request_id":"6c814b31-5245-48ef-8a3c-0c037882fa5b","cluster_id":"4428989a-081b-4c06-8d59-21dfa85588fa","method":"GET","path":"/api/v1/clusters/4428989a-081b-4c06-8d59-21dfa85588fa/resources/mutatingwebhookconfigurations","status":200,"duration_ms":1198}
{"time":"2026-02-15T20:31:24.518864Z","level":"info","request_id":"3430978f-0179-438c-adf6-e2f648c336a4","cluster_id":"4428989a-081b-4c06-8d59-21dfa85588fa","method":"GET","path":"/api/v1/clusters/4428989a-081b-4c06-8d59-21dfa85588fa/resources/validatingwebhookconfigurations","status":200,"duration_ms":1197}
{"time":"2026-02-15T20:31:24.555634Z","level":"info","request_id":"97806b0d-870d-466b-be2d-b3c56c423289","cluster_id":"4428989a-081b-4c06-8d59-21dfa85588fa","method":"GET","path":"/api/v1/clusters/4428989a-081b-4c06-8d59-21dfa85588fa/events","status":200,"duration_ms":429}
{"time":"2026-02-15T20:31:24.717765Z","level":"info","request_id":"5a05ea2c-5982-4835-808f-08457225828d","cluster_id":"4428989a-081b-4c06-8d59-21dfa85588fa","method":"GET","path":"/api/v1/clusters/4428989a-081b-4c06-8d59-21dfa85588fa/features/metallb","status":200,"duration_ms":1195}
{"time":"2026-02-15T20:31:24.92787Z","level":"info","request_id":"418c2e71-4ff2-4187-bd46-350a227d8d8e","cluster_id":"4428989a-081b-4c06-8d59-21dfa85588fa","method":"GET","path":"/api/v1/clusters/4428989a-081b-4c06-8d59-21dfa85588fa/resources/nodes","status":200,"duration_ms":602}
2026/02/16 02:01:25 Interceptor: Incoming shell stream request: GET /api/v1/clusters/4428989a-081b-4c06-8d59-21dfa85588fa/shell/stream
2026/02/16 02:01:25 Terminal: Incoming request for cluster 4428989a-081b-4c06-8d59-21dfa85588fa
{"time":"2026-02-15T20:31:25.987946Z","level":"info","request_id":"d1300327-93c8-4d99-94bc-ce9b78cf76c2","cluster_id":"4428989a-081b-4c06-8d59-21dfa85588fa","method":"GET","path":"/api/v1/clusters/4428989a-081b-4c06-8d59-21dfa85588fa/summary","status":200,"duration_ms":2066}
2026/02/16 02:01:27 Terminal: Found cluster 4428989a-081b-4c06-8d59-21dfa85588fa (name: docker-desktop, kubeconfig: /Users/koti/.kube/config)
2026/02/16 02:01:27 Terminal: WebSocket upgraded for 4428989a-081b-4c06-8d59-21dfa85588fa
{"time":"2026-02-15T20:31:32.148456Z","level":"info","request_id":"2182fdfe-e4d3-42dc-99b9-8369248af35b","cluster_id":"4428989a-081b-4c06-8d59-21dfa85588fa","method":"GET","path":"/api/v1/clusters/4428989a-081b-4c06-8d59-21dfa85588fa/overview","status":200,"duration_ms":8412}
{"time":"2026-02-15T20:31:33.558848Z","level":"info","request_id":"b66292dd-2608-4969-9166-e1a4738ccbfd","cluster_id":"4428989a-081b-4c06-8d59-21dfa85588fa","method":"GET","path":"/api/v1/clusters/4428989a-081b-4c06-8d59-21dfa85588fa/events","status":200,"duration_ms":9035}
2026/02/16 02:01:37 INFO metrics query cluster_id=4428989a-081b-4c06-8d59-21dfa85588fa namespace=blue-green-demo resource_type=pod resource_name=blue-deployment-697fb9fcd5-74hbp query_ms=23 cache_hit=false error_code="" error=""
{"time":"2026-02-15T20:31:37.986193Z","level":"info","request_id":"bf4ed04f-e5a7-4fc3-8a8d-035f95274dcf","cluster_id":"4428989a-081b-4c06-8d59-21dfa85588fa","method":"GET","path":"/api/v1/clusters/4428989a-081b-4c06-8d59-21dfa85588fa/metrics/summary","status":200,"duration_ms":23}
{"time":"2026-02-15T20:31:45.891077Z","level":"info","request_id":"7df10f76-756d-45b5-8ab3-ed8882d3baa9","cluster_id":"4428989a-081b-4c06-8d59-21dfa85588fa","method":"GET","path":"/api/v1/clusters/4428989a-081b-4c06-8d59-21dfa85588fa/resources/namespaces","status":200,"duration_ms":325}
{"time":"2026-02-15T20:31:45.937165Z","level":"info","request_id":"0c4b0a37-9617-4337-8eb8-e40ecd5f17c9","cluster_id":"4428989a-081b-4c06-8d59-21dfa85588fa","method":"GET","path":"/api/v1/clusters/4428989a-081b-4c06-8d59-21dfa85588fa/resources/daemonsets","status":200,"duration_ms":214}
{"time":"2026-02-15T20:31:45.939409Z","level":"info","request_id":"b1e1063a-1600-4854-a77c-98e4e605b9c9","cluster_id":"4428989a-081b-4c06-8d59-21dfa85588fa","method":"GET","path":"/api/v1/clusters/4428989a-081b-4c06-8d59-21dfa85588fa/resources/nodes","status":200,"duration_ms":216}
{"time":"2026-02-15T20:31:46.033755Z","level":"info","request_id":"3578d0d3-1cb5-4345-abfa-decfed435530","cluster_id":"4428989a-081b-4c06-8d59-21dfa85588fa","method":"GET","path":"/api/v1/clusters/4428989a-081b-4c06-8d59-21dfa85588fa/resources/replicasets","status":200,"duration_ms":479}
{"time":"2026-02-15T20:31:46.073936Z","level":"info","request_id":"e46b1680-6066-4fd6-bc2e-0c2e12162d5d","cluster_id":"4428989a-081b-4c06-8d59-21dfa85588fa","method":"GET","path":"/api/v1/clusters/4428989a-081b-4c06-8d59-21dfa85588fa/resources/statefulsets","status":200,"duration_ms":364}
{"time":"2026-02-15T20:31:46.086006Z","level":"info","request_id":"4c5bc457-4bd7-46be-9d28-b29fbc990f55","cluster_id":"4428989a-081b-4c06-8d59-21dfa85588fa","method":"GET","path":"/api/v1/clusters/4428989a-081b-4c06-8d59-21dfa85588fa/resources/deployments","status":200,"duration_ms":445}
{"time":"2026-02-15T20:31:46.124904Z","level":"warn","request_id":"2249d042-cb97-4e78-af9e-6d500bfbc031","cluster_id":"4428989a-081b-4c06-8d59-21dfa85588fa","method":"GET","path":"/api/v1/clusters/4428989a-081b-4c06-8d59-21dfa85588fa/resources/resourceslices","status":404,"duration_ms":42,"error":"Not Found"}
{"time":"2026-02-15T20:31:46.134484Z","level":"info","request_id":"1b574eaf-85e1-4e43-a2d4-c32ad20389cb","cluster_id":"4428989a-081b-4c06-8d59-21dfa85588fa","method":"GET","path":"/api/v1/clusters/4428989a-081b-4c06-8d59-21dfa85588fa/resources/controllerrevisions","status":200,"duration_ms":92}
{"time":"2026-02-15T20:31:46.139916Z","level":"info","request_id":"abb46642-0f66-4255-9f79-2b8175fea94e","cluster_id":"4428989a-081b-4c06-8d59-21dfa85588fa","method":"GET","path":"/api/v1/clusters/4428989a-081b-4c06-8d59-21dfa85588fa/resources/podtemplates","status":200,"duration_ms":197}
{"time":"2026-02-15T20:31:46.183705Z","level":"warn","request_id":"9d08c770-347e-4d9c-9fb3-ff448da6ed85","cluster_id":"4428989a-081b-4c06-8d59-21dfa85588fa","method":"GET","path":"/api/v1/clusters/4428989a-081b-4c06-8d59-21dfa85588fa/resources/deviceclasses","status":404,"duration_ms":49,"error":"Not Found"}
{"time":"2026-02-15T20:31:46.187405Z","level":"info","request_id":"ed3e3bbf-33de-4295-82cd-c7ffd30cb728","cluster_id":"4428989a-081b-4c06-8d59-21dfa85588fa","method":"GET","path":"/api/v1/clusters/4428989a-081b-4c06-8d59-21dfa85588fa/resources/cronjobs","status":200,"duration_ms":235}
{"time":"2026-02-15T20:31:46.18809Z","level":"info","request_id":"45f49bea-5fb1-452c-a415-cbb074f7c670","cluster_id":"4428989a-081b-4c06-8d59-21dfa85588fa","method":"GET","path":"/api/v1/clusters/4428989a-081b-4c06-8d59-21dfa85588fa/resources/services","status":200,"duration_ms":272}
{"time":"2026-02-15T20:31:46.225373Z","level":"info","request_id":"c1c68ab3-1277-4eda-a02f-3c970698a698","cluster_id":"4428989a-081b-4c06-8d59-21dfa85588fa","method":"GET","path":"/api/v1/clusters/4428989a-081b-4c06-8d59-21dfa85588fa/resources/jobs","status":200,"duration_ms":134}
{"time":"2026-02-15T20:31:46.358381Z","level":"warn","request_id":"a46e5a49-1c4a-408c-9f87-59ec3ea26300","cluster_id":"4428989a-081b-4c06-8d59-21dfa85588fa","method":"GET","path":"/api/v1/clusters/4428989a-081b-4c06-8d59-21dfa85588fa/resources/ipaddresspools","status":404,"duration_ms":220,"error":"Not Found"}
{"time":"2026-02-15T20:31:46.587447Z","level":"warn","request_id":"b0ff61bf-89e0-455b-9f14-06d7fe0a312b","cluster_id":"4428989a-081b-4c06-8d59-21dfa85588fa","method":"GET","path":"/api/v1/clusters/4428989a-081b-4c06-8d59-21dfa85588fa/resources/bgppeers","status":404,"duration_ms":438,"error":"Not Found"}
{"time":"2026-02-15T20:31:46.882123Z","level":"info","request_id":"dd6990f7-cc78-4021-ab54-a45171f8f20c","cluster_id":"4428989a-081b-4c06-8d59-21dfa85588fa","method":"GET","path":"/api/v1/clusters/4428989a-081b-4c06-8d59-21dfa85588fa/resources/configmaps","status":200,"duration_ms":692}
{"time":"2026-02-15T20:31:47.099297Z","level":"info","request_id":"da809c31-4b36-415c-af91-ce37b90178e5","cluster_id":"4428989a-081b-4c06-8d59-21dfa85588fa","method":"GET","path":"/api/v1/clusters/4428989a-081b-4c06-8d59-21dfa85588fa/resources/secrets","status":200,"duration_ms":899}
{"time":"2026-02-15T20:31:47.173665Z","level":"info","request_id":"7bcc4b10-a7c6-4b66-a7b1-0ba195743501","cluster_id":"4428989a-081b-4c06-8d59-21dfa85588fa","method":"GET","path":"/api/v1/clusters/4428989a-081b-4c06-8d59-21dfa85588fa/resources/ingresses","status":200,"duration_ms":973}
I0216 02:01:47.355432   30499 request.go:697] Waited for 1.122121667s due to client-side throttling, not priority and fairness, request: GET:https://127.0.0.1:51428/apis/networking.k8s.io/v1/ingressclasses?limit=5000
{"time":"2026-02-15T20:31:47.372127Z","level":"info","request_id":"4906d587-28e2-4c6a-881f-549ecf25281e","cluster_id":"4428989a-081b-4c06-8d59-21dfa85588fa","method":"GET","path":"/api/v1/clusters/4428989a-081b-4c06-8d59-21dfa85588fa/resources/ingressclasses","status":200,"duration_ms":1138}
{"time":"2026-02-15T20:31:47.575077Z","level":"info","request_id":"e4d4bc46-6ebb-41c7-8efe-4413ae10ca87","cluster_id":"4428989a-081b-4c06-8d59-21dfa85588fa","method":"GET","path":"/api/v1/clusters/4428989a-081b-4c06-8d59-21dfa85588fa/resources/networkpolicies","status":200,"duration_ms":1210}
{"time":"2026-02-15T20:31:47.770062Z","level":"info","request_id":"7ecc7862-f07d-489e-a032-6b236f2703de","cluster_id":"4428989a-081b-4c06-8d59-21dfa85588fa","method":"GET","path":"/api/v1/clusters/4428989a-081b-4c06-8d59-21dfa85588fa/resources/endpointslices","status":200,"duration_ms":1164}
{"time":"2026-02-15T20:31:47.967292Z","level":"info","request_id":"015e8814-20b4-4ef1-bf42-d3d2a49e57ad","cluster_id":"4428989a-081b-4c06-8d59-21dfa85588fa","method":"GET","path":"/api/v1/clusters/4428989a-081b-4c06-8d59-21dfa85588fa/resources/endpoints","status":200,"duration_ms":1080}
{"time":"2026-02-15T20:31:48.170221Z","level":"info","request_id":"345ace27-d825-44b9-997d-3cab9c04dfc7","cluster_id":"4428989a-081b-4c06-8d59-21dfa85588fa","method":"GET","path":"/api/v1/clusters/4428989a-081b-4c06-8d59-21dfa85588fa/resources/persistentvolumes","status":200,"duration_ms":1053}
{"time":"2026-02-15T20:31:48.361234Z","level":"info","request_id":"bcf763b7-4f50-4987-83a3-99fe8cfd109c","cluster_id":"4428989a-081b-4c06-8d59-21dfa85588fa","method":"GET","path":"/api/v1/clusters/4428989a-081b-4c06-8d59-21dfa85588fa/resources/persistentvolumeclaims","status":200,"duration_ms":1179}
{"time":"2026-02-15T20:31:48.563597Z","level":"info","request_id":"45794d80-314a-4227-97cc-a2d121b58496","cluster_id":"4428989a-081b-4c06-8d59-21dfa85588fa","method":"GET","path":"/api/v1/clusters/4428989a-081b-4c06-8d59-21dfa85588fa/resources/storageclasses","status":200,"duration_ms":1181}
{"time":"2026-02-15T20:31:48.949688Z","level":"info","request_id":"dab98637-a798-47b6-bf15-0984ad19952a","cluster_id":"4428989a-081b-4c06-8d59-21dfa85588fa","method":"GET","path":"/api/v1/clusters/4428989a-081b-4c06-8d59-21dfa85588fa/resources/pods","status":200,"duration_ms":1480}
{"time":"2026-02-15T20:31:48.967074Z","level":"info","request_id":"0676ef68-9ac8-4670-8247-64ab25f1301a","cluster_id":"4428989a-081b-4c06-8d59-21dfa85588fa","method":"GET","path":"/api/v1/clusters/4428989a-081b-4c06-8d59-21dfa85588fa/resources/volumeattachments","status":200,"duration_ms":1383}
{"time":"2026-02-15T20:31:49.164145Z","level":"warn","request_id":"96f0fdc0-8b83-4f0a-9234-aba612a34260","cluster_id":"4428989a-081b-4c06-8d59-21dfa85588fa","method":"GET","path":"/api/v1/clusters/4428989a-081b-4c06-8d59-21dfa85588fa/resources/volumesnapshots","status":404,"duration_ms":1389,"error":"Not Found"}
{"time":"2026-02-15T20:31:49.364582Z","level":"info","request_id":"42edbe9b-9fdb-492b-ba66-78f7fa9aea3e","cluster_id":"4428989a-081b-4c06-8d59-21dfa85588fa","method":"GET","path":"/api/v1/clusters/4428989a-081b-4c06-8d59-21dfa85588fa/resources/apiservices","status":200,"duration_ms":1393}
{"time":"2026-02-15T20:31:49.557206Z","level":"warn","request_id":"871e1077-4bb9-4039-855b-f8e40c71e8e7","cluster_id":"4428989a-081b-4c06-8d59-21dfa85588fa","method":"GET","path":"/api/v1/clusters/4428989a-081b-4c06-8d59-21dfa85588fa/resources/volumesnapshotcontents","status":404,"duration_ms":1383,"error":"Not Found"}
{"time":"2026-02-15T20:31:49.758464Z","level":"warn","request_id":"7e31c872-eb1d-4bb1-9773-740d67be0302","cluster_id":"4428989a-081b-4c06-8d59-21dfa85588fa","method":"GET","path":"/api/v1/clusters/4428989a-081b-4c06-8d59-21dfa85588fa/resources/volumesnapshotclasses","status":404,"duration_ms":1392,"error":"Not Found"}
{"time":"2026-02-15T20:31:49.965393Z","level":"info","request_id":"4bbe966e-f630-46ec-b6f6-e5043f18d7d3","cluster_id":"4428989a-081b-4c06-8d59-21dfa85588fa","method":"GET","path":"/api/v1/clusters/4428989a-081b-4c06-8d59-21dfa85588fa/resources/leases","status":200,"duration_ms":1398}
{"time":"2026-02-15T20:31:50.165323Z","level":"info","request_id":"281a32fe-0ba4-4bd9-8f66-128e275973e7","cluster_id":"4428989a-081b-4c06-8d59-21dfa85588fa","method":"GET","path":"/api/v1/clusters/4428989a-081b-4c06-8d59-21dfa85588fa/resources/serviceaccounts","status":200,"duration_ms":1195}
{"time":"2026-02-15T20:31:50.366316Z","level":"info","request_id":"ff7c2e06-ccbb-4004-b2be-0eb444844bf4","cluster_id":"4428989a-081b-4c06-8d59-21dfa85588fa","method":"GET","path":"/api/v1/clusters/4428989a-081b-4c06-8d59-21dfa85588fa/resources/roles","status":200,"duration_ms":1198}
{"time":"2026-02-15T20:31:50.570461Z","level":"info","request_id":"c93cbb5e-eab5-4ba1-9820-f8623aaa274b","cluster_id":"4428989a-081b-4c06-8d59-21dfa85588fa","method":"GET","path":"/api/v1/clusters/4428989a-081b-4c06-8d59-21dfa85588fa/resources/clusterroles","status":200,"duration_ms":1202}
{"time":"2026-02-15T20:31:50.762749Z","level":"info","request_id":"72a1344a-c7f4-4788-896e-ceca03f90414","cluster_id":"4428989a-081b-4c06-8d59-21dfa85588fa","method":"GET","path":"/api/v1/clusters/4428989a-081b-4c06-8d59-21dfa85588fa/resources/rolebindings","status":200,"duration_ms":1200}
{"time":"2026-02-15T20:31:51.821448Z","level":"info","request_id":"1142325d-fd4e-48ca-87f8-bde5126a85a6","cluster_id":"4428989a-081b-4c06-8d59-21dfa85588fa","method":"GET","path":"/api/v1/clusters/4428989a-081b-4c06-8d59-21dfa85588fa/resources/priorityclasses","status":200,"duration_ms":1853}
{"time":"2026-02-15T20:31:51.904163Z","level":"info","request_id":"442fa9b2-484f-4db1-86c4-51d929387038","cluster_id":"4428989a-081b-4c06-8d59-21dfa85588fa","method":"GET","path":"/api/v1/clusters/4428989a-081b-4c06-8d59-21dfa85588fa/resources/resourcequotas","status":200,"duration_ms":1736}
{"time":"2026-02-15T20:31:51.921192Z","level":"info","request_id":"4b79379d-9613-4982-979f-22586ed65b16","cluster_id":"4428989a-081b-4c06-8d59-21dfa85588fa","method":"GET","path":"/api/v1/clusters/4428989a-081b-4c06-8d59-21dfa85588fa/resources/clusterrolebindings","status":200,"duration_ms":2156}
{"time":"2026-02-15T20:31:51.964241Z","level":"info","request_id":"aa64a290-9dbd-42c6-b956-6aa3afd14cc8","cluster_id":"4428989a-081b-4c06-8d59-21dfa85588fa","method":"GET","path":"/api/v1/clusters/4428989a-081b-4c06-8d59-21dfa85588fa/resources/horizontalpodautoscalers","status":200,"duration_ms":1390}
{"time":"2026-02-15T20:31:52.014581Z","level":"info","request_id":"6f2843fd-f293-4754-8627-96c6c1f1c425","cluster_id":"4428989a-081b-4c06-8d59-21dfa85588fa","method":"GET","path":"/api/v1/clusters/4428989a-081b-4c06-8d59-21dfa85588fa/resources/limitranges","status":200,"duration_ms":1644}
{"time":"2026-02-15T20:31:52.125874Z","level":"info","request_id":"ff7023d6-3b7d-455d-a1c8-dc51401b3fda","cluster_id":"4428989a-081b-4c06-8d59-21dfa85588fa","method":"GET","path":"/api/v1/clusters/4428989a-081b-4c06-8d59-21dfa85588fa/resources/poddisruptionbudgets","status":200,"duration_ms":1359}
{"time":"2026-02-15T20:31:52.197453Z","level":"info","request_id":"adabab31-dfc9-452a-9ade-ed1cec9728d2","cluster_id":"4428989a-081b-4c06-8d59-21dfa85588fa","method":"GET","path":"/api/v1/clusters/4428989a-081b-4c06-8d59-21dfa85588fa/resources/customresourcedefinitions","status":200,"duration_ms":344}
{"time":"2026-02-15T20:31:52.424975Z","level":"info","request_id":"1c84ddc9-a8bc-47b5-8588-4ba4830c4f2a","cluster_id":"4428989a-081b-4c06-8d59-21dfa85588fa","method":"GET","path":"/api/v1/clusters/4428989a-081b-4c06-8d59-21dfa85588fa/resources/mutatingwebhookconfigurations","status":200,"duration_ms":516}
{"time":"2026-02-15T20:31:52.605276Z","level":"info","request_id":"5d90762d-69ef-4b48-8511-6c90054e61ad","cluster_id":"4428989a-081b-4c06-8d59-21dfa85588fa","method":"GET","path":"/api/v1/clusters/4428989a-081b-4c06-8d59-21dfa85588fa/resources/validatingwebhookconfigurations","status":200,"duration_ms":674}
{"time":"2026-02-15T20:31:52.804535Z","level":"info","request_id":"d9c8542e-1fbd-4f0e-8933-a90857b56c5c","cluster_id":"4428989a-081b-4c06-8d59-21dfa85588fa","method":"GET","path":"/api/v1/clusters/4428989a-081b-4c06-8d59-21dfa85588fa/resources/verticalpodautoscalers","status":200,"duration_ms":831}
2026/02/16 02:01:53 INFO metrics query cluster_id=4428989a-081b-4c06-8d59-21dfa85588fa namespace=blue-green-demo resource_type=pod resource_name=blue-deployment-697fb9fcd5-74hbp query_ms=0 cache_hit=true error_code="" error=""
{"time":"2026-02-15T20:31:53.008596Z","level":"info","request_id":"5eb68453-dc7c-40ca-ae5a-df9144ceb1b8","cluster_id":"4428989a-081b-4c06-8d59-21dfa85588fa","method":"GET","path":"/api/v1/clusters/4428989a-081b-4c06-8d59-21dfa85588fa/metrics/summary","status":200}
{"time":"2026-02-15T20:31:53.303385Z","level":"info","request_id":"1f776da6-1f6a-41fd-8abe-e4582abf47b4","cluster_id":"4428989a-081b-4c06-8d59-21dfa85588fa","method":"GET","path":"/api/v1/clusters/4428989a-081b-4c06-8d59-21dfa85588fa/resources/pods","status":200,"duration_ms":1280}
{"time":"2026-02-15T20:32:05.992369Z","level":"info","request_id":"5511208f-7bc5-4db0-a211-03d5ad6347d4","cluster_id":"4428989a-081b-4c06-8d59-21dfa85588fa","method":"GET","path":"/api/v1/clusters/4428989a-081b-4c06-8d59-21dfa85588fa/overview","status":200,"duration_ms":3820}
2026/02/16 02:02:08 INFO metrics query cluster_id=4428989a-081b-4c06-8d59-21dfa85588fa namespace=blue-green-demo resource_type=pod resource_name=blue-deployment-697fb9fcd5-74hbp query_ms=9 cache_hit=false error_code="" error=""
{"time":"2026-02-15T20:32:08.039584Z","level":"info","request_id":"7bf3e2e7-4bf0-46ad-bc30-7159904d00b2","cluster_id":"4428989a-081b-4c06-8d59-21dfa85588fa","method":"GET","path":"/api/v1/clusters/4428989a-081b-4c06-8d59-21dfa85588fa/metrics/summary","status":200,"duration_ms":9}
{"time":"2026-02-15T20:32:17.505414Z","level":"info","request_id":"0c387be1-a6e0-4352-8cab-95c3b9bfb701","cluster_id":"4428989a-081b-4c06-8d59-21dfa85588fa","method":"GET","path":"/api/v1/clusters/4428989a-081b-4c06-8d59-21dfa85588fa/resources/namespaces","status":200,"duration_ms":72}
{"time":"2026-02-15T20:32:17.50561Z","level":"info","request_id":"ac509545-0800-4ae7-a6be-ad6696653848","cluster_id":"4428989a-081b-4c06-8d59-21dfa85588fa","method":"GET","path":"/api/v1/clusters/4428989a-081b-4c06-8d59-21dfa85588fa/resources/nodes","status":200,"duration_ms":74}
{"time":"2026-02-15T20:32:17.506339Z","level":"info","request_id":"0ec52b6d-2cd1-4da7-9af5-53b211b4815b","cluster_id":"4428989a-081b-4c06-8d59-21dfa85588fa","method":"GET","path":"/api/v1/clusters/4428989a-081b-4c06-8d59-21dfa85588fa/resources/statefulsets","status":200,"duration_ms":72}
{"time":"2026-02-15T20:32:17.508255Z","level":"info","request_id":"df4a2561-c3d0-4259-83f1-f7d203789620","cluster_id":"4428989a-081b-4c06-8d59-21dfa85588fa","method":"GET","path":"/api/v1/clusters/4428989a-081b-4c06-8d59-21dfa85588fa/resources/services","status":200,"duration_ms":76}
{"time":"2026-02-15T20:32:17.519662Z","level":"info","request_id":"14b845df-4dcd-44c5-b9e2-15358b521e71","cluster_id":"4428989a-081b-4c06-8d59-21dfa85588fa","method":"GET","path":"/api/v1/clusters/4428989a-081b-4c06-8d59-21dfa85588fa/resources/deployments","status":200,"duration_ms":84}
{"time":"2026-02-15T20:32:17.575603Z","level":"info","request_id":"43ebc49d-dbd2-4d3c-9ce8-23b814ff3378","cluster_id":"4428989a-081b-4c06-8d59-21dfa85588fa","method":"GET","path":"/api/v1/clusters/4428989a-081b-4c06-8d59-21dfa85588fa/resources/replicasets","status":200,"duration_ms":140}
{"time":"2026-02-15T20:32:17.600374Z","level":"info","request_id":"67567e4a-ca70-4df7-a2ff-56c3331481f2","cluster_id":"4428989a-081b-4c06-8d59-21dfa85588fa","method":"GET","path":"/api/v1/clusters/4428989a-081b-4c06-8d59-21dfa85588fa/resources/podtemplates","status":200,"duration_ms":80}
{"time":"2026-02-15T20:32:17.601147Z","level":"info","request_id":"cc6e2833-4ce2-41ff-b288-b74828e41df9","cluster_id":"4428989a-081b-4c06-8d59-21dfa85588fa","method":"GET","path":"/api/v1/clusters/4428989a-081b-4c06-8d59-21dfa85588fa/resources/daemonsets","status":200,"duration_ms":82}
{"time":"2026-02-15T20:32:17.685068Z","level":"info","request_id":"da6decbe-fc86-4f59-b17d-9fe9f8fd8ef4","cluster_id":"4428989a-081b-4c06-8d59-21dfa85588fa","method":"GET","path":"/api/v1/clusters/4428989a-081b-4c06-8d59-21dfa85588fa/resources/cronjobs","status":200,"duration_ms":111}
{"time":"2026-02-15T20:32:17.784795Z","level":"info","request_id":"45e2c0d6-2bda-4a2d-9d1b-2417604b07e1","cluster_id":"4428989a-081b-4c06-8d59-21dfa85588fa","method":"GET","path":"/api/v1/clusters/4428989a-081b-4c06-8d59-21dfa85588fa/resources/controllerrevisions","status":200,"duration_ms":52}
{"time":"2026-02-15T20:32:17.865496Z","level":"info","request_id":"681965b1-ffb2-4728-909e-d9f7e516200e","cluster_id":"4428989a-081b-4c06-8d59-21dfa85588fa","method":"GET","path":"/api/v1/clusters/4428989a-081b-4c06-8d59-21dfa85588fa/resources/jobs","status":200,"duration_ms":345}
{"time":"2026-02-15T20:32:17.92544Z","level":"warn","request_id":"1db944c5-f344-4c04-a6ab-c4d2f5d120f8","cluster_id":"4428989a-081b-4c06-8d59-21dfa85588fa","method":"GET","path":"/api/v1/clusters/4428989a-081b-4c06-8d59-21dfa85588fa/resources/resourceslices","status":404,"duration_ms":2,"error":"Not Found"}
{"time":"2026-02-15T20:32:18.124992Z","level":"warn","request_id":"aeb1c972-a3b4-4a39-92bf-13d1911c76a9","cluster_id":"4428989a-081b-4c06-8d59-21dfa85588fa","method":"GET","path":"/api/v1/clusters/4428989a-081b-4c06-8d59-21dfa85588fa/resources/ipaddresspools","status":404,"duration_ms":2,"error":"Not Found"}
{"time":"2026-02-15T20:32:18.32705Z","level":"warn","request_id":"4232898f-8770-4738-997b-bccf5351f3c3","cluster_id":"4428989a-081b-4c06-8d59-21dfa85588fa","method":"GET","path":"/api/v1/clusters/4428989a-081b-4c06-8d59-21dfa85588fa/resources/deviceclasses","status":404,"duration_ms":4,"error":"Not Found"}
{"time":"2026-02-15T20:32:18.552115Z","level":"warn","request_id":"40cbb7c0-bdc3-4b92-9f3d-cb5de51bbb49","cluster_id":"4428989a-081b-4c06-8d59-21dfa85588fa","method":"GET","path":"/api/v1/clusters/4428989a-081b-4c06-8d59-21dfa85588fa/resources/bgppeers","status":404,"duration_ms":5,"error":"Not Found"}
{"time":"2026-02-15T20:32:18.740154Z","level":"info","request_id":"5b6bfb7b-57d3-492d-8a42-8645e0a8f4c5","cluster_id":"4428989a-081b-4c06-8d59-21dfa85588fa","method":"GET","path":"/api/v1/clusters/4428989a-081b-4c06-8d59-21dfa85588fa/resources/configmaps","status":200,"duration_ms":9}
{"time":"2026-02-15T20:32:18.93447Z","level":"info","request_id":"158f1dc4-159b-4e98-a286-da5ec8a163f4","cluster_id":"4428989a-081b-4c06-8d59-21dfa85588fa","method":"GET","path":"/api/v1/clusters/4428989a-081b-4c06-8d59-21dfa85588fa/resources/secrets","status":200,"duration_ms":6}
{"time":"2026-02-15T20:32:19.08621Z","level":"info","request_id":"5dbb25d0-f2a5-458a-99b8-a7fc058c7ebd","cluster_id":"4428989a-081b-4c06-8d59-21dfa85588fa","method":"GET","path":"/api/v1/clusters/4428989a-081b-4c06-8d59-21dfa85588fa/resources/pods","status":200,"duration_ms":107}
{"time":"2026-02-15T20:32:19.237705Z","level":"info","request_id":"bc6c2304-d8ac-45f4-bd41-727bef724f3c","cluster_id":"4428989a-081b-4c06-8d59-21dfa85588fa","method":"GET","path":"/api/v1/clusters/4428989a-081b-4c06-8d59-21dfa85588fa/resources/ingresses","status":200,"duration_ms":115}
{"time":"2026-02-15T20:32:19.436098Z","level":"info","request_id":"bddb0bb0-f814-4eb4-aca4-4247c584b983","cluster_id":"4428989a-081b-4c06-8d59-21dfa85588fa","method":"GET","path":"/api/v1/clusters/4428989a-081b-4c06-8d59-21dfa85588fa/resources/ingressclasses","status":200,"duration_ms":107}
{"time":"2026-02-15T20:32:19.637536Z","level":"info","request_id":"adad9cc5-4d1f-4a6e-867a-69a938fce940","cluster_id":"4428989a-081b-4c06-8d59-21dfa85588fa","method":"GET","path":"/api/v1/clusters/4428989a-081b-4c06-8d59-21dfa85588fa/resources/endpoints","status":200,"duration_ms":111}
{"time":"2026-02-15T20:32:19.839673Z","level":"info","request_id":"9dcf7443-7b82-47e0-a28e-fcebc965b003","cluster_id":"4428989a-081b-4c06-8d59-21dfa85588fa","method":"GET","path":"/api/v1/clusters/4428989a-081b-4c06-8d59-21dfa85588fa/resources/endpointslices","status":200,"duration_ms":109}
{"time":"2026-02-15T20:32:20.039092Z","level":"info","request_id":"98b17cc5-1153-480e-8c50-a00e57742e62","cluster_id":"4428989a-081b-4c06-8d59-21dfa85588fa","method":"GET","path":"/api/v1/clusters/4428989a-081b-4c06-8d59-21dfa85588fa/resources/networkpolicies","status":200,"duration_ms":116}
{"time":"2026-02-15T20:32:20.237479Z","level":"info","request_id":"b47e7105-5550-4368-a12f-1d07d3222d0b","cluster_id":"4428989a-081b-4c06-8d59-21dfa85588fa","method":"GET","path":"/api/v1/clusters/4428989a-081b-4c06-8d59-21dfa85588fa/resources/persistentvolumes","status":200,"duration_ms":113}
{"time":"2026-02-15T20:32:20.435354Z","level":"info","request_id":"3a4ed09a-832e-4ed9-b7eb-112ad808af5f","cluster_id":"4428989a-081b-4c06-8d59-21dfa85588fa","method":"GET","path":"/api/v1/clusters/4428989a-081b-4c06-8d59-21dfa85588fa/resources/persistentvolumeclaims","status":200,"duration_ms":55}
{"time":"2026-02-15T20:32:20.991599Z","level":"warn","request_id":"33be02d3-d6bf-4315-8b77-9aa9a32b89a3","cluster_id":"4428989a-081b-4c06-8d59-21dfa85588fa","method":"GET","path":"/api/v1/clusters/4428989a-081b-4c06-8d59-21dfa85588fa/resources/volumesnapshots","status":404,"duration_ms":1,"error":"Not Found"}
{"time":"2026-02-15T20:32:21.073229Z","level":"info","request_id":"174b2eeb-0ed0-4792-87b3-ac39ec6711f0","cluster_id":"4428989a-081b-4c06-8d59-21dfa85588fa","method":"GET","path":"/api/v1/clusters/4428989a-081b-4c06-8d59-21dfa85588fa/resources/storageclasses","status":200,"duration_ms":4}
{"time":"2026-02-15T20:32:21.096119Z","level":"info","request_id":"328b117a-cf10-4c79-b346-cee6ff4797fb","cluster_id":"4428989a-081b-4c06-8d59-21dfa85588fa","method":"GET","path":"/api/v1/clusters/4428989a-081b-4c06-8d59-21dfa85588fa/resources/volumeattachments","status":200,"duration_ms":7}
{"time":"2026-02-15T20:32:21.233988Z","level":"warn","request_id":"d09559ff-dcc3-477d-9bce-18caf6120cdf","cluster_id":"4428989a-081b-4c06-8d59-21dfa85588fa","method":"GET","path":"/api/v1/clusters/4428989a-081b-4c06-8d59-21dfa85588fa/resources/volumesnapshotclasses","status":404,"duration_ms":107,"error":"Not Found"}
{"time":"2026-02-15T20:32:21.434667Z","level":"warn","request_id":"415679b6-558c-4b3c-8811-a48472e40943","cluster_id":"4428989a-081b-4c06-8d59-21dfa85588fa","method":"GET","path":"/api/v1/clusters/4428989a-081b-4c06-8d59-21dfa85588fa/resources/volumesnapshotcontents","status":404,"duration_ms":115,"error":"Not Found"}
{"time":"2026-02-15T20:32:21.643511Z","level":"info","request_id":"4e40f7b3-cde7-4d6a-a9a5-902ec077ff68","cluster_id":"4428989a-081b-4c06-8d59-21dfa85588fa","method":"GET","path":"/api/v1/clusters/4428989a-081b-4c06-8d59-21dfa85588fa/resources/apiservices","status":200,"duration_ms":112}
{"time":"2026-02-15T20:32:21.838557Z","level":"info","request_id":"42f40894-0ebd-4324-8f76-10dde08ef288","cluster_id":"4428989a-081b-4c06-8d59-21dfa85588fa","method":"GET","path":"/api/v1/clusters/4428989a-081b-4c06-8d59-21dfa85588fa/resources/leases","status":200,"duration_ms":114}
{"time":"2026-02-15T20:32:22.039218Z","level":"info","request_id":"b46df258-6f07-47d6-87be-ac58c0d0909f","cluster_id":"4428989a-081b-4c06-8d59-21dfa85588fa","method":"GET","path":"/api/v1/clusters/4428989a-081b-4c06-8d59-21dfa85588fa/resources/serviceaccounts","status":200,"duration_ms":109}
{"time":"2026-02-15T20:32:22.242465Z","level":"info","request_id":"b3b7c20b-66d5-462c-b4dc-29c5e9fbdc9a","cluster_id":"4428989a-081b-4c06-8d59-21dfa85588fa","method":"GET","path":"/api/v1/clusters/4428989a-081b-4c06-8d59-21dfa85588fa/resources/roles","status":200,"duration_ms":118}
{"time":"2026-02-15T20:32:22.44504Z","level":"info","request_id":"0897cc3b-e0f5-4925-b38c-078e266c6de2","cluster_id":"4428989a-081b-4c06-8d59-21dfa85588fa","method":"GET","path":"/api/v1/clusters/4428989a-081b-4c06-8d59-21dfa85588fa/resources/clusterroles","status":200,"duration_ms":108}
{"time":"2026-02-15T20:32:22.647698Z","level":"info","request_id":"5b4526c7-5b92-4ce2-99e8-73dd0593497d","cluster_id":"4428989a-081b-4c06-8d59-21dfa85588fa","method":"GET","path":"/api/v1/clusters/4428989a-081b-4c06-8d59-21dfa85588fa/resources/rolebindings","status":200,"duration_ms":121}
{"time":"2026-02-15T20:32:22.840232Z","level":"info","request_id":"131833b1-bb04-479b-a50e-20bc955e37e3","cluster_id":"4428989a-081b-4c06-8d59-21dfa85588fa","method":"GET","path":"/api/v1/clusters/4428989a-081b-4c06-8d59-21dfa85588fa/resources/clusterrolebindings","status":200,"duration_ms":111}
{"time":"2026-02-15T20:32:23.039392Z","level":"info","request_id":"0cbe0160-94ee-49ea-9e1b-0caeb3d5eb05","cluster_id":"4428989a-081b-4c06-8d59-21dfa85588fa","method":"GET","path":"/api/v1/clusters/4428989a-081b-4c06-8d59-21dfa85588fa/resources/priorityclasses","status":200,"duration_ms":116}
2026/02/16 02:02:23 INFO metrics query cluster_id=4428989a-081b-4c06-8d59-21dfa85588fa namespace=blue-green-demo resource_type=pod resource_name=blue-deployment-697fb9fcd5-74hbp query_ms=0 cache_hit=true error_code="" error=""
{"time":"2026-02-15T20:32:23.05587Z","level":"info","request_id":"e6c39f3c-7f58-480a-ad5d-2667c88b37f2","cluster_id":"4428989a-081b-4c06-8d59-21dfa85588fa","method":"GET","path":"/api/v1/clusters/4428989a-081b-4c06-8d59-21dfa85588fa/metrics/summary","status":200}
{"time":"2026-02-15T20:32:23.238171Z","level":"info","request_id":"349341f2-5908-48e6-8bf8-c9599839cfc6","cluster_id":"4428989a-081b-4c06-8d59-21dfa85588fa","method":"GET","path":"/api/v1/clusters/4428989a-081b-4c06-8d59-21dfa85588fa/resources/resourcequotas","status":200,"duration_ms":105}
{"time":"2026-02-15T20:32:23.44158Z","level":"info","request_id":"064fdcdc-69b5-4ff3-b117-9785a776d376","cluster_id":"4428989a-081b-4c06-8d59-21dfa85588fa","method":"GET","path":"/api/v1/clusters/4428989a-081b-4c06-8d59-21dfa85588fa/resources/limitranges","status":200,"duration_ms":116}
{"time":"2026-02-15T20:32:23.717649Z","level":"info","request_id":"4f780c08-132c-4e12-ac25-9f287648a8ce","cluster_id":"4428989a-081b-4c06-8d59-21dfa85588fa","method":"GET","path":"/api/v1/clusters/4428989a-081b-4c06-8d59-21dfa85588fa/resources/pods","status":200,"duration_ms":387}
{"time":"2026-02-15T20:32:23.84116Z","level":"info","request_id":"023d7beb-2f95-422b-8b20-fa2942d20ebd","cluster_id":"4428989a-081b-4c06-8d59-21dfa85588fa","method":"GET","path":"/api/v1/clusters/4428989a-081b-4c06-8d59-21dfa85588fa/resources/horizontalpodautoscalers","status":200,"duration_ms":312}
{"time":"2026-02-15T20:32:24.038772Z","level":"info","request_id":"b5fdf7ef-29f2-420f-9b5a-f63a714f10f9","cluster_id":"4428989a-081b-4c06-8d59-21dfa85588fa","method":"GET","path":"/api/v1/clusters/4428989a-081b-4c06-8d59-21dfa85588fa/resources/verticalpodautoscalers","status":200,"duration_ms":305}
{"time":"2026-02-15T20:32:24.237428Z","level":"info","request_id":"c4a41e9c-e763-44e3-acae-caa1d6d187a7","cluster_id":"4428989a-081b-4c06-8d59-21dfa85588fa","method":"GET","path":"/api/v1/clusters/4428989a-081b-4c06-8d59-21dfa85588fa/resources/poddisruptionbudgets","status":200,"duration_ms":312}
{"time":"2026-02-15T20:32:24.438284Z","level":"info","request_id":"c85f3225-8cc6-4ec4-9f02-71f4e94499fa","cluster_id":"4428989a-081b-4c06-8d59-21dfa85588fa","method":"GET","path":"/api/v1/clusters/4428989a-081b-4c06-8d59-21dfa85588fa/resources/customresourcedefinitions","status":200,"duration_ms":274}
{"time":"2026-02-15T20:32:24.636395Z","level":"info","request_id":"f569854e-04ca-48fb-87df-9f32a61f17e2","cluster_id":"4428989a-081b-4c06-8d59-21dfa85588fa","method":"GET","path":"/api/v1/clusters/4428989a-081b-4c06-8d59-21dfa85588fa/resources/mutatingwebhookconfigurations","status":200,"duration_ms":306}
{"time":"2026-02-15T20:32:24.83809Z","level":"info","request_id":"e1402aba-9abb-40e3-b23b-f84b00c17e33","cluster_id":"4428989a-081b-4c06-8d59-21dfa85588fa","method":"GET","path":"/api/v1/clusters/4428989a-081b-4c06-8d59-21dfa85588fa/resources/validatingwebhookconfigurations","status":200,"duration_ms":313}
{"time":"2026-02-15T20:32:25.040793Z","level":"info","request_id":"5f8b8d99-02d8-428c-8105-8592b1c0ffdf","cluster_id":"4428989a-081b-4c06-8d59-21dfa85588fa","method":"GET","path":"/api/v1/clusters/4428989a-081b-4c06-8d59-21dfa85588fa/resources/nodes","status":200,"duration_ms":103}
{"time":"2026-02-15T20:32:26.758936Z","level":"info","request_id":"881f0527-e0f8-4e5b-b72a-4c3bcf3da789","cluster_id":"4428989a-081b-4c06-8d59-21dfa85588fa","method":"GET","path":"/api/v1/clusters/4428989a-081b-4c06-8d59-21dfa85588fa/summary","status":200,"duration_ms":753}
{"time":"2026-02-15T20:32:27.212336Z","level":"info","request_id":"bc4794ef-a3a0-4640-ad0e-1d65ca5a4047","cluster_id":"4428989a-081b-4c06-8d59-21dfa85588fa","method":"GET","path":"/api/v1/clusters/4428989a-081b-4c06-8d59-21dfa85588fa/shell/stream","status":200,"duration_ms":61331}
{"time":"2026-02-15T20:32:38.937129Z","level":"info","request_id":"3a25c21b-e055-42b0-b917-1eed0193414c","cluster_id":"4428989a-081b-4c06-8d59-21dfa85588fa","method":"GET","path":"/api/v1/clusters/4428989a-081b-4c06-8d59-21dfa85588fa/resources/nodes","status":200,"duration_ms":637}
{"time":"2026-02-15T20:32:38.937549Z","level":"info","request_id":"565ea9b9-ac7e-467a-941f-3e000dfd51e7","cluster_id":"4428989a-081b-4c06-8d59-21dfa85588fa","method":"GET","path":"/api/v1/clusters/4428989a-081b-4c06-8d59-21dfa85588fa/resources/namespaces","status":200,"duration_ms":634}
{"time":"2026-02-15T20:32:38.958925Z","level":"info","request_id":"cc393e60-f4f9-437c-b076-2e5f69e81ced","cluster_id":"4428989a-081b-4c06-8d59-21dfa85588fa","method":"GET","path":"/api/v1/clusters/4428989a-081b-4c06-8d59-21dfa85588fa/resources/replicasets","status":200,"duration_ms":667}
{"time":"2026-02-15T20:32:39.136757Z","level":"info","request_id":"6469e9fa-19af-4377-bca3-1701dc79635b","cluster_id":"4428989a-081b-4c06-8d59-21dfa85588fa","method":"GET","path":"/api/v1/clusters/4428989a-081b-4c06-8d59-21dfa85588fa/resources/daemonsets","status":200,"duration_ms":184}
{"time":"2026-02-15T20:32:39.142466Z","level":"info","request_id":"339cdfe9-c711-41f4-beab-e28363db5268","cluster_id":"4428989a-081b-4c06-8d59-21dfa85588fa","method":"GET","path":"/api/v1/clusters/4428989a-081b-4c06-8d59-21dfa85588fa/resources/services","status":200,"duration_ms":858}
2026/02/16 02:02:39 INFO metrics query cluster_id=4428989a-081b-4c06-8d59-21dfa85588fa namespace=blue-green-demo resource_type=pod resource_name=blue-deployment-697fb9fcd5-74hbp query_ms=1053 cache_hit=false error_code="" error=""
{"time":"2026-02-15T20:32:39.167046Z","level":"info","request_id":"8baa30d1-3d4a-4f3f-a82a-80fb46ee5c38","cluster_id":"4428989a-081b-4c06-8d59-21dfa85588fa","method":"GET","path":"/api/v1/clusters/4428989a-081b-4c06-8d59-21dfa85588fa/metrics/summary","status":200,"duration_ms":1054}
{"time":"2026-02-15T20:32:39.185251Z","level":"info","request_id":"0a25daa6-828d-410d-a908-0bd9a255609d","cluster_id":"4428989a-081b-4c06-8d59-21dfa85588fa","method":"GET","path":"/api/v1/clusters/4428989a-081b-4c06-8d59-21dfa85588fa/resources/statefulsets","status":200,"duration_ms":235}
{"time":"2026-02-15T20:32:39.191987Z","level":"info","request_id":"53a7a08b-9093-4a95-a2b1-aea869c2ba6c","cluster_id":"4428989a-081b-4c06-8d59-21dfa85588fa","method":"GET","path":"/api/v1/clusters/4428989a-081b-4c06-8d59-21dfa85588fa/resources/deployments","status":200,"duration_ms":908}
{"time":"2026-02-15T20:32:39.208851Z","level":"info","request_id":"35af7180-3726-48d8-b78a-c66bcc0c2e74","cluster_id":"4428989a-081b-4c06-8d59-21dfa85588fa","method":"GET","path":"/api/v1/clusters/4428989a-081b-4c06-8d59-21dfa85588fa/resources/podtemplates","status":200,"duration_ms":59}
{"time":"2026-02-15T20:32:39.231003Z","level":"warn","request_id":"baae793b-e0f5-440d-b57f-3a531bc72f27","cluster_id":"4428989a-081b-4c06-8d59-21dfa85588fa","method":"GET","path":"/api/v1/clusters/4428989a-081b-4c06-8d59-21dfa85588fa/resources/resourceslices","status":404,"duration_ms":29,"error":"Not Found"}
{"time":"2026-02-15T20:32:39.282637Z","level":"info","request_id":"4cee066d-a1fd-490a-a19a-2d80e1a97164","cluster_id":"4428989a-081b-4c06-8d59-21dfa85588fa","method":"GET","path":"/api/v1/clusters/4428989a-081b-4c06-8d59-21dfa85588fa/resources/controllerrevisions","status":200,"duration_ms":90}
{"time":"2026-02-15T20:32:39.326315Z","level":"info","request_id":"aea81e75-3a94-4373-a652-8af4b707e354","cluster_id":"4428989a-081b-4c06-8d59-21dfa85588fa","method":"GET","path":"/api/v1/clusters/4428989a-081b-4c06-8d59-21dfa85588fa/resources/jobs","status":200,"duration_ms":360}
{"time":"2026-02-15T20:32:39.406782Z","level":"warn","request_id":"7a314e98-e87d-4ca4-81c7-388780e56794","cluster_id":"4428989a-081b-4c06-8d59-21dfa85588fa","method":"GET","path":"/api/v1/clusters/4428989a-081b-4c06-8d59-21dfa85588fa/resources/ipaddresspools","status":404,"duration_ms":172,"error":"Not Found"}
{"time":"2026-02-15T20:32:39.409801Z","level":"info","request_id":"ebc62fb3-e856-460c-bf23-f10cdd789822","cluster_id":"4428989a-081b-4c06-8d59-21dfa85588fa","method":"GET","path":"/api/v1/clusters/4428989a-081b-4c06-8d59-21dfa85588fa/resources/cronjobs","status":200,"duration_ms":267}
{"time":"2026-02-15T20:32:39.418081Z","level":"warn","request_id":"0103d7fc-e0ed-4bd0-8df2-c8af4d672b0d","cluster_id":"4428989a-081b-4c06-8d59-21dfa85588fa","method":"GET","path":"/api/v1/clusters/4428989a-081b-4c06-8d59-21dfa85588fa/resources/deviceclasses","status":404,"duration_ms":194,"error":"Not Found"}
{"time":"2026-02-15T20:32:39.436483Z","level":"info","request_id":"20d72a07-ff63-46e2-a34b-e563454cadcd","cluster_id":"4428989a-081b-4c06-8d59-21dfa85588fa","method":"GET","path":"/api/v1/clusters/4428989a-081b-4c06-8d59-21dfa85588fa/resources/pods","status":200,"duration_ms":1151}
{"time":"2026-02-15T20:32:39.507452Z","level":"warn","request_id":"ad24b229-f7d5-41cd-887a-1fd0ca2226b2","cluster_id":"4428989a-081b-4c06-8d59-21dfa85588fa","method":"GET","path":"/api/v1/clusters/4428989a-081b-4c06-8d59-21dfa85588fa/resources/bgppeers","status":404,"duration_ms":215,"error":"Not Found"}
{"time":"2026-02-15T20:32:39.706152Z","level":"info","request_id":"f0295c8c-9062-495b-9f65-601f8a534991","cluster_id":"4428989a-081b-4c06-8d59-21dfa85588fa","method":"GET","path":"/api/v1/clusters/4428989a-081b-4c06-8d59-21dfa85588fa/resources/configmaps","status":200,"duration_ms":370}
{"time":"2026-02-15T20:32:39.942411Z","level":"info","request_id":"f1284562-f216-440a-8048-3347494cb819","cluster_id":"4428989a-081b-4c06-8d59-21dfa85588fa","method":"GET","path":"/api/v1/clusters/4428989a-081b-4c06-8d59-21dfa85588fa/resources/ingresses","status":200,"duration_ms":522}
{"time":"2026-02-15T20:32:40.137378Z","level":"info","request_id":"eda01dbf-db73-4677-91f7-2d650160ddbf","cluster_id":"4428989a-081b-4c06-8d59-21dfa85588fa","method":"GET","path":"/api/v1/clusters/4428989a-081b-4c06-8d59-21dfa85588fa/resources/secrets","status":200,"duration_ms":716}
{"time":"2026-02-15T20:32:40.30627Z","level":"info","request_id":"64efe829-3e3a-4ec7-ad4b-5d7f68eca405","cluster_id":"4428989a-081b-4c06-8d59-21dfa85588fa","method":"GET","path":"/api/v1/clusters/4428989a-081b-4c06-8d59-21dfa85588fa/resources/ingressclasses","status":200,"duration_ms":881}
I0216 02:02:40.500562   30499 request.go:697] Waited for 1.047379042s due to client-side throttling, not priority and fairness, request: GET:https://127.0.0.1:51428/api/v1/endpoints?limit=5000
{"time":"2026-02-15T20:32:40.940863Z","level":"info","request_id":"1a3fa07c-7037-4c5d-b12d-92bbe6805596","cluster_id":"4428989a-081b-4c06-8d59-21dfa85588fa","method":"GET","path":"/api/v1/clusters/4428989a-081b-4c06-8d59-21dfa85588fa/resources/endpoints","status":200,"duration_ms":1487}
{"time":"2026-02-15T20:32:40.940961Z","level":"info","request_id":"a61b3f69-61bb-4b89-8127-ec3f59fd534c","cluster_id":"4428989a-081b-4c06-8d59-21dfa85588fa","method":"GET","path":"/api/v1/clusters/4428989a-081b-4c06-8d59-21dfa85588fa/resources/endpointslices","status":200,"duration_ms":1430}
{"time":"2026-02-15T20:32:41.080999Z","level":"info","request_id":"898f5a97-6265-43f3-a320-7affb09e4dd4","cluster_id":"4428989a-081b-4c06-8d59-21dfa85588fa","method":"GET","path":"/api/v1/clusters/4428989a-081b-4c06-8d59-21dfa85588fa/resources/networkpolicies","status":200,"duration_ms":1367}
{"time":"2026-02-15T20:32:41.195635Z","level":"info","request_id":"dd92d2a8-8b6f-4bb8-81ea-5983ccbeda20","cluster_id":"4428989a-081b-4c06-8d59-21dfa85588fa","method":"GET","path":"/api/v1/clusters/4428989a-081b-4c06-8d59-21dfa85588fa/resources/persistentvolumes","status":200,"duration_ms":1247}
{"time":"2026-02-15T20:32:41.533972Z","level":"info","request_id":"b2ea2be5-dd0a-4c78-a40e-681628973f0c","cluster_id":"4428989a-081b-4c06-8d59-21dfa85588fa","method":"GET","path":"/api/v1/clusters/4428989a-081b-4c06-8d59-21dfa85588fa/resources/persistentvolumeclaims","status":200,"duration_ms":1384}
{"time":"2026-02-15T20:32:41.672578Z","level":"info","request_id":"62350c1a-5170-4963-afae-b24dc271d0e6","cluster_id":"4428989a-081b-4c06-8d59-21dfa85588fa","method":"GET","path":"/api/v1/clusters/4428989a-081b-4c06-8d59-21dfa85588fa/resources/storageclasses","status":200,"duration_ms":1364}
{"time":"2026-02-15T20:32:41.804925Z","level":"warn","request_id":"14d08bf0-4651-4cad-b18c-ee56fcea3629","cluster_id":"4428989a-081b-4c06-8d59-21dfa85588fa","method":"GET","path":"/api/v1/clusters/4428989a-081b-4c06-8d59-21dfa85588fa/resources/volumesnapshots","status":404,"duration_ms":851,"error":"Not Found"}
{"time":"2026-02-15T20:32:41.954123Z","level":"info","request_id":"fec51de8-fe03-4db7-b00e-334c2ebee27b","cluster_id":"4428989a-081b-4c06-8d59-21dfa85588fa","method":"GET","path":"/api/v1/clusters/4428989a-081b-4c06-8d59-21dfa85588fa/resources/volumeattachments","status":200,"duration_ms":1000}
{"time":"2026-02-15T20:32:42.091511Z","level":"warn","request_id":"89623da9-a421-4ba0-ae50-9054a591a7a3","cluster_id":"4428989a-081b-4c06-8d59-21dfa85588fa","method":"GET","path":"/api/v1/clusters/4428989a-081b-4c06-8d59-21dfa85588fa/resources/volumesnapshotclasses","status":404,"duration_ms":1006,"error":"Not Found"}
{"time":"2026-02-15T20:32:42.287962Z","level":"warn","request_id":"603fb764-759e-4afc-9c7d-101597b8856d","cluster_id":"4428989a-081b-4c06-8d59-21dfa85588fa","method":"GET","path":"/api/v1/clusters/4428989a-081b-4c06-8d59-21dfa85588fa/resources/volumesnapshotcontents","status":404,"duration_ms":1088,"error":"Not Found"}
{"time":"2026-02-15T20:32:42.505989Z","level":"info","request_id":"247dc1d1-21f2-4c39-8ff2-59d3b5fe4567","cluster_id":"4428989a-081b-4c06-8d59-21dfa85588fa","method":"GET","path":"/api/v1/clusters/4428989a-081b-4c06-8d59-21dfa85588fa/resources/apiservices","status":200,"duration_ms":952}
{"time":"2026-02-15T20:32:42.691042Z","level":"info","request_id":"93c2a4b3-2287-4a01-94fa-ec163bf576d5","cluster_id":"4428989a-081b-4c06-8d59-21dfa85588fa","method":"GET","path":"/api/v1/clusters/4428989a-081b-4c06-8d59-21dfa85588fa/resources/leases","status":200,"duration_ms":991}
{"time":"2026-02-15T20:32:42.813632Z","level":"info","request_id":"b0821816-01ee-437a-9415-5ea7d25512a4","cluster_id":"4428989a-081b-4c06-8d59-21dfa85588fa","method":"GET","path":"/api/v1/clusters/4428989a-081b-4c06-8d59-21dfa85588fa/overview","status":200,"duration_ms":6246}
{"time":"2026-02-15T20:32:42.892484Z","level":"info","request_id":"c8c2c88d-7902-4575-a200-d65e5be5b705","cluster_id":"4428989a-081b-4c06-8d59-21dfa85588fa","method":"GET","path":"/api/v1/clusters/4428989a-081b-4c06-8d59-21dfa85588fa/resources/serviceaccounts","status":200,"duration_ms":1078}
{"time":"2026-02-15T20:32:43.091375Z","level":"info","request_id":"afe2de2c-3765-444a-aeb6-1f18dd9cb4f9","cluster_id":"4428989a-081b-4c06-8d59-21dfa85588fa","method":"GET","path":"/api/v1/clusters/4428989a-081b-4c06-8d59-21dfa85588fa/resources/roles","status":200,"duration_ms":1121}
{"time":"2026-02-15T20:32:43.304905Z","level":"info","request_id":"65382537-a040-4217-aed1-42a124531328","cluster_id":"4428989a-081b-4c06-8d59-21dfa85588fa","method":"GET","path":"/api/v1/clusters/4428989a-081b-4c06-8d59-21dfa85588fa/resources/clusterroles","status":200,"duration_ms":1204}
{"time":"2026-02-15T20:32:43.491712Z","level":"info","request_id":"eefa3c9e-2ac4-4ad0-9ad6-0add29ff73f8","cluster_id":"4428989a-081b-4c06-8d59-21dfa85588fa","method":"GET","path":"/api/v1/clusters/4428989a-081b-4c06-8d59-21dfa85588fa/resources/rolebindings","status":200,"duration_ms":1193}
{"time":"2026-02-15T20:32:43.705168Z","level":"info","request_id":"38a9b022-a883-47a3-a1a2-fbfea6cc4fca","cluster_id":"4428989a-081b-4c06-8d59-21dfa85588fa","method":"GET","path":"/api/v1/clusters/4428989a-081b-4c06-8d59-21dfa85588fa/resources/clusterrolebindings","status":200,"duration_ms":1192}
{"time":"2026-02-15T20:32:43.888668Z","level":"info","request_id":"c68eb44b-dbf0-41df-ba1a-906fa88dd165","cluster_id":"4428989a-081b-4c06-8d59-21dfa85588fa","method":"GET","path":"/api/v1/clusters/4428989a-081b-4c06-8d59-21dfa85588fa/resources/priorityclasses","status":200,"duration_ms":1192}
{"time":"2026-02-15T20:32:44.088643Z","level":"info","request_id":"8b1e9c9b-afc4-4a5f-b8bd-5a1ffebd0d2a","cluster_id":"4428989a-081b-4c06-8d59-21dfa85588fa","method":"GET","path":"/api/v1/clusters/4428989a-081b-4c06-8d59-21dfa85588fa/resources/resourcequotas","status":200,"duration_ms":1188}
{"time":"2026-02-15T20:32:44.289694Z","level":"info","request_id":"fd2f34c7-5eec-4d7a-8ea2-79790670c54d","cluster_id":"4428989a-081b-4c06-8d59-21dfa85588fa","method":"GET","path":"/api/v1/clusters/4428989a-081b-4c06-8d59-21dfa85588fa/resources/limitranges","status":200,"duration_ms":1182}
{"time":"2026-02-15T20:32:44.490799Z","level":"info","request_id":"a4733ea6-ec35-4fc5-8196-31014d1df11e","cluster_id":"4428989a-081b-4c06-8d59-21dfa85588fa","method":"GET","path":"/api/v1/clusters/4428989a-081b-4c06-8d59-21dfa85588fa/resources/horizontalpodautoscalers","status":200,"duration_ms":1177}
{"time":"2026-02-15T20:32:44.696744Z","level":"info","request_id":"1d5711c3-fb19-4216-a93b-64599a804809","cluster_id":"4428989a-081b-4c06-8d59-21dfa85588fa","method":"GET","path":"/api/v1/clusters/4428989a-081b-4c06-8d59-21dfa85588fa/resources/verticalpodautoscalers","status":200,"duration_ms":1201}
{"time":"2026-02-15T20:32:44.702379Z","level":"info","request_id":"a444d080-7a14-4e36-9fa2-d9741854c792","method":"GET","path":"/health","status":200}
{"time":"2026-02-15T20:32:44.888299Z","level":"info","request_id":"0d1dcea7-4251-473d-a37f-79fa357af65b","cluster_id":"4428989a-081b-4c06-8d59-21dfa85588fa","method":"GET","path":"/api/v1/clusters/4428989a-081b-4c06-8d59-21dfa85588fa/resources/poddisruptionbudgets","status":200,"duration_ms":1171}
{"time":"2026-02-15T20:32:45.107481Z","level":"info","request_id":"73c871f2-f7ef-4076-8437-808cab44c8df","cluster_id":"4428989a-081b-4c06-8d59-21dfa85588fa","method":"GET","path":"/api/v1/clusters/4428989a-081b-4c06-8d59-21dfa85588fa/resources/customresourcedefinitions","status":200,"duration_ms":1214}
{"time":"2026-02-15T20:32:45.288346Z","level":"info","request_id":"6ca5f591-9430-4b94-9e29-ebbf6f898623","cluster_id":"4428989a-081b-4c06-8d59-21dfa85588fa","method":"GET","path":"/api/v1/clusters/4428989a-081b-4c06-8d59-21dfa85588fa/resources/mutatingwebhookconfigurations","status":200,"duration_ms":1196}
{"time":"2026-02-15T20:32:45.487726Z","level":"info","request_id":"4449f292-88ca-4586-9731-c1ca71ec7ef6","cluster_id":"4428989a-081b-4c06-8d59-21dfa85588fa","method":"GET","path":"/api/v1/clusters/4428989a-081b-4c06-8d59-21dfa85588fa/resources/validatingwebhookconfigurations","status":200,"duration_ms":1192}
{"time":"2026-02-15T20:32:45.554884Z","level":"info","request_id":"032735ab-49ca-4799-8656-146f2a91bd5c","cluster_id":"4428989a-081b-4c06-8d59-21dfa85588fa","method":"GET","path":"/api/v1/clusters/4428989a-081b-4c06-8d59-21dfa85588fa/events","status":200,"duration_ms":439}
{"time":"2026-02-15T20:32:45.686327Z","level":"info","request_id":"8ccbe026-8ccf-4d38-b808-3b1a90bf0205","cluster_id":"4428989a-081b-4c06-8d59-21dfa85588fa","method":"GET","path":"/api/v1/clusters/4428989a-081b-4c06-8d59-21dfa85588fa/features/metallb","status":200,"duration_ms":1190}
{"time":"2026-02-15T20:32:45.893103Z","level":"info","request_id":"9bdc1b37-2151-44b6-8b17-eb2ce6aaba81","cluster_id":"4428989a-081b-4c06-8d59-21dfa85588fa","method":"GET","path":"/api/v1/clusters/4428989a-081b-4c06-8d59-21dfa85588fa/resources/nodes","status":200,"duration_ms":602}
{"time":"2026-02-15T20:32:46.093326Z","level":"info","request_id":"b71930de-19fb-4ca9-9e97-1ca902a8140e","cluster_id":"4428989a-081b-4c06-8d59-21dfa85588fa","method":"GET","path":"/api/v1/clusters/4428989a-081b-4c06-8d59-21dfa85588fa/resources/namespaces","status":200,"duration_ms":172}
{"time":"2026-02-15T20:32:46.612848Z","level":"info","request_id":"a5b994fd-e53a-4f6e-86af-cf274932e22f","cluster_id":"4428989a-081b-4c06-8d59-21dfa85588fa","method":"GET","path":"/api/v1/clusters/4428989a-081b-4c06-8d59-21dfa85588fa/resources/nodes","status":200,"duration_ms":650}
{"time":"2026-02-15T20:32:46.6326Z","level":"info","request_id":"080eacf1-9817-4e7d-a82f-53d08383ceca","cluster_id":"4428989a-081b-4c06-8d59-21dfa85588fa","method":"GET","path":"/api/v1/clusters/4428989a-081b-4c06-8d59-21dfa85588fa/resources/daemonsets","status":200,"duration_ms":686}
{"time":"2026-02-15T20:32:46.735497Z","level":"info","request_id":"c73f9a5d-1f0f-43a0-83de-e51953e76593","cluster_id":"4428989a-081b-4c06-8d59-21dfa85588fa","method":"GET","path":"/api/v1/clusters/4428989a-081b-4c06-8d59-21dfa85588fa/resources/replicasets","status":200,"duration_ms":686}
{"time":"2026-02-15T20:32:47.039916Z","level":"info","request_id":"660dc386-c34b-4237-a264-b7d8ee7158f0","cluster_id":"4428989a-081b-4c06-8d59-21dfa85588fa","method":"GET","path":"/api/v1/clusters/4428989a-081b-4c06-8d59-21dfa85588fa/resources/statefulsets","status":200,"duration_ms":954}
{"time":"2026-02-15T20:32:47.3199Z","level":"info","request_id":"a3aa284f-f3f9-4d34-9be5-68a7d7feb372","cluster_id":"4428989a-081b-4c06-8d59-21dfa85588fa","method":"GET","path":"/api/v1/clusters/4428989a-081b-4c06-8d59-21dfa85588fa/resources/deployments","status":200,"duration_ms":1217}
{"time":"2026-02-15T20:32:47.341266Z","level":"warn","request_id":"6f8c1eef-1077-40bd-859d-ee1bcbb144d7","cluster_id":"4428989a-081b-4c06-8d59-21dfa85588fa","method":"GET","path":"/api/v1/clusters/4428989a-081b-4c06-8d59-21dfa85588fa/resources/resourceslices","status":404,"duration_ms":1205,"error":"Not Found"}
{"time":"2026-02-15T20:32:47.901892Z","level":"info","request_id":"d107f37a-bd82-4b82-acb8-0a8063d4edc5","cluster_id":"4428989a-081b-4c06-8d59-21dfa85588fa","method":"GET","path":"/api/v1/clusters/4428989a-081b-4c06-8d59-21dfa85588fa/summary","status":200,"duration_ms":3011}
{"time":"2026-02-15T20:32:47.901916Z","level":"info","request_id":"91be9462-3911-4c8a-85a5-4debd3628a67","cluster_id":"4428989a-081b-4c06-8d59-21dfa85588fa","method":"GET","path":"/api/v1/clusters/4428989a-081b-4c06-8d59-21dfa85588fa/resources/controllerrevisions","status":200,"duration_ms":1282}
{"time":"2026-02-15T20:32:47.988843Z","level":"warn","request_id":"f8c6c8fa-4d2c-45ae-bc6e-f1bca14fee6b","cluster_id":"4428989a-081b-4c06-8d59-21dfa85588fa","method":"GET","path":"/api/v1/clusters/4428989a-081b-4c06-8d59-21dfa85588fa/resources/deviceclasses","status":404,"duration_ms":1240,"error":"Not Found"}
{"time":"2026-02-15T20:32:48.030344Z","level":"info","request_id":"e9dd6adc-cd75-48a8-b890-703dcca8fd61","cluster_id":"4428989a-081b-4c06-8d59-21dfa85588fa","method":"GET","path":"/api/v1/clusters/4428989a-081b-4c06-8d59-21dfa85588fa/resources/podtemplates","status":200,"duration_ms":1393}
{"time":"2026-02-15T20:32:48.100732Z","level":"info","request_id":"d6520e44-ce08-4cce-b42b-9de001546401","cluster_id":"4428989a-081b-4c06-8d59-21dfa85588fa","method":"GET","path":"/api/v1/clusters/4428989a-081b-4c06-8d59-21dfa85588fa/resources/cronjobs","status":200,"duration_ms":1034}
{"time":"2026-02-15T20:32:48.300672Z","level":"info","request_id":"ce580f77-276e-47cb-babc-b734d53c5fd2","cluster_id":"4428989a-081b-4c06-8d59-21dfa85588fa","method":"GET","path":"/api/v1/clusters/4428989a-081b-4c06-8d59-21dfa85588fa/resources/services","status":200,"duration_ms":974}
{"time":"2026-02-15T20:32:48.530041Z","level":"info","request_id":"59f338b6-4f74-4c2a-9710-8768a307e850","cluster_id":"4428989a-081b-4c06-8d59-21dfa85588fa","method":"GET","path":"/api/v1/clusters/4428989a-081b-4c06-8d59-21dfa85588fa/resources/jobs","status":200,"duration_ms":1171}
{"time":"2026-02-15T20:32:48.699734Z","level":"warn","request_id":"f66775d1-7182-4bb0-a390-7e9c71e80888","cluster_id":"4428989a-081b-4c06-8d59-21dfa85588fa","method":"GET","path":"/api/v1/clusters/4428989a-081b-4c06-8d59-21dfa85588fa/resources/ipaddresspools","status":404,"duration_ms":786,"error":"Not Found"}
{"time":"2026-02-15T20:32:48.906638Z","level":"warn","request_id":"592876c4-cf0f-49ea-bd16-923c3c8cb4d9","cluster_id":"4428989a-081b-4c06-8d59-21dfa85588fa","method":"GET","path":"/api/v1/clusters/4428989a-081b-4c06-8d59-21dfa85588fa/resources/bgppeers","status":404,"duration_ms":899,"error":"Not Found"}
{"time":"2026-02-15T20:32:49.104588Z","level":"info","request_id":"63f7e434-c350-455b-99f9-f4061454ce8b","cluster_id":"4428989a-081b-4c06-8d59-21dfa85588fa","method":"GET","path":"/api/v1/clusters/4428989a-081b-4c06-8d59-21dfa85588fa/resources/configmaps","status":200,"duration_ms":1050}
{"time":"2026-02-15T20:32:49.319955Z","level":"info","request_id":"fdd19403-ac84-4e94-ba6e-83478085863d","cluster_id":"4428989a-081b-4c06-8d59-21dfa85588fa","method":"GET","path":"/api/v1/clusters/4428989a-081b-4c06-8d59-21dfa85588fa/resources/secrets","status":200,"duration_ms":1214}
{"time":"2026-02-15T20:32:49.509379Z","level":"info","request_id":"44b4710e-6021-41f2-8a15-5a2456dfe2b9","cluster_id":"4428989a-081b-4c06-8d59-21dfa85588fa","method":"GET","path":"/api/v1/clusters/4428989a-081b-4c06-8d59-21dfa85588fa/resources/ingresses","status":200,"duration_ms":1203}
{"time":"2026-02-15T20:32:49.689865Z","level":"info","request_id":"661d5b3f-1780-4ea7-9060-48fe3fcf6464","cluster_id":"4428989a-081b-4c06-8d59-21dfa85588fa","method":"GET","path":"/api/v1/clusters/4428989a-081b-4c06-8d59-21dfa85588fa/resources/ingressclasses","status":200,"duration_ms":1153}
{"time":"2026-02-15T20:32:49.905918Z","level":"info","request_id":"03b6882e-6db4-442e-a2e8-04f58db397e6","cluster_id":"4428989a-081b-4c06-8d59-21dfa85588fa","method":"GET","path":"/api/v1/clusters/4428989a-081b-4c06-8d59-21dfa85588fa/resources/networkpolicies","status":200,"duration_ms":1202}
{"time":"2026-02-15T20:32:50.13806Z","level":"info","request_id":"ff8758a1-6ba6-4942-bf06-3843357ca7cf","cluster_id":"4428989a-081b-4c06-8d59-21dfa85588fa","method":"GET","path":"/api/v1/clusters/4428989a-081b-4c06-8d59-21dfa85588fa/resources/endpointslices","status":200,"duration_ms":1228}
{"time":"2026-02-15T20:32:50.304508Z","level":"info","request_id":"33fe76ba-f3e3-471b-aabf-c710f6fc0fc9","cluster_id":"4428989a-081b-4c06-8d59-21dfa85588fa","method":"GET","path":"/api/v1/clusters/4428989a-081b-4c06-8d59-21dfa85588fa/resources/endpoints","status":200,"duration_ms":1185}
{"time":"2026-02-15T20:32:50.503843Z","level":"info","request_id":"99e4cdbe-a96c-4b96-8100-466f4bcf1306","cluster_id":"4428989a-081b-4c06-8d59-21dfa85588fa","method":"GET","path":"/api/v1/clusters/4428989a-081b-4c06-8d59-21dfa85588fa/resources/persistentvolumes","status":200,"duration_ms":1180}
2026/02/16 02:02:50 Interceptor: Incoming shell stream request: GET /api/v1/clusters/4428989a-081b-4c06-8d59-21dfa85588fa/shell/stream
2026/02/16 02:02:50 Terminal: Incoming request for cluster 4428989a-081b-4c06-8d59-21dfa85588fa
I0216 02:02:50.685317   30499 request.go:697] Waited for 1.161028333s due to client-side throttling, not priority and fairness, request: GET:https://127.0.0.1:51428/api/v1/persistentvolumeclaims?limit=5000
{"time":"2026-02-15T20:32:50.77365Z","level":"info","request_id":"b0c6d375-4c2a-44b3-90e2-bec8b9f4e80d","cluster_id":"4428989a-081b-4c06-8d59-21dfa85588fa","method":"GET","path":"/api/v1/clusters/4428989a-081b-4c06-8d59-21dfa85588fa/resources/persistentvolumeclaims","status":200,"duration_ms":1249}
{"time":"2026-02-15T20:32:50.923788Z","level":"info","request_id":"8ad80d46-e79f-441b-baa1-7786f442eae9","cluster_id":"4428989a-081b-4c06-8d59-21dfa85588fa","method":"GET","path":"/api/v1/clusters/4428989a-081b-4c06-8d59-21dfa85588fa/resources/storageclasses","status":200,"duration_ms":1231}
{"time":"2026-02-15T20:32:51.109068Z","level":"info","request_id":"e13bead9-5ee1-440b-ab7f-f151ba0c6ecb","cluster_id":"4428989a-081b-4c06-8d59-21dfa85588fa","method":"GET","path":"/api/v1/clusters/4428989a-081b-4c06-8d59-21dfa85588fa/resources/volumeattachments","status":200,"duration_ms":1189}
{"time":"2026-02-15T20:32:51.323436Z","level":"warn","request_id":"0c69ad1e-38a7-4910-b5de-c10eb8081d97","cluster_id":"4428989a-081b-4c06-8d59-21dfa85588fa","method":"GET","path":"/api/v1/clusters/4428989a-081b-4c06-8d59-21dfa85588fa/resources/volumesnapshots","status":404,"duration_ms":1174,"error":"Not Found"}
{"time":"2026-02-15T20:32:51.516667Z","level":"info","request_id":"ead34610-ddd6-48ff-bcf5-181e995f5326","cluster_id":"4428989a-081b-4c06-8d59-21dfa85588fa","method":"GET","path":"/api/v1/clusters/4428989a-081b-4c06-8d59-21dfa85588fa/resources/apiservices","status":200,"duration_ms":1198}
{"time":"2026-02-15T20:32:51.903728Z","level":"warn","request_id":"274f5311-b6b4-4512-a98c-3016ae2914b5","cluster_id":"4428989a-081b-4c06-8d59-21dfa85588fa","method":"GET","path":"/api/v1/clusters/4428989a-081b-4c06-8d59-21dfa85588fa/resources/volumesnapshotcontents","status":404,"duration_ms":1395,"error":"Not Found"}
{"time":"2026-02-15T20:32:52.003288Z","level":"warn","request_id":"74effd99-14db-4a5e-b16c-9a2a20c0c318","cluster_id":"4428989a-081b-4c06-8d59-21dfa85588fa","method":"GET","path":"/api/v1/clusters/4428989a-081b-4c06-8d59-21dfa85588fa/resources/volumesnapshotclasses","status":404,"duration_ms":1219,"error":"Not Found"}
{"time":"2026-02-15T20:32:52.302373Z","level":"info","request_id":"f6f61400-8f59-48d2-a465-d31005cbd9ff","cluster_id":"4428989a-081b-4c06-8d59-21dfa85588fa","method":"GET","path":"/api/v1/clusters/4428989a-081b-4c06-8d59-21dfa85588fa/resources/leases","status":200,"duration_ms":1352}
2026/02/16 02:02:52 Terminal: Found cluster 4428989a-081b-4c06-8d59-21dfa85588fa (name: docker-desktop, kubeconfig: /Users/koti/.kube/config)
2026/02/16 02:02:52 Terminal: WebSocket upgraded for 4428989a-081b-4c06-8d59-21dfa85588fa
{"time":"2026-02-15T20:32:52.572816Z","level":"info","request_id":"2ee082cd-3c4d-4069-ab2b-31f9996cbf53","cluster_id":"4428989a-081b-4c06-8d59-21dfa85588fa","method":"GET","path":"/api/v1/clusters/4428989a-081b-4c06-8d59-21dfa85588fa/resources/roles","status":200,"duration_ms":1237}
{"time":"2026-02-15T20:32:52.572934Z","level":"info","request_id":"23204193-bb3a-4691-8c41-aa8924bee425","cluster_id":"4428989a-081b-4c06-8d59-21dfa85588fa","method":"GET","path":"/api/v1/clusters/4428989a-081b-4c06-8d59-21dfa85588fa/resources/serviceaccounts","status":200,"duration_ms":1453}
{"time":"2026-02-15T20:32:52.83605Z","level":"info","request_id":"10d0e20e-aae1-4004-bd26-db3b71b1c753","cluster_id":"4428989a-081b-4c06-8d59-21dfa85588fa","method":"GET","path":"/api/v1/clusters/4428989a-081b-4c06-8d59-21dfa85588fa/resources/clusterroles","status":200,"duration_ms":1314}
{"time":"2026-02-15T20:32:53.318459Z","level":"info","request_id":"7fd37857-2bce-4749-9915-7303904ca671","cluster_id":"4428989a-081b-4c06-8d59-21dfa85588fa","method":"GET","path":"/api/v1/clusters/4428989a-081b-4c06-8d59-21dfa85588fa/resources/priorityclasses","status":200,"duration_ms":1300}
{"time":"2026-02-15T20:32:53.323171Z","level":"info","request_id":"e7a3b47d-cc58-49bc-8d93-564f6bbffa16","cluster_id":"4428989a-081b-4c06-8d59-21dfa85588fa","method":"GET","path":"/api/v1/clusters/4428989a-081b-4c06-8d59-21dfa85588fa/resources/rolebindings","status":200,"duration_ms":1376}
{"time":"2026-02-15T20:32:53.376612Z","level":"info","request_id":"c11d3d97-b400-408c-8f89-15a107be277f","cluster_id":"4428989a-081b-4c06-8d59-21dfa85588fa","method":"GET","path":"/api/v1/clusters/4428989a-081b-4c06-8d59-21dfa85588fa/resources/resourcequotas","status":200,"duration_ms":1059}
{"time":"2026-02-15T20:32:53.765654Z","level":"info","request_id":"18150b23-f00e-4bf5-8515-581b66f471b8","cluster_id":"4428989a-081b-4c06-8d59-21dfa85588fa","method":"GET","path":"/api/v1/clusters/4428989a-081b-4c06-8d59-21dfa85588fa/overview","status":200,"duration_ms":9061}
{"time":"2026-02-15T20:32:53.813807Z","level":"info","request_id":"1e42e4b1-b6ea-4203-8335-e26442712df5","cluster_id":"4428989a-081b-4c06-8d59-21dfa85588fa","method":"GET","path":"/api/v1/clusters/4428989a-081b-4c06-8d59-21dfa85588fa/resources/clusterrolebindings","status":200,"duration_ms":1226}
{"time":"2026-02-15T20:32:53.90443Z","level":"info","request_id":"bfb34d91-dfa7-47e6-910e-75b841907c24","cluster_id":"4428989a-081b-4c06-8d59-21dfa85588fa","method":"GET","path":"/api/v1/clusters/4428989a-081b-4c06-8d59-21dfa85588fa/resources/horizontalpodautoscalers","status":200,"duration_ms":1309}
{"time":"2026-02-15T20:32:54.029281Z","level":"info","request_id":"97073126-bc8e-4ce9-a3a6-e1c7bdab86f6","cluster_id":"4428989a-081b-4c06-8d59-21dfa85588fa","method":"GET","path":"/api/v1/clusters/4428989a-081b-4c06-8d59-21dfa85588fa/resources/limitranges","status":200,"duration_ms":1186}
{"time":"2026-02-15T20:32:54.163787Z","level":"info","request_id":"df4fb051-1f8b-45e3-8a01-8493b782c760","cluster_id":"4428989a-081b-4c06-8d59-21dfa85588fa","method":"GET","path":"/api/v1/clusters/4428989a-081b-4c06-8d59-21dfa85588fa/resources/poddisruptionbudgets","status":200,"duration_ms":831}
2026/02/16 02:02:54 INFO metrics query cluster_id=4428989a-081b-4c06-8d59-21dfa85588fa namespace=blue-green-demo resource_type=pod resource_name=blue-deployment-697fb9fcd5-74hbp query_ms=0 cache_hit=true error_code="" error=""
{"time":"2026-02-15T20:32:54.183692Z","level":"info","request_id":"7e0b0689-1f1e-423e-92fc-9ef1e5dd5086","cluster_id":"4428989a-081b-4c06-8d59-21dfa85588fa","method":"GET","path":"/api/v1/clusters/4428989a-081b-4c06-8d59-21dfa85588fa/metrics/summary","status":200}
{"time":"2026-02-15T20:32:54.403952Z","level":"info","request_id":"64951304-c440-45ef-b099-4daf04909513","cluster_id":"4428989a-081b-4c06-8d59-21dfa85588fa","method":"GET","path":"/api/v1/clusters/4428989a-081b-4c06-8d59-21dfa85588fa/resources/customresourcedefinitions","status":200,"duration_ms":1071}
{"time":"2026-02-15T20:32:54.524835Z","level":"info","request_id":"e8fe16e3-a541-488e-b729-393eac7c0bb2","cluster_id":"4428989a-081b-4c06-8d59-21dfa85588fa","method":"GET","path":"/api/v1/clusters/4428989a-081b-4c06-8d59-21dfa85588fa/resources/mutatingwebhookconfigurations","status":200,"duration_ms":1139}
{"time":"2026-02-15T20:32:54.551577Z","level":"info","request_id":"3cf36828-71cb-4fe2-addc-958ac7b85892","cluster_id":"4428989a-081b-4c06-8d59-21dfa85588fa","method":"GET","path":"/api/v1/clusters/4428989a-081b-4c06-8d59-21dfa85588fa/events","status":200,"duration_ms":9060}
{"time":"2026-02-15T20:32:54.738315Z","level":"info","request_id":"8324916d-f5a2-468b-b2f2-0d92d0a48b3d","cluster_id":"4428989a-081b-4c06-8d59-21dfa85588fa","method":"GET","path":"/api/v1/clusters/4428989a-081b-4c06-8d59-21dfa85588fa/resources/validatingwebhookconfigurations","status":200,"duration_ms":918}
{"time":"2026-02-15T20:32:57.750471Z","level":"info","request_id":"a0a9c13e-b45f-4010-9f8c-a1d66aa3a9b1","cluster_id":"4428989a-081b-4c06-8d59-21dfa85588fa","method":"GET","path":"/api/v1/clusters/4428989a-081b-4c06-8d59-21dfa85588fa/resources/verticalpodautoscalers","status":200,"duration_ms":3801}
{"time":"2026-02-15T20:32:58.019706Z","level":"info","request_id":"b9a77ab6-155f-4b5c-bcf7-fdf74159fa7e","cluster_id":"4428989a-081b-4c06-8d59-21dfa85588fa","method":"GET","path":"/api/v1/clusters/4428989a-081b-4c06-8d59-21dfa85588fa/resources/pods","status":200,"duration_ms":3982}
{"time":"2026-02-15T20:33:04.425687Z","level":"info","request_id":"cb533743-02d7-4713-8e14-18eec3f9ed44","cluster_id":"4428989a-081b-4c06-8d59-21dfa85588fa","method":"GET","path":"/api/v1/clusters/4428989a-081b-4c06-8d59-21dfa85588fa/shell/stream","status":200,"duration_ms":13875}
