2026/02/16 01:59:28 🚀 Kubilitics Backend starting...
2026/02/16 01:59:28 📋 Configuration loaded: port=8080, db=./kubilitics.db
2026/02/16 01:59:28 💾 Initializing database...
2026/02/16 01:59:28 ⚙️  Initializing services...
2026/02/16 01:59:28 ⚠️  Failed to load clusters from repo: no such table: clusters
2026/02/16 01:59:28 ⚠️  Could not add cluster "k3d-kcluster": failed to list clusters: no such table: clusters
2026/02/16 01:59:28 ⚠️  Could not add cluster "arn:aws:eks:us-east-1:357278409079:cluster/eks-cf-stack-eks-cluster": failed to list clusters: no such table: clusters
2026/02/16 01:59:28 ⚠️  Could not add cluster "docker-desktop": failed to list clusters: no such table: clusters
2026/02/16 01:59:28 📋 No clusters registered yet — add via Connect (POST /api/v1/clusters) or ensure kubeconfig_auto_load and default kubeconfig are set
2026/02/16 01:59:28 ✅ Services initialized
2026/02/16 01:59:28 🔌 Initializing WebSocket hub...
2026/02/16 01:59:28 ✅ WebSocket hub started
2026/02/16 01:59:28 📊 Resource topology supported for: [Node Pod Deployment ReplicaSet StatefulSet DaemonSet Job CronJob Service Ingress IngressClass Endpoints EndpointSlice NetworkPolicy ConfigMap Secret PersistentVolumeClaim PersistentVolume StorageClass VolumeAttachment]
2026/02/16 01:59:28 ━━━━━━━━━━━━━━━━━━━━━━━━━━━━━━━━━━━━━━━━━━━━━━━
2026/02/16 01:59:28 🌐 Server listening on http://localhost:8080
2026/02/16 01:59:28 📡 API available at http://localhost:8080/api/v1
2026/02/16 01:59:28 🔌 WebSocket at ws://localhost:8080/ws/resources
2026/02/16 01:59:28 ❤️  Health check at http://localhost:8080/health
2026/02/16 01:59:28 📊 Metrics at http://localhost:8080/metrics
2026/02/16 01:59:28 ━━━━━━━━━━━━━━━━━━━━━━━━━━━━━━━━━━━━━━━━━━━━━━━
{"time":"2026-02-15T20:29:30.601436Z","level":"warn","request_id":"2d79a2e9-f504-44b0-bec4-656d8cbae07c","cluster_id":"4428989a-081b-4c06-8d59-21dfa85588fa","method":"GET","path":"/api/v1/clusters/4428989a-081b-4c06-8d59-21dfa85588fa/metrics/summary","status":404,"error":"Not Found"}
{"time":"2026-02-15T20:29:33.976732Z","level":"warn","request_id":"59778792-3198-4ace-bd1f-defc7353d6db","cluster_id":"4428989a-081b-4c06-8d59-21dfa85588fa","method":"GET","path":"/api/v1/clusters/4428989a-081b-4c06-8d59-21dfa85588fa/overview","status":404,"error":"Not Found"}
{"time":"2026-02-15T20:29:34.614964Z","level":"warn","request_id":"6c3d8345-c776-481a-8f87-9b428d0e891a","cluster_id":"4428989a-081b-4c06-8d59-21dfa85588fa","method":"GET","path":"/api/v1/clusters/4428989a-081b-4c06-8d59-21dfa85588fa/metrics/summary","status":404,"error":"Not Found"}
{"time":"2026-02-15T20:29:34.983252Z","level":"warn","request_id":"21647823-33ae-486f-a081-82d10f6f4d12","cluster_id":"4428989a-081b-4c06-8d59-21dfa85588fa","method":"GET","path":"/api/v1/clusters/4428989a-081b-4c06-8d59-21dfa85588fa/overview","status":404,"error":"Not Found"}
{"time":"2026-02-15T20:29:36.989685Z","level":"warn","request_id":"9c9be439-1b9c-4f5b-99a8-19ddc65e1e19","cluster_id":"4428989a-081b-4c06-8d59-21dfa85588fa","method":"GET","path":"/api/v1/clusters/4428989a-081b-4c06-8d59-21dfa85588fa/overview","status":404,"error":"Not Found"}
{"time":"2026-02-15T20:29:40.910819Z","level":"error","request_id":"8c27f9e0-cba2-4756-80e6-316459c6bf64","method":"GET","path":"/api/v1/clusters","status":500,"duration_ms":8,"error":"Internal Server Error"}
{"time":"2026-02-15T20:29:41.049448Z","level":"warn","request_id":"9e47cb52-4124-4d86-9a46-4937fc83466e","cluster_id":"4428989a-081b-4c06-8d59-21dfa85588fa","method":"GET","path":"/api/v1/clusters/4428989a-081b-4c06-8d59-21dfa85588fa/resources/replicasets","status":404,"error":"Not Found"}
{"time":"2026-02-15T20:29:41.052547Z","level":"warn","request_id":"3fb4c358-d817-48d7-9d43-aed6228e2fd5","cluster_id":"4428989a-081b-4c06-8d59-21dfa85588fa","method":"GET","path":"/api/v1/clusters/4428989a-081b-4c06-8d59-21dfa85588fa/resources/pods","status":404,"error":"Not Found"}
{"time":"2026-02-15T20:29:41.052771Z","level":"warn","request_id":"da252be3-d37c-4ba0-9079-8906ac4b1254","cluster_id":"4428989a-081b-4c06-8d59-21dfa85588fa","method":"GET","path":"/api/v1/clusters/4428989a-081b-4c06-8d59-21dfa85588fa/resources/statefulsets","status":404,"error":"Not Found"}
{"time":"2026-02-15T20:29:41.055574Z","level":"warn","request_id":"19293371-7e0e-4c30-b110-d438d3d0cc5c","cluster_id":"4428989a-081b-4c06-8d59-21dfa85588fa","method":"GET","path":"/api/v1/clusters/4428989a-081b-4c06-8d59-21dfa85588fa/resources/nodes","status":404,"error":"Not Found"}
{"time":"2026-02-15T20:29:41.055916Z","level":"warn","request_id":"b4818fc5-4118-435c-816f-cf06d5bb02a6","cluster_id":"4428989a-081b-4c06-8d59-21dfa85588fa","method":"GET","path":"/api/v1/clusters/4428989a-081b-4c06-8d59-21dfa85588fa/resources/jobs","status":404,"error":"Not Found"}
{"time":"2026-02-15T20:29:41.058661Z","level":"warn","request_id":"c8a179c0-f39c-47f5-92b9-2ee0c137de52","cluster_id":"4428989a-081b-4c06-8d59-21dfa85588fa","method":"GET","path":"/api/v1/clusters/4428989a-081b-4c06-8d59-21dfa85588fa/resources/daemonsets","status":404,"error":"Not Found"}
{"time":"2026-02-15T20:29:41.058726Z","level":"warn","request_id":"7f2f131f-85dc-481b-8e46-96a05172218c","cluster_id":"4428989a-081b-4c06-8d59-21dfa85588fa","method":"GET","path":"/api/v1/clusters/4428989a-081b-4c06-8d59-21dfa85588fa/resources/deployments","status":404,"duration_ms":5,"error":"Not Found"}
{"time":"2026-02-15T20:29:41.05879Z","level":"warn","request_id":"edf331f4-83a3-4705-87e3-02c4b51f9c3f","cluster_id":"4428989a-081b-4c06-8d59-21dfa85588fa","method":"GET","path":"/api/v1/clusters/4428989a-081b-4c06-8d59-21dfa85588fa/resources/namespaces","status":404,"error":"Not Found"}
{"time":"2026-02-15T20:29:41.06277Z","level":"warn","request_id":"182bbfb1-ca7a-430d-afa7-3c5fa6b2d6a1","cluster_id":"4428989a-081b-4c06-8d59-21dfa85588fa","method":"GET","path":"/api/v1/clusters/4428989a-081b-4c06-8d59-21dfa85588fa/resources/podtemplates","status":404,"error":"Not Found"}
{"time":"2026-02-15T20:29:41.063878Z","level":"warn","request_id":"8d58a77a-672b-4ebd-8726-4e9a57b783ea","cluster_id":"4428989a-081b-4c06-8d59-21dfa85588fa","method":"GET","path":"/api/v1/clusters/4428989a-081b-4c06-8d59-21dfa85588fa/resources/controllerrevisions","status":404,"error":"Not Found"}
{"time":"2026-02-15T20:29:41.066242Z","level":"warn","request_id":"d57e0a91-9668-4469-8412-4a47b4b1535c","cluster_id":"4428989a-081b-4c06-8d59-21dfa85588fa","method":"GET","path":"/api/v1/clusters/4428989a-081b-4c06-8d59-21dfa85588fa/resources/services","status":404,"error":"Not Found"}
{"time":"2026-02-15T20:29:41.066476Z","level":"warn","request_id":"a5b600b3-4189-41ae-b0a6-d202a9af65ab","cluster_id":"4428989a-081b-4c06-8d59-21dfa85588fa","method":"GET","path":"/api/v1/clusters/4428989a-081b-4c06-8d59-21dfa85588fa/resources/cronjobs","status":404,"error":"Not Found"}
{"time":"2026-02-15T20:29:41.06649Z","level":"warn","request_id":"fcfbf925-0d3b-4797-bc43-d61243eb9e16","cluster_id":"4428989a-081b-4c06-8d59-21dfa85588fa","method":"GET","path":"/api/v1/clusters/4428989a-081b-4c06-8d59-21dfa85588fa/resources/deviceclasses","status":404,"duration_ms":2,"error":"Not Found"}
{"time":"2026-02-15T20:29:41.066932Z","level":"warn","request_id":"299982f0-1b3b-4192-8970-0ce439607035","cluster_id":"4428989a-081b-4c06-8d59-21dfa85588fa","method":"GET","path":"/api/v1/clusters/4428989a-081b-4c06-8d59-21dfa85588fa/resources/resourceslices","status":404,"error":"Not Found"}
{"time":"2026-02-15T20:29:41.068755Z","level":"warn","request_id":"de124165-a68a-40c9-aef3-c2ea7b52d442","cluster_id":"4428989a-081b-4c06-8d59-21dfa85588fa","method":"GET","path":"/api/v1/clusters/4428989a-081b-4c06-8d59-21dfa85588fa/resources/ipaddresspools","status":404,"error":"Not Found"}
{"time":"2026-02-15T20:29:41.070159Z","level":"warn","request_id":"459a738d-74c2-4323-af55-8511f6c50b34","cluster_id":"4428989a-081b-4c06-8d59-21dfa85588fa","method":"GET","path":"/api/v1/clusters/4428989a-081b-4c06-8d59-21dfa85588fa/resources/configmaps","status":404,"error":"Not Found"}
{"time":"2026-02-15T20:29:41.071895Z","level":"warn","request_id":"ec428b20-f5b7-43db-b1dd-37d5c5840c15","cluster_id":"4428989a-081b-4c06-8d59-21dfa85588fa","method":"GET","path":"/api/v1/clusters/4428989a-081b-4c06-8d59-21dfa85588fa/resources/ingresses","status":404,"error":"Not Found"}
{"time":"2026-02-15T20:29:41.072089Z","level":"warn","request_id":"9b42f504-77d9-45ec-b4da-d8864cf3d422","cluster_id":"4428989a-081b-4c06-8d59-21dfa85588fa","method":"GET","path":"/api/v1/clusters/4428989a-081b-4c06-8d59-21dfa85588fa/resources/secrets","status":404,"error":"Not Found"}
{"time":"2026-02-15T20:29:41.07233Z","level":"warn","request_id":"9378b702-a0d6-4d01-b64a-4203ac93a384","cluster_id":"4428989a-081b-4c06-8d59-21dfa85588fa","method":"GET","path":"/api/v1/clusters/4428989a-081b-4c06-8d59-21dfa85588fa/resources/bgppeers","status":404,"error":"Not Found"}
{"time":"2026-02-15T20:29:41.072479Z","level":"warn","request_id":"2bd5bf8c-bd30-4d9c-83f5-992fd1989a2c","cluster_id":"4428989a-081b-4c06-8d59-21dfa85588fa","method":"GET","path":"/api/v1/clusters/4428989a-081b-4c06-8d59-21dfa85588fa/resources/ingressclasses","status":404,"error":"Not Found"}
{"time":"2026-02-15T20:29:41.073031Z","level":"warn","request_id":"93ad004f-5bf2-4ffc-9960-69a51f67e9d0","cluster_id":"4428989a-081b-4c06-8d59-21dfa85588fa","method":"GET","path":"/api/v1/clusters/4428989a-081b-4c06-8d59-21dfa85588fa/resources/endpoints","status":404,"error":"Not Found"}
{"time":"2026-02-15T20:29:41.074089Z","level":"warn","request_id":"70da6ba4-0145-42a4-be1a-9ecc861d1dad","cluster_id":"4428989a-081b-4c06-8d59-21dfa85588fa","method":"GET","path":"/api/v1/clusters/4428989a-081b-4c06-8d59-21dfa85588fa/resources/endpointslices","status":404,"error":"Not Found"}
{"time":"2026-02-15T20:29:41.077004Z","level":"warn","request_id":"6a008702-6e43-4663-a240-d540a8ba6de4","cluster_id":"4428989a-081b-4c06-8d59-21dfa85588fa","method":"GET","path":"/api/v1/clusters/4428989a-081b-4c06-8d59-21dfa85588fa/resources/networkpolicies","status":404,"duration_ms":1,"error":"Not Found"}
{"time":"2026-02-15T20:29:41.077725Z","level":"warn","request_id":"f66353e8-8667-4132-9be8-376d1d6f7c5b","cluster_id":"4428989a-081b-4c06-8d59-21dfa85588fa","method":"GET","path":"/api/v1/clusters/4428989a-081b-4c06-8d59-21dfa85588fa/resources/persistentvolumes","status":404,"error":"Not Found"}
{"time":"2026-02-15T20:29:41.078024Z","level":"warn","request_id":"359e2e94-0c5b-40c8-98c6-c32bcae9f4f5","cluster_id":"4428989a-081b-4c06-8d59-21dfa85588fa","method":"GET","path":"/api/v1/clusters/4428989a-081b-4c06-8d59-21dfa85588fa/resources/persistentvolumeclaims","status":404,"error":"Not Found"}
{"time":"2026-02-15T20:29:41.083158Z","level":"warn","request_id":"acc61f32-9442-401c-a66e-4ea3a5d4a368","cluster_id":"4428989a-081b-4c06-8d59-21dfa85588fa","method":"GET","path":"/api/v1/clusters/4428989a-081b-4c06-8d59-21dfa85588fa/resources/storageclasses","status":404,"error":"Not Found"}
{"time":"2026-02-15T20:29:41.083314Z","level":"warn","request_id":"064c5a35-adee-47bc-80c6-29582ea608f0","cluster_id":"4428989a-081b-4c06-8d59-21dfa85588fa","method":"GET","path":"/api/v1/clusters/4428989a-081b-4c06-8d59-21dfa85588fa/resources/volumesnapshotclasses","status":404,"error":"Not Found"}
{"time":"2026-02-15T20:29:41.086476Z","level":"warn","request_id":"f975862c-27cf-4d02-8d5e-e20d234516b5","cluster_id":"4428989a-081b-4c06-8d59-21dfa85588fa","method":"GET","path":"/api/v1/clusters/4428989a-081b-4c06-8d59-21dfa85588fa/resources/volumesnapshotcontents","status":404,"error":"Not Found"}
{"time":"2026-02-15T20:29:41.086044Z","level":"warn","request_id":"65fd4270-c07a-4e58-aed8-7b9fa2c6839e","cluster_id":"4428989a-081b-4c06-8d59-21dfa85588fa","method":"GET","path":"/api/v1/clusters/4428989a-081b-4c06-8d59-21dfa85588fa/resources/volumeattachments","status":404,"error":"Not Found"}
{"time":"2026-02-15T20:29:41.086251Z","level":"warn","request_id":"d0bfb4c2-db8a-49f7-af5c-78e589cd3682","cluster_id":"4428989a-081b-4c06-8d59-21dfa85588fa","method":"GET","path":"/api/v1/clusters/4428989a-081b-4c06-8d59-21dfa85588fa/resources/apiservices","status":404,"error":"Not Found"}
{"time":"2026-02-15T20:29:41.086453Z","level":"warn","request_id":"77636324-3e71-4c0b-b116-4908e3d67853","cluster_id":"4428989a-081b-4c06-8d59-21dfa85588fa","method":"GET","path":"/api/v1/clusters/4428989a-081b-4c06-8d59-21dfa85588fa/resources/serviceaccounts","status":404,"error":"Not Found"}
{"time":"2026-02-15T20:29:41.083274Z","level":"warn","request_id":"ca430b8e-b908-4a4f-b116-44e647544187","cluster_id":"4428989a-081b-4c06-8d59-21dfa85588fa","method":"GET","path":"/api/v1/clusters/4428989a-081b-4c06-8d59-21dfa85588fa/resources/volumesnapshots","status":404,"error":"Not Found"}
{"time":"2026-02-15T20:29:41.090715Z","level":"warn","request_id":"2cedbfb7-73e6-45c9-b54c-b5f4ab09ca2d","cluster_id":"4428989a-081b-4c06-8d59-21dfa85588fa","method":"GET","path":"/api/v1/clusters/4428989a-081b-4c06-8d59-21dfa85588fa/resources/roles","status":404,"error":"Not Found"}
{"time":"2026-02-15T20:29:41.091163Z","level":"warn","request_id":"9773b93a-31a0-449b-ae64-9143611f02a7","cluster_id":"4428989a-081b-4c06-8d59-21dfa85588fa","method":"GET","path":"/api/v1/clusters/4428989a-081b-4c06-8d59-21dfa85588fa/resources/clusterroles","status":404,"error":"Not Found"}
{"time":"2026-02-15T20:29:41.09129Z","level":"warn","request_id":"ecfa792e-3f52-4584-ac7c-0cb4302580e0","cluster_id":"4428989a-081b-4c06-8d59-21dfa85588fa","method":"GET","path":"/api/v1/clusters/4428989a-081b-4c06-8d59-21dfa85588fa/resources/rolebindings","status":404,"error":"Not Found"}
{"time":"2026-02-15T20:29:41.093097Z","level":"warn","request_id":"ce0bf548-2e43-420a-8932-dc50bbadd3d2","cluster_id":"4428989a-081b-4c06-8d59-21dfa85588fa","method":"GET","path":"/api/v1/clusters/4428989a-081b-4c06-8d59-21dfa85588fa/resources/clusterrolebindings","status":404,"error":"Not Found"}
{"time":"2026-02-15T20:29:41.096979Z","level":"warn","request_id":"6a5aa3cc-76af-48e3-aed3-c55826696bce","cluster_id":"4428989a-081b-4c06-8d59-21dfa85588fa","method":"GET","path":"/api/v1/clusters/4428989a-081b-4c06-8d59-21dfa85588fa/resources/priorityclasses","status":404,"error":"Not Found"}
{"time":"2026-02-15T20:29:41.099345Z","level":"warn","request_id":"50e00add-12c5-44ab-9927-1fdcc27750d8","cluster_id":"4428989a-081b-4c06-8d59-21dfa85588fa","method":"GET","path":"/api/v1/clusters/4428989a-081b-4c06-8d59-21dfa85588fa/resources/poddisruptionbudgets","status":404,"duration_ms":1,"error":"Not Found"}
{"time":"2026-02-15T20:29:41.099505Z","level":"warn","request_id":"00503ae0-968e-4c06-a635-b6db9fd17836","cluster_id":"4428989a-081b-4c06-8d59-21dfa85588fa","method":"GET","path":"/api/v1/clusters/4428989a-081b-4c06-8d59-21dfa85588fa/resources/resourcequotas","status":404,"error":"Not Found"}
{"time":"2026-02-15T20:29:41.09957Z","level":"warn","request_id":"b0131770-046a-4100-8a8a-ee364db5be63","cluster_id":"4428989a-081b-4c06-8d59-21dfa85588fa","method":"GET","path":"/api/v1/clusters/4428989a-081b-4c06-8d59-21dfa85588fa/resources/leases","status":404,"error":"Not Found"}
{"time":"2026-02-15T20:29:41.100597Z","level":"warn","request_id":"6de24f56-4bbe-4b94-879f-a494a2203282","cluster_id":"4428989a-081b-4c06-8d59-21dfa85588fa","method":"GET","path":"/api/v1/clusters/4428989a-081b-4c06-8d59-21dfa85588fa/resources/horizontalpodautoscalers","status":404,"error":"Not Found"}
{"time":"2026-02-15T20:29:41.100325Z","level":"warn","request_id":"b1f707bd-74ed-44b8-ae68-636a9129e1d9","cluster_id":"4428989a-081b-4c06-8d59-21dfa85588fa","method":"GET","path":"/api/v1/clusters/4428989a-081b-4c06-8d59-21dfa85588fa/resources/limitranges","status":404,"error":"Not Found"}
{"time":"2026-02-15T20:29:41.10663Z","level":"warn","request_id":"8aec641f-487e-42ca-9c1f-4ec1afad55a7","cluster_id":"4428989a-081b-4c06-8d59-21dfa85588fa","method":"GET","path":"/api/v1/clusters/4428989a-081b-4c06-8d59-21dfa85588fa/resources/customresourcedefinitions","status":404,"error":"Not Found"}
{"time":"2026-02-15T20:29:41.10962Z","level":"warn","request_id":"f723a4d8-f4c9-4d1d-9ef2-b30188bd69c9","cluster_id":"4428989a-081b-4c06-8d59-21dfa85588fa","method":"GET","path":"/api/v1/clusters/4428989a-081b-4c06-8d59-21dfa85588fa/resources/mutatingwebhookconfigurations","status":404,"error":"Not Found"}
{"time":"2026-02-15T20:29:41.109628Z","level":"warn","request_id":"b0f359ec-8577-4dbb-8c0f-9f67a13dbaa1","cluster_id":"4428989a-081b-4c06-8d59-21dfa85588fa","method":"GET","path":"/api/v1/clusters/4428989a-081b-4c06-8d59-21dfa85588fa/resources/verticalpodautoscalers","status":404,"error":"Not Found"}
{"time":"2026-02-15T20:29:41.112142Z","level":"warn","request_id":"12503956-7464-4c7d-9b80-0cb85e7c91f0","cluster_id":"4428989a-081b-4c06-8d59-21dfa85588fa","method":"GET","path":"/api/v1/clusters/4428989a-081b-4c06-8d59-21dfa85588fa/features/metallb","status":404,"error":"Not Found"}
{"time":"2026-02-15T20:29:41.112592Z","level":"info","request_id":"0eb5d7c1-e6be-4f12-bf8c-a7fa4f3e9173","method":"GET","path":"/health","status":200}
{"time":"2026-02-15T20:29:41.113909Z","level":"warn","request_id":"4f58abd7-b2a0-4a95-94be-a1527d70d297","cluster_id":"4428989a-081b-4c06-8d59-21dfa85588fa","method":"GET","path":"/api/v1/clusters/4428989a-081b-4c06-8d59-21dfa85588fa/overview","status":404,"duration_ms":2,"error":"Not Found"}
{"time":"2026-02-15T20:29:41.126589Z","level":"warn","request_id":"647363c3-a99f-49a0-9846-d04dd5e02fe4","cluster_id":"4428989a-081b-4c06-8d59-21dfa85588fa","method":"GET","path":"/api/v1/clusters/4428989a-081b-4c06-8d59-21dfa85588fa/resources/validatingwebhookconfigurations","status":404,"error":"Not Found"}
{"time":"2026-02-15T20:29:41.127628Z","level":"warn","request_id":"9e33666b-c57e-45eb-b83e-5d9e3a095914","cluster_id":"4428989a-081b-4c06-8d59-21dfa85588fa","method":"GET","path":"/api/v1/clusters/4428989a-081b-4c06-8d59-21dfa85588fa/summary","status":404,"duration_ms":1,"error":"Not Found"}
{"time":"2026-02-15T20:29:41.139062Z","level":"warn","request_id":"06c38632-1a35-4550-92c9-e747dfb07253","cluster_id":"4428989a-081b-4c06-8d59-21dfa85588fa","method":"GET","path":"/api/v1/clusters/4428989a-081b-4c06-8d59-21dfa85588fa/resources/nodes","status":404,"duration_ms":12,"error":"Not Found"}
{"time":"2026-02-15T20:29:41.139227Z","level":"warn","request_id":"4ce13736-71b7-4516-b078-2fa9845e303e","cluster_id":"4428989a-081b-4c06-8d59-21dfa85588fa","method":"GET","path":"/api/v1/clusters/4428989a-081b-4c06-8d59-21dfa85588fa/events","status":404,"error":"Not Found"}
{"time":"2026-02-15T20:29:41.139707Z","level":"warn","request_id":"58ec26e6-ca4d-4d41-845e-7b74ca83af86","cluster_id":"4428989a-081b-4c06-8d59-21dfa85588fa","method":"GET","path":"/api/v1/clusters/4428989a-081b-4c06-8d59-21dfa85588fa/events","status":404,"error":"Not Found"}
{"time":"2026-02-15T20:29:42.199583Z","level":"warn","request_id":"0baa6c8b-40f1-4458-9ca9-071a9b6a9f11","cluster_id":"4428989a-081b-4c06-8d59-21dfa85588fa","method":"GET","path":"/api/v1/clusters/4428989a-081b-4c06-8d59-21dfa85588fa/features/metallb","status":404,"error":"Not Found"}
{"time":"2026-02-15T20:29:42.215908Z","level":"warn","request_id":"3092f5ee-83e3-44fc-b8f0-2ef645c6139e","cluster_id":"4428989a-081b-4c06-8d59-21dfa85588fa","method":"GET","path":"/api/v1/clusters/4428989a-081b-4c06-8d59-21dfa85588fa/overview","status":404,"error":"Not Found"}
{"time":"2026-02-15T20:29:42.215954Z","level":"warn","request_id":"7671e745-c4d6-4d10-872d-e2ba277173e7","cluster_id":"4428989a-081b-4c06-8d59-21dfa85588fa","method":"GET","path":"/api/v1/clusters/4428989a-081b-4c06-8d59-21dfa85588fa/summary","status":404,"error":"Not Found"}
{"time":"2026-02-15T20:29:42.216022Z","level":"warn","request_id":"66dc20d1-2106-4dc7-b62a-7da6a518f47a","cluster_id":"4428989a-081b-4c06-8d59-21dfa85588fa","method":"GET","path":"/api/v1/clusters/4428989a-081b-4c06-8d59-21dfa85588fa/events","status":404,"error":"Not Found"}
{"time":"2026-02-15T20:29:42.216033Z","level":"warn","request_id":"ca06c43b-f3cb-4fe8-b134-3c4b5436f4fe","cluster_id":"4428989a-081b-4c06-8d59-21dfa85588fa","method":"GET","path":"/api/v1/clusters/4428989a-081b-4c06-8d59-21dfa85588fa/events","status":404,"error":"Not Found"}
{"time":"2026-02-15T20:29:44.229913Z","level":"warn","request_id":"9865abd2-2c54-4078-b0ac-fb2c6aed6631","cluster_id":"4428989a-081b-4c06-8d59-21dfa85588fa","method":"GET","path":"/api/v1/clusters/4428989a-081b-4c06-8d59-21dfa85588fa/overview","status":404,"error":"Not Found"}
{"time":"2026-02-15T20:29:44.230155Z","level":"warn","request_id":"5a0d2d85-9b6d-432b-a0c9-ddfb2435a956","cluster_id":"4428989a-081b-4c06-8d59-21dfa85588fa","method":"GET","path":"/api/v1/clusters/4428989a-081b-4c06-8d59-21dfa85588fa/summary","status":404,"error":"Not Found"}
{"time":"2026-02-15T20:29:44.231787Z","level":"warn","request_id":"7f4832d6-d635-4558-9075-be78fcd4d215","cluster_id":"4428989a-081b-4c06-8d59-21dfa85588fa","method":"GET","path":"/api/v1/clusters/4428989a-081b-4c06-8d59-21dfa85588fa/events","status":404,"error":"Not Found"}
{"time":"2026-02-15T20:29:44.232072Z","level":"warn","request_id":"64ca33c2-236a-4fa8-94ea-712f23d110b9","cluster_id":"4428989a-081b-4c06-8d59-21dfa85588fa","method":"GET","path":"/api/v1/clusters/4428989a-081b-4c06-8d59-21dfa85588fa/events","status":404,"error":"Not Found"}
{"time":"2026-02-15T20:29:45.803257Z","level":"warn","request_id":"93465b4c-6e14-4722-b0d5-f3675d764253","cluster_id":"4428989a-081b-4c06-8d59-21dfa85588fa","method":"GET","path":"/api/v1/clusters/4428989a-081b-4c06-8d59-21dfa85588fa/resources/podtemplates","status":404,"error":"Not Found"}
{"time":"2026-02-15T20:29:45.830542Z","level":"warn","request_id":"b418b676-a938-491d-b05d-5cdb5a76ce7d","cluster_id":"4428989a-081b-4c06-8d59-21dfa85588fa","method":"GET","path":"/api/v1/clusters/4428989a-081b-4c06-8d59-21dfa85588fa/resources/namespaces","status":404,"error":"Not Found"}
{"time":"2026-02-15T20:29:45.862456Z","level":"warn","request_id":"b6c7bafe-ef10-46b9-8057-cef62bbed427","cluster_id":"4428989a-081b-4c06-8d59-21dfa85588fa","method":"GET","path":"/api/v1/clusters/4428989a-081b-4c06-8d59-21dfa85588fa/resources/services","status":404,"error":"Not Found"}
{"time":"2026-02-15T20:29:46.062188Z","level":"warn","request_id":"e88d547f-c3f4-47d3-ad76-ccee4c9d4f27","cluster_id":"4428989a-081b-4c06-8d59-21dfa85588fa","method":"GET","path":"/api/v1/clusters/4428989a-081b-4c06-8d59-21dfa85588fa/resources/nodes","status":404,"error":"Not Found"}
{"time":"2026-02-15T20:29:46.134277Z","level":"warn","request_id":"2eff7387-de3c-4d0f-88a5-b51b5be63c7d","cluster_id":"4428989a-081b-4c06-8d59-21dfa85588fa","method":"GET","path":"/api/v1/clusters/4428989a-081b-4c06-8d59-21dfa85588fa/resources/ipaddresspools","status":404,"error":"Not Found"}
{"time":"2026-02-15T20:29:46.191661Z","level":"warn","request_id":"f9288537-a249-4fa9-805e-82b225b65eba","cluster_id":"4428989a-081b-4c06-8d59-21dfa85588fa","method":"GET","path":"/api/v1/clusters/4428989a-081b-4c06-8d59-21dfa85588fa/resources/replicasets","status":404,"error":"Not Found"}
{"time":"2026-02-15T20:29:46.235295Z","level":"warn","request_id":"fcae1bc0-bde4-40ff-8e2b-aefef52ed2ae","cluster_id":"4428989a-081b-4c06-8d59-21dfa85588fa","method":"GET","path":"/api/v1/clusters/4428989a-081b-4c06-8d59-21dfa85588fa/resources/bgppeers","status":404,"error":"Not Found"}
{"time":"2026-02-15T20:29:46.23536Z","level":"warn","request_id":"be8965c6-735d-4637-b47d-5213184a23ce","cluster_id":"4428989a-081b-4c06-8d59-21dfa85588fa","method":"GET","path":"/api/v1/clusters/4428989a-081b-4c06-8d59-21dfa85588fa/resources/deviceclasses","status":404,"error":"Not Found"}
{"time":"2026-02-15T20:29:46.235337Z","level":"warn","request_id":"6dbed60d-1ca1-45d1-947a-d2f7289b224c","cluster_id":"4428989a-081b-4c06-8d59-21dfa85588fa","method":"GET","path":"/api/v1/clusters/4428989a-081b-4c06-8d59-21dfa85588fa/resources/statefulsets","status":404,"error":"Not Found"}
{"time":"2026-02-15T20:29:46.235449Z","level":"warn","request_id":"2e107404-0759-48be-9ece-83df5c36c2ca","cluster_id":"4428989a-081b-4c06-8d59-21dfa85588fa","method":"GET","path":"/api/v1/clusters/4428989a-081b-4c06-8d59-21dfa85588fa/resources/resourceslices","status":404,"error":"Not Found"}
{"time":"2026-02-15T20:29:46.519567Z","level":"warn","request_id":"3dd3fbe5-69fd-487c-8f71-f3db976bd818","cluster_id":"4428989a-081b-4c06-8d59-21dfa85588fa","method":"GET","path":"/api/v1/clusters/4428989a-081b-4c06-8d59-21dfa85588fa/resources/daemonsets","status":404,"error":"Not Found"}
{"time":"2026-02-15T20:29:46.538714Z","level":"warn","request_id":"50970877-78e0-4504-943b-843028966323","cluster_id":"4428989a-081b-4c06-8d59-21dfa85588fa","method":"GET","path":"/api/v1/clusters/4428989a-081b-4c06-8d59-21dfa85588fa/resources/jobs","status":404,"error":"Not Found"}
{"time":"2026-02-15T20:29:46.633432Z","level":"warn","request_id":"f621c741-20bd-4860-8ee5-72643fea367b","cluster_id":"4428989a-081b-4c06-8d59-21dfa85588fa","method":"GET","path":"/api/v1/clusters/4428989a-081b-4c06-8d59-21dfa85588fa/resources/deployments","status":404,"error":"Not Found"}
{"time":"2026-02-15T20:29:46.751791Z","level":"warn","request_id":"b30f68e5-4059-4c00-be74-6c5fc3cc5c5a","cluster_id":"4428989a-081b-4c06-8d59-21dfa85588fa","method":"GET","path":"/api/v1/clusters/4428989a-081b-4c06-8d59-21dfa85588fa/resources/cronjobs","status":404,"error":"Not Found"}
{"time":"2026-02-15T20:29:47.245976Z","level":"warn","request_id":"16f9629c-31ab-4b51-98b3-f4337a3f64b9","cluster_id":"4428989a-081b-4c06-8d59-21dfa85588fa","method":"GET","path":"/api/v1/clusters/4428989a-081b-4c06-8d59-21dfa85588fa/resources/controllerrevisions","status":404,"error":"Not Found"}
{"time":"2026-02-15T20:29:47.262942Z","level":"warn","request_id":"4c75d60c-705e-4028-b0eb-094158c30f25","cluster_id":"4428989a-081b-4c06-8d59-21dfa85588fa","method":"GET","path":"/api/v1/clusters/4428989a-081b-4c06-8d59-21dfa85588fa/resources/secrets","status":404,"error":"Not Found"}
{"time":"2026-02-15T20:29:47.872585Z","level":"warn","request_id":"3a3e3020-9aac-4005-95f4-096c9b0990b3","cluster_id":"4428989a-081b-4c06-8d59-21dfa85588fa","method":"GET","path":"/api/v1/clusters/4428989a-081b-4c06-8d59-21dfa85588fa/resources/ingresses","status":404,"error":"Not Found"}
{"time":"2026-02-15T20:29:48.018532Z","level":"warn","request_id":"81c21762-fc96-41aa-847d-cd971fd48a30","cluster_id":"4428989a-081b-4c06-8d59-21dfa85588fa","method":"GET","path":"/api/v1/clusters/4428989a-081b-4c06-8d59-21dfa85588fa/resources/ingressclasses","status":404,"error":"Not Found"}
{"time":"2026-02-15T20:29:48.195619Z","level":"warn","request_id":"1779eef7-9a84-4639-9aa5-a442bd1554ce","cluster_id":"4428989a-081b-4c06-8d59-21dfa85588fa","method":"GET","path":"/api/v1/clusters/4428989a-081b-4c06-8d59-21dfa85588fa/resources/configmaps","status":404,"error":"Not Found"}
{"time":"2026-02-15T20:29:48.238168Z","level":"warn","request_id":"bad892f0-6db2-45de-9736-895b7c521a3f","cluster_id":"4428989a-081b-4c06-8d59-21dfa85588fa","method":"GET","path":"/api/v1/clusters/4428989a-081b-4c06-8d59-21dfa85588fa/overview","status":404,"error":"Not Found"}
{"time":"2026-02-15T20:29:48.238664Z","level":"warn","request_id":"d1ae8624-d81c-40ce-9bb8-027e4a6eacc5","cluster_id":"4428989a-081b-4c06-8d59-21dfa85588fa","method":"GET","path":"/api/v1/clusters/4428989a-081b-4c06-8d59-21dfa85588fa/summary","status":404,"error":"Not Found"}
{"time":"2026-02-15T20:29:48.239151Z","level":"warn","request_id":"51fc6b44-5037-42cc-8513-f60ccea1ca3b","cluster_id":"4428989a-081b-4c06-8d59-21dfa85588fa","method":"GET","path":"/api/v1/clusters/4428989a-081b-4c06-8d59-21dfa85588fa/events","status":404,"error":"Not Found"}
{"time":"2026-02-15T20:29:48.239488Z","level":"warn","request_id":"9fe3fa63-9ea1-42c4-a3b2-0a5b1ad34467","cluster_id":"4428989a-081b-4c06-8d59-21dfa85588fa","method":"GET","path":"/api/v1/clusters/4428989a-081b-4c06-8d59-21dfa85588fa/events","status":404,"error":"Not Found"}
{"time":"2026-02-15T20:29:48.253548Z","level":"warn","request_id":"2f40a43d-ca8d-4d81-b285-b64c84d0cbbd","cluster_id":"4428989a-081b-4c06-8d59-21dfa85588fa","method":"GET","path":"/api/v1/clusters/4428989a-081b-4c06-8d59-21dfa85588fa/resources/endpoints","status":404,"error":"Not Found"}
{"time":"2026-02-15T20:29:48.267339Z","level":"warn","request_id":"811ed09e-ad4a-44ae-918d-9132919488c8","cluster_id":"4428989a-081b-4c06-8d59-21dfa85588fa","method":"GET","path":"/api/v1/clusters/4428989a-081b-4c06-8d59-21dfa85588fa/resources/persistentvolumes","status":404,"error":"Not Found"}
{"time":"2026-02-15T20:29:48.396824Z","level":"warn","request_id":"79a8fde8-8148-4ba6-a523-83f96a2ed5d1","cluster_id":"4428989a-081b-4c06-8d59-21dfa85588fa","method":"GET","path":"/api/v1/clusters/4428989a-081b-4c06-8d59-21dfa85588fa/resources/endpointslices","status":404,"error":"Not Found"}
{"time":"2026-02-15T20:29:48.768998Z","level":"warn","request_id":"cb7c6d97-3b40-4727-b54e-5e5fd6620537","cluster_id":"4428989a-081b-4c06-8d59-21dfa85588fa","method":"GET","path":"/api/v1/clusters/4428989a-081b-4c06-8d59-21dfa85588fa/resources/persistentvolumeclaims","status":404,"error":"Not Found"}
{"time":"2026-02-15T20:29:48.947184Z","level":"warn","request_id":"7b5093f8-683b-4e3c-b4a0-f99e1622a7a2","cluster_id":"4428989a-081b-4c06-8d59-21dfa85588fa","method":"GET","path":"/api/v1/clusters/4428989a-081b-4c06-8d59-21dfa85588fa/resources/networkpolicies","status":404,"error":"Not Found"}
{"time":"2026-02-15T20:29:48.948762Z","level":"warn","request_id":"6aef7bc2-f4dd-4844-8868-a4faee37199c","cluster_id":"4428989a-081b-4c06-8d59-21dfa85588fa","method":"GET","path":"/api/v1/clusters/4428989a-081b-4c06-8d59-21dfa85588fa/resources/pods","status":404,"error":"Not Found"}
{"time":"2026-02-15T20:29:49.252236Z","level":"warn","request_id":"a3abca17-047a-48e8-844f-a144ffb59467","cluster_id":"4428989a-081b-4c06-8d59-21dfa85588fa","method":"GET","path":"/api/v1/clusters/4428989a-081b-4c06-8d59-21dfa85588fa/resources/storageclasses","status":404,"error":"Not Found"}
{"time":"2026-02-15T20:29:49.40801Z","level":"warn","request_id":"976aac8b-c664-4bdb-8bef-16add1126ce9","cluster_id":"4428989a-081b-4c06-8d59-21dfa85588fa","method":"GET","path":"/api/v1/clusters/4428989a-081b-4c06-8d59-21dfa85588fa/resources/volumeattachments","status":404,"error":"Not Found"}
{"time":"2026-02-15T20:29:49.538484Z","level":"warn","request_id":"c0f49096-d9e0-4dc4-a032-a3398d429aab","cluster_id":"4428989a-081b-4c06-8d59-21dfa85588fa","method":"GET","path":"/api/v1/clusters/4428989a-081b-4c06-8d59-21dfa85588fa/resources/volumesnapshotclasses","status":404,"error":"Not Found"}
{"time":"2026-02-15T20:29:49.623503Z","level":"warn","request_id":"25659cf0-5dfe-472e-b8e1-7f0dcb30b035","cluster_id":"4428989a-081b-4c06-8d59-21dfa85588fa","method":"GET","path":"/api/v1/clusters/4428989a-081b-4c06-8d59-21dfa85588fa/metrics/summary","status":404,"error":"Not Found"}
{"time":"2026-02-15T20:29:50.229513Z","level":"warn","request_id":"f83ad670-42e0-487c-bcce-c65f7e3bcb42","cluster_id":"4428989a-081b-4c06-8d59-21dfa85588fa","method":"GET","path":"/api/v1/clusters/4428989a-081b-4c06-8d59-21dfa85588fa/resources/volumesnapshotcontents","status":404,"error":"Not Found"}
{"time":"2026-02-15T20:29:50.244901Z","level":"warn","request_id":"46b10738-269a-47ce-b8a9-040816468df5","cluster_id":"4428989a-081b-4c06-8d59-21dfa85588fa","method":"GET","path":"/api/v1/clusters/4428989a-081b-4c06-8d59-21dfa85588fa/resources/volumesnapshots","status":404,"error":"Not Found"}
2026/02/16 01:59:50 Interceptor: Incoming shell stream request: GET /api/v1/clusters/4428989a-081b-4c06-8d59-21dfa85588fa/shell/stream
2026/02/16 01:59:50 Terminal: Incoming request for cluster 4428989a-081b-4c06-8d59-21dfa85588fa
2026/02/16 01:59:50 Terminal: Cluster 4428989a-081b-4c06-8d59-21dfa85588fa not found: no such table: clusters
{"time":"2026-02-15T20:29:50.266554Z","level":"warn","request_id":"ad12004f-9013-44b2-bdda-1df424057c44","cluster_id":"4428989a-081b-4c06-8d59-21dfa85588fa","method":"GET","path":"/api/v1/clusters/4428989a-081b-4c06-8d59-21dfa85588fa/shell/stream","status":404,"error":"Not Found"}
{"time":"2026-02-15T20:29:50.320299Z","level":"warn","request_id":"2fc4a116-d690-4740-9bb0-c3cdea4357db","cluster_id":"4428989a-081b-4c06-8d59-21dfa85588fa","method":"GET","path":"/api/v1/clusters/4428989a-081b-4c06-8d59-21dfa85588fa/resources/leases","status":404,"duration_ms":11,"error":"Not Found"}
{"time":"2026-02-15T20:29:50.635489Z","level":"warn","request_id":"3c44e89d-8b7f-4298-8acb-a0631cbf39e8","cluster_id":"4428989a-081b-4c06-8d59-21dfa85588fa","method":"GET","path":"/api/v1/clusters/4428989a-081b-4c06-8d59-21dfa85588fa/metrics/summary","status":404,"duration_ms":2,"error":"Not Found"}
{"time":"2026-02-15T20:29:52.647667Z","level":"warn","request_id":"eec6dc2a-667e-45c2-9084-e57f0397b9b8","cluster_id":"4428989a-081b-4c06-8d59-21dfa85588fa","method":"GET","path":"/api/v1/clusters/4428989a-081b-4c06-8d59-21dfa85588fa/metrics/summary","status":404,"error":"Not Found"}
{"time":"2026-02-15T20:29:54.121888Z","level":"warn","request_id":"dbd15e26-ed13-4ada-9a83-1f159a4c1e77","cluster_id":"4428989a-081b-4c06-8d59-21dfa85588fa","method":"GET","path":"/api/v1/clusters/4428989a-081b-4c06-8d59-21dfa85588fa/resources/priorityclasses","status":404,"error":"Not Found"}
{"time":"2026-02-15T20:29:54.209366Z","level":"warn","request_id":"baedc98c-9e7d-4704-9dbc-12aa2fb451e6","cluster_id":"4428989a-081b-4c06-8d59-21dfa85588fa","method":"GET","path":"/api/v1/clusters/4428989a-081b-4c06-8d59-21dfa85588fa/resources/apiservices","status":404,"error":"Not Found"}
{"time":"2026-02-15T20:29:55.640788Z","level":"warn","request_id":"f91c2d62-9b3a-447e-9c44-39c1bcef589a","cluster_id":"4428989a-081b-4c06-8d59-21dfa85588fa","method":"GET","path":"/api/v1/clusters/4428989a-081b-4c06-8d59-21dfa85588fa/resources/clusterroles","status":404,"error":"Not Found"}
{"time":"2026-02-15T20:29:55.712421Z","level":"warn","request_id":"202ffa3e-2689-4627-83c8-4191be810149","cluster_id":"4428989a-081b-4c06-8d59-21dfa85588fa","method":"GET","path":"/api/v1/clusters/4428989a-081b-4c06-8d59-21dfa85588fa/resources/roles","status":404,"error":"Not Found"}
{"time":"2026-02-15T20:29:55.72137Z","level":"warn","request_id":"0f748090-c0bb-4991-8679-5b68d78f3845","cluster_id":"4428989a-081b-4c06-8d59-21dfa85588fa","method":"GET","path":"/api/v1/clusters/4428989a-081b-4c06-8d59-21dfa85588fa/resources/rolebindings","status":404,"error":"Not Found"}
{"time":"2026-02-15T20:29:56.037903Z","level":"warn","request_id":"ea6a4ba3-2547-49e4-a157-c7a62a618ff0","cluster_id":"4428989a-081b-4c06-8d59-21dfa85588fa","method":"GET","path":"/api/v1/clusters/4428989a-081b-4c06-8d59-21dfa85588fa/resources/serviceaccounts","status":404,"duration_ms":1,"error":"Not Found"}
{"time":"2026-02-15T20:29:56.045064Z","level":"warn","request_id":"078c63cd-28c5-4ff3-9418-85afc0daaaaa","cluster_id":"4428989a-081b-4c06-8d59-21dfa85588fa","method":"GET","path":"/api/v1/clusters/4428989a-081b-4c06-8d59-21dfa85588fa/resources/limitranges","status":404,"error":"Not Found"}
{"time":"2026-02-15T20:29:56.162676Z","level":"warn","request_id":"f98363cb-63e7-46ad-a42b-65c720521ab2","cluster_id":"4428989a-081b-4c06-8d59-21dfa85588fa","method":"GET","path":"/api/v1/clusters/4428989a-081b-4c06-8d59-21dfa85588fa/resources/mutatingwebhookconfigurations","status":404,"duration_ms":3,"error":"Not Found"}
{"time":"2026-02-15T20:29:56.17314Z","level":"warn","request_id":"933902e0-7dd2-4c21-b0cb-ade34f043041","cluster_id":"4428989a-081b-4c06-8d59-21dfa85588fa","method":"GET","path":"/api/v1/clusters/4428989a-081b-4c06-8d59-21dfa85588fa/resources/resourcequotas","status":404,"error":"Not Found"}
{"time":"2026-02-15T20:29:56.371363Z","level":"warn","request_id":"ea26d23c-850c-4419-a8ef-9b442c1ec22a","cluster_id":"4428989a-081b-4c06-8d59-21dfa85588fa","method":"GET","path":"/api/v1/clusters/4428989a-081b-4c06-8d59-21dfa85588fa/resources/horizontalpodautoscalers","status":404,"error":"Not Found"}
{"time":"2026-02-15T20:29:56.704885Z","level":"warn","request_id":"ef3a17ab-8a82-4000-b46a-72df79d6a5ce","cluster_id":"4428989a-081b-4c06-8d59-21dfa85588fa","method":"GET","path":"/api/v1/clusters/4428989a-081b-4c06-8d59-21dfa85588fa/metrics/summary","status":404,"duration_ms":4,"error":"Not Found"}
{"time":"2026-02-15T20:29:56.781313Z","level":"warn","request_id":"52684fb2-6a65-4038-a415-f7e097e09914","cluster_id":"4428989a-081b-4c06-8d59-21dfa85588fa","method":"GET","path":"/api/v1/clusters/4428989a-081b-4c06-8d59-21dfa85588fa/resources/clusterrolebindings","status":404,"error":"Not Found"}
{"time":"2026-02-15T20:29:56.947544Z","level":"warn","request_id":"aaa7199f-9e16-4a96-9f42-3abfd1c2abd1","cluster_id":"4428989a-081b-4c06-8d59-21dfa85588fa","method":"GET","path":"/api/v1/clusters/4428989a-081b-4c06-8d59-21dfa85588fa/resources/validatingwebhookconfigurations","status":404,"error":"Not Found"}
{"time":"2026-02-15T20:29:57.559142Z","level":"warn","request_id":"fc60287f-e9b0-4075-abe0-d6438f611d1c","cluster_id":"4428989a-081b-4c06-8d59-21dfa85588fa","method":"GET","path":"/api/v1/clusters/4428989a-081b-4c06-8d59-21dfa85588fa/resources/verticalpodautoscalers","status":404,"error":"Not Found"}
{"time":"2026-02-15T20:29:57.574004Z","level":"warn","request_id":"bc45173f-1fdc-4346-ae90-d4df04633254","cluster_id":"4428989a-081b-4c06-8d59-21dfa85588fa","method":"GET","path":"/api/v1/clusters/4428989a-081b-4c06-8d59-21dfa85588fa/resources/customresourcedefinitions","status":404,"error":"Not Found"}
{"time":"2026-02-15T20:29:57.70659Z","level":"warn","request_id":"c3bc9b3a-c6b9-4760-b188-dfe34e90cf9b","cluster_id":"4428989a-081b-4c06-8d59-21dfa85588fa","method":"GET","path":"/api/v1/clusters/4428989a-081b-4c06-8d59-21dfa85588fa/resources/poddisruptionbudgets","status":404,"error":"Not Found"}
{"time":"2026-02-15T20:30:05.572858Z","level":"warn","request_id":"b6e0affd-3b73-4804-876b-7549cff3e620","cluster_id":"4428989a-081b-4c06-8d59-21dfa85588fa","method":"GET","path":"/api/v1/clusters/4428989a-081b-4c06-8d59-21dfa85588fa/resources/services","status":404,"error":"Not Found"}
{"time":"2026-02-15T20:30:05.573161Z","level":"warn","request_id":"4be4a745-72a5-4981-80fa-76f5b9b2a3af","cluster_id":"4428989a-081b-4c06-8d59-21dfa85588fa","method":"GET","path":"/api/v1/clusters/4428989a-081b-4c06-8d59-21dfa85588fa/resources/nodes","status":404,"error":"Not Found"}
{"time":"2026-02-15T20:30:05.569813Z","level":"warn","request_id":"51b9c370-ebab-4a47-95d8-fd6aea49c196","cluster_id":"4428989a-081b-4c06-8d59-21dfa85588fa","method":"GET","path":"/api/v1/clusters/4428989a-081b-4c06-8d59-21dfa85588fa/resources/deployments","status":404,"duration_ms":1,"error":"Not Found"}
{"time":"2026-02-15T20:30:05.582981Z","level":"warn","request_id":"568a0249-5e06-450e-ae12-192aca7c22a6","cluster_id":"4428989a-081b-4c06-8d59-21dfa85588fa","method":"GET","path":"/api/v1/clusters/4428989a-081b-4c06-8d59-21dfa85588fa/resources/namespaces","status":404,"duration_ms":13,"error":"Not Found"}
{"time":"2026-02-15T20:30:05.617543Z","level":"warn","request_id":"0bb2702e-3667-49e0-9295-b9e78eaf47b2","cluster_id":"4428989a-081b-4c06-8d59-21dfa85588fa","method":"GET","path":"/api/v1/clusters/4428989a-081b-4c06-8d59-21dfa85588fa/resources/replicasets","status":404,"error":"Not Found"}
{"time":"2026-02-15T20:30:05.617949Z","level":"warn","request_id":"002c91d4-a748-4a18-b985-a18563619fe6","cluster_id":"4428989a-081b-4c06-8d59-21dfa85588fa","method":"GET","path":"/api/v1/clusters/4428989a-081b-4c06-8d59-21dfa85588fa/resources/pods","status":404,"error":"Not Found"}
{"time":"2026-02-15T20:30:05.621551Z","level":"warn","request_id":"5f7da6c4-3f40-44c3-b698-2ef03fbd3d1f","cluster_id":"4428989a-081b-4c06-8d59-21dfa85588fa","method":"GET","path":"/api/v1/clusters/4428989a-081b-4c06-8d59-21dfa85588fa/resources/statefulsets","status":404,"error":"Not Found"}
{"time":"2026-02-15T20:30:05.621887Z","level":"warn","request_id":"3704b09f-f2d5-45c9-bb48-9ce7e8e23b55","cluster_id":"4428989a-081b-4c06-8d59-21dfa85588fa","method":"GET","path":"/api/v1/clusters/4428989a-081b-4c06-8d59-21dfa85588fa/resources/jobs","status":404,"error":"Not Found"}
{"time":"2026-02-15T20:30:05.622815Z","level":"warn","request_id":"e4ad4368-e53e-4039-a368-7a0d22a01202","cluster_id":"4428989a-081b-4c06-8d59-21dfa85588fa","method":"GET","path":"/api/v1/clusters/4428989a-081b-4c06-8d59-21dfa85588fa/resources/daemonsets","status":404,"error":"Not Found"}
{"time":"2026-02-15T20:30:05.623707Z","level":"warn","request_id":"45acf9d2-e61a-42c3-ad08-287e10743c6e","cluster_id":"4428989a-081b-4c06-8d59-21dfa85588fa","method":"GET","path":"/api/v1/clusters/4428989a-081b-4c06-8d59-21dfa85588fa/resources/cronjobs","status":404,"error":"Not Found"}
{"time":"2026-02-15T20:30:05.624408Z","level":"warn","request_id":"af26cffc-0659-4790-a41c-7de987e6c58c","cluster_id":"4428989a-081b-4c06-8d59-21dfa85588fa","method":"GET","path":"/api/v1/clusters/4428989a-081b-4c06-8d59-21dfa85588fa/resources/controllerrevisions","status":404,"error":"Not Found"}
{"time":"2026-02-15T20:30:05.627573Z","level":"warn","request_id":"6806a778-706a-4f44-adce-a6d7b7e247f1","cluster_id":"4428989a-081b-4c06-8d59-21dfa85588fa","method":"GET","path":"/api/v1/clusters/4428989a-081b-4c06-8d59-21dfa85588fa/resources/bgppeers","status":404,"error":"Not Found"}
{"time":"2026-02-15T20:30:05.627747Z","level":"warn","request_id":"a8c694ab-92da-4ec1-9dba-d21303d4530c","cluster_id":"4428989a-081b-4c06-8d59-21dfa85588fa","method":"GET","path":"/api/v1/clusters/4428989a-081b-4c06-8d59-21dfa85588fa/resources/resourceslices","status":404,"error":"Not Found"}
{"time":"2026-02-15T20:30:05.627879Z","level":"warn","request_id":"0b00f209-fdf1-4d97-9747-4816f0483782","cluster_id":"4428989a-081b-4c06-8d59-21dfa85588fa","method":"GET","path":"/api/v1/clusters/4428989a-081b-4c06-8d59-21dfa85588fa/resources/deviceclasses","status":404,"error":"Not Found"}
{"time":"2026-02-15T20:30:05.627988Z","level":"warn","request_id":"a6ac3ac7-5800-4950-9efa-8ee6cfd0c162","cluster_id":"4428989a-081b-4c06-8d59-21dfa85588fa","method":"GET","path":"/api/v1/clusters/4428989a-081b-4c06-8d59-21dfa85588fa/resources/podtemplates","status":404,"error":"Not Found"}
{"time":"2026-02-15T20:30:05.638122Z","level":"warn","request_id":"827375d3-d2a6-41f4-a3d0-23a7fedae3ad","cluster_id":"4428989a-081b-4c06-8d59-21dfa85588fa","method":"GET","path":"/api/v1/clusters/4428989a-081b-4c06-8d59-21dfa85588fa/resources/ipaddresspools","status":404,"error":"Not Found"}
{"time":"2026-02-15T20:30:05.638436Z","level":"warn","request_id":"c63e8b6e-be3e-4355-b9bd-3705256b7dd3","cluster_id":"4428989a-081b-4c06-8d59-21dfa85588fa","method":"GET","path":"/api/v1/clusters/4428989a-081b-4c06-8d59-21dfa85588fa/resources/configmaps","status":404,"error":"Not Found"}
{"time":"2026-02-15T20:30:05.641867Z","level":"warn","request_id":"a9c24a3b-f207-47a1-ab54-3237bed28c5b","cluster_id":"4428989a-081b-4c06-8d59-21dfa85588fa","method":"GET","path":"/api/v1/clusters/4428989a-081b-4c06-8d59-21dfa85588fa/resources/secrets","status":404,"error":"Not Found"}
{"time":"2026-02-15T20:30:05.644403Z","level":"warn","request_id":"43400184-0f69-40f8-a09e-398edfe85b7e","cluster_id":"4428989a-081b-4c06-8d59-21dfa85588fa","method":"GET","path":"/api/v1/clusters/4428989a-081b-4c06-8d59-21dfa85588fa/resources/ingresses","status":404,"duration_ms":1,"error":"Not Found"}
{"time":"2026-02-15T20:30:05.645383Z","level":"warn","request_id":"79158866-34a9-404c-8869-19236ee68780","cluster_id":"4428989a-081b-4c06-8d59-21dfa85588fa","method":"GET","path":"/api/v1/clusters/4428989a-081b-4c06-8d59-21dfa85588fa/resources/ingressclasses","status":404,"error":"Not Found"}
{"time":"2026-02-15T20:30:05.647911Z","level":"warn","request_id":"e07ecf67-6df2-4e89-8fef-121792a97b73","cluster_id":"4428989a-081b-4c06-8d59-21dfa85588fa","method":"GET","path":"/api/v1/clusters/4428989a-081b-4c06-8d59-21dfa85588fa/resources/endpoints","status":404,"error":"Not Found"}
{"time":"2026-02-15T20:30:05.649884Z","level":"warn","request_id":"0a39b84d-f3fc-4db1-8b4f-7284a8f70370","cluster_id":"4428989a-081b-4c06-8d59-21dfa85588fa","method":"GET","path":"/api/v1/clusters/4428989a-081b-4c06-8d59-21dfa85588fa/resources/endpointslices","status":404,"error":"Not Found"}
{"time":"2026-02-15T20:30:05.650221Z","level":"warn","request_id":"95a07e35-afb6-48c9-8ece-4d1d584b0678","cluster_id":"4428989a-081b-4c06-8d59-21dfa85588fa","method":"GET","path":"/api/v1/clusters/4428989a-081b-4c06-8d59-21dfa85588fa/resources/networkpolicies","status":404,"error":"Not Found"}
{"time":"2026-02-15T20:30:05.650554Z","level":"warn","request_id":"71e254f9-d52e-4db1-afd0-2a7b1fa9b82d","cluster_id":"4428989a-081b-4c06-8d59-21dfa85588fa","method":"GET","path":"/api/v1/clusters/4428989a-081b-4c06-8d59-21dfa85588fa/resources/persistentvolumes","status":404,"error":"Not Found"}
{"time":"2026-02-15T20:30:05.652548Z","level":"warn","request_id":"4690cda2-b081-410e-abbf-5e5ed3c2e0c7","cluster_id":"4428989a-081b-4c06-8d59-21dfa85588fa","method":"GET","path":"/api/v1/clusters/4428989a-081b-4c06-8d59-21dfa85588fa/resources/persistentvolumeclaims","status":404,"error":"Not Found"}
{"time":"2026-02-15T20:30:05.657291Z","level":"warn","request_id":"7b0a7c33-65c7-4c79-a066-17318a0b161e","cluster_id":"4428989a-081b-4c06-8d59-21dfa85588fa","method":"GET","path":"/api/v1/clusters/4428989a-081b-4c06-8d59-21dfa85588fa/resources/storageclasses","status":404,"error":"Not Found"}
{"time":"2026-02-15T20:30:05.658367Z","level":"warn","request_id":"7bceaab0-a910-4118-8fb9-1ad5c4eb2c6e","cluster_id":"4428989a-081b-4c06-8d59-21dfa85588fa","method":"GET","path":"/api/v1/clusters/4428989a-081b-4c06-8d59-21dfa85588fa/resources/volumeattachments","status":404,"error":"Not Found"}
{"time":"2026-02-15T20:30:05.660618Z","level":"warn","request_id":"dc18c13d-b05d-430c-be4e-9ab061a0a39b","cluster_id":"4428989a-081b-4c06-8d59-21dfa85588fa","method":"GET","path":"/api/v1/clusters/4428989a-081b-4c06-8d59-21dfa85588fa/resources/volumesnapshots","status":404,"error":"Not Found"}
{"time":"2026-02-15T20:30:05.661084Z","level":"warn","request_id":"d6bea337-0ca3-4f97-9005-6e9829c83987","cluster_id":"4428989a-081b-4c06-8d59-21dfa85588fa","method":"GET","path":"/api/v1/clusters/4428989a-081b-4c06-8d59-21dfa85588fa/resources/volumesnapshotcontents","status":404,"error":"Not Found"}
{"time":"2026-02-15T20:30:05.665824Z","level":"warn","request_id":"d6fc43d8-a530-475d-92a4-69d03d07b879","cluster_id":"4428989a-081b-4c06-8d59-21dfa85588fa","method":"GET","path":"/api/v1/clusters/4428989a-081b-4c06-8d59-21dfa85588fa/resources/volumesnapshotclasses","status":404,"error":"Not Found"}
{"time":"2026-02-15T20:30:05.671392Z","level":"warn","request_id":"2ff06bae-18ab-4bd6-8d62-f256145d7080","cluster_id":"4428989a-081b-4c06-8d59-21dfa85588fa","method":"GET","path":"/api/v1/clusters/4428989a-081b-4c06-8d59-21dfa85588fa/resources/apiservices","status":404,"error":"Not Found"}
{"time":"2026-02-15T20:30:05.671496Z","level":"warn","request_id":"a2ed366b-fe33-4eda-afd6-805815632d00","cluster_id":"4428989a-081b-4c06-8d59-21dfa85588fa","method":"GET","path":"/api/v1/clusters/4428989a-081b-4c06-8d59-21dfa85588fa/resources/rolebindings","status":404,"error":"Not Found"}
{"time":"2026-02-15T20:30:05.671581Z","level":"warn","request_id":"0cff0c49-8f1b-4c6f-96ea-885ebf47b268","cluster_id":"4428989a-081b-4c06-8d59-21dfa85588fa","method":"GET","path":"/api/v1/clusters/4428989a-081b-4c06-8d59-21dfa85588fa/resources/leases","status":404,"error":"Not Found"}
{"time":"2026-02-15T20:30:05.671699Z","level":"warn","request_id":"ab5f0c82-c265-46a8-8dbc-33cab8a79175","cluster_id":"4428989a-081b-4c06-8d59-21dfa85588fa","method":"GET","path":"/api/v1/clusters/4428989a-081b-4c06-8d59-21dfa85588fa/resources/roles","status":404,"error":"Not Found"}
{"time":"2026-02-15T20:30:05.671826Z","level":"warn","request_id":"07955bf9-9d91-40f3-86c9-a0b81259f2c8","cluster_id":"4428989a-081b-4c06-8d59-21dfa85588fa","method":"GET","path":"/api/v1/clusters/4428989a-081b-4c06-8d59-21dfa85588fa/resources/clusterroles","status":404,"error":"Not Found"}
{"time":"2026-02-15T20:30:05.671885Z","level":"warn","request_id":"658ee96e-3aca-4e81-80ca-84be6e3c342a","cluster_id":"4428989a-081b-4c06-8d59-21dfa85588fa","method":"GET","path":"/api/v1/clusters/4428989a-081b-4c06-8d59-21dfa85588fa/resources/serviceaccounts","status":404,"error":"Not Found"}
{"time":"2026-02-15T20:30:05.676315Z","level":"warn","request_id":"910b8a09-a211-4d8e-92a9-07ce62243a71","cluster_id":"4428989a-081b-4c06-8d59-21dfa85588fa","method":"GET","path":"/api/v1/clusters/4428989a-081b-4c06-8d59-21dfa85588fa/resources/clusterrolebindings","status":404,"error":"Not Found"}
{"time":"2026-02-15T20:30:05.681523Z","level":"warn","request_id":"6ddc0d8a-fda8-4752-94f8-1b769ed6d0a1","cluster_id":"4428989a-081b-4c06-8d59-21dfa85588fa","method":"GET","path":"/api/v1/clusters/4428989a-081b-4c06-8d59-21dfa85588fa/resources/priorityclasses","status":404,"error":"Not Found"}
{"time":"2026-02-15T20:30:05.681768Z","level":"warn","request_id":"93de49a5-4cb9-473f-92b1-2513ae336951","cluster_id":"4428989a-081b-4c06-8d59-21dfa85588fa","method":"GET","path":"/api/v1/clusters/4428989a-081b-4c06-8d59-21dfa85588fa/resources/resourcequotas","status":404,"error":"Not Found"}
{"time":"2026-02-15T20:30:05.68209Z","level":"warn","request_id":"09f43312-625a-4e35-b0d9-92135e3374fe","cluster_id":"4428989a-081b-4c06-8d59-21dfa85588fa","method":"GET","path":"/api/v1/clusters/4428989a-081b-4c06-8d59-21dfa85588fa/resources/poddisruptionbudgets","status":404,"error":"Not Found"}
{"time":"2026-02-15T20:30:05.682351Z","level":"warn","request_id":"c2a3ff12-4664-45ec-a99a-aad3a2a63c38","cluster_id":"4428989a-081b-4c06-8d59-21dfa85588fa","method":"GET","path":"/api/v1/clusters/4428989a-081b-4c06-8d59-21dfa85588fa/resources/limitranges","status":404,"error":"Not Found"}
{"time":"2026-02-15T20:30:05.682503Z","level":"warn","request_id":"caca1496-3b49-4a37-92d7-18a8f5fe5f8e","cluster_id":"4428989a-081b-4c06-8d59-21dfa85588fa","method":"GET","path":"/api/v1/clusters/4428989a-081b-4c06-8d59-21dfa85588fa/resources/verticalpodautoscalers","status":404,"error":"Not Found"}
{"time":"2026-02-15T20:30:05.685871Z","level":"warn","request_id":"8b484adf-032a-4d43-be53-a8b7254236fc","cluster_id":"4428989a-081b-4c06-8d59-21dfa85588fa","method":"GET","path":"/api/v1/clusters/4428989a-081b-4c06-8d59-21dfa85588fa/resources/horizontalpodautoscalers","status":404,"duration_ms":3,"error":"Not Found"}
{"time":"2026-02-15T20:30:05.69044Z","level":"warn","request_id":"fa20ad66-0b05-4ff5-9480-165377e78f65","cluster_id":"4428989a-081b-4c06-8d59-21dfa85588fa","method":"GET","path":"/api/v1/clusters/4428989a-081b-4c06-8d59-21dfa85588fa/resources/customresourcedefinitions","status":404,"error":"Not Found"}
{"time":"2026-02-15T20:30:05.691329Z","level":"warn","request_id":"28d8de40-3e06-4dd1-ade8-26e6f5e60270","cluster_id":"4428989a-081b-4c06-8d59-21dfa85588fa","method":"GET","path":"/api/v1/clusters/4428989a-081b-4c06-8d59-21dfa85588fa/resources/mutatingwebhookconfigurations","status":404,"error":"Not Found"}
{"time":"2026-02-15T20:30:05.695839Z","level":"warn","request_id":"45a77815-fd2c-4bdb-9aad-2781ef354b69","cluster_id":"4428989a-081b-4c06-8d59-21dfa85588fa","method":"GET","path":"/api/v1/clusters/4428989a-081b-4c06-8d59-21dfa85588fa/resources/validatingwebhookconfigurations","status":404,"error":"Not Found"}
{"time":"2026-02-15T20:30:05.696852Z","level":"warn","request_id":"6ef59407-db90-4736-8e56-a46473001f87","cluster_id":"4428989a-081b-4c06-8d59-21dfa85588fa","method":"GET","path":"/api/v1/clusters/4428989a-081b-4c06-8d59-21dfa85588fa/features/metallb","status":404,"error":"Not Found"}
{"time":"2026-02-15T20:30:05.699954Z","level":"warn","request_id":"673c788e-a0a3-4133-b94f-132e9bf75894","cluster_id":"4428989a-081b-4c06-8d59-21dfa85588fa","method":"GET","path":"/api/v1/clusters/4428989a-081b-4c06-8d59-21dfa85588fa/overview","status":404,"error":"Not Found"}
{"time":"2026-02-15T20:30:05.708562Z","level":"warn","request_id":"3e926a71-914f-406f-990b-276e89bccf76","cluster_id":"4428989a-081b-4c06-8d59-21dfa85588fa","method":"GET","path":"/api/v1/clusters/4428989a-081b-4c06-8d59-21dfa85588fa/events","status":404,"error":"Not Found"}
{"time":"2026-02-15T20:30:05.711169Z","level":"warn","request_id":"29a5ca2b-ae50-4d7f-9bf3-aae409b8cf7c","cluster_id":"4428989a-081b-4c06-8d59-21dfa85588fa","method":"GET","path":"/api/v1/clusters/4428989a-081b-4c06-8d59-21dfa85588fa/events","status":404,"duration_ms":1,"error":"Not Found"}
{"time":"2026-02-15T20:30:05.713888Z","level":"warn","request_id":"ce701f7d-ac95-47f1-9dd0-0fbe99c28904","cluster_id":"4428989a-081b-4c06-8d59-21dfa85588fa","method":"GET","path":"/api/v1/clusters/4428989a-081b-4c06-8d59-21dfa85588fa/resources/nodes","status":404,"duration_ms":1,"error":"Not Found"}
{"time":"2026-02-15T20:30:05.714114Z","level":"warn","request_id":"07b11fe9-bf9c-4ad3-8a53-20f58c6e0f54","cluster_id":"4428989a-081b-4c06-8d59-21dfa85588fa","method":"GET","path":"/api/v1/clusters/4428989a-081b-4c06-8d59-21dfa85588fa/summary","status":404,"error":"Not Found"}
{"time":"2026-02-15T20:30:05.714207Z","level":"info","request_id":"d6fcbcaa-2ea6-42d0-98f7-92e671ac2753","method":"GET","path":"/health","status":200}
{"time":"2026-02-15T20:30:06.831943Z","level":"warn","request_id":"14a8c853-1707-4ba7-8757-c670386d740d","cluster_id":"4428989a-081b-4c06-8d59-21dfa85588fa","method":"GET","path":"/api/v1/clusters/4428989a-081b-4c06-8d59-21dfa85588fa/overview","status":404,"error":"Not Found"}
{"time":"2026-02-15T20:30:06.831948Z","level":"warn","request_id":"95717b2d-1137-4de5-a16f-201f91cbdd55","cluster_id":"4428989a-081b-4c06-8d59-21dfa85588fa","method":"GET","path":"/api/v1/clusters/4428989a-081b-4c06-8d59-21dfa85588fa/features/metallb","status":404,"error":"Not Found"}
{"time":"2026-02-15T20:30:06.833783Z","level":"warn","request_id":"92e886b5-5bf0-41a3-acc2-eee77e9f7841","cluster_id":"4428989a-081b-4c06-8d59-21dfa85588fa","method":"GET","path":"/api/v1/clusters/4428989a-081b-4c06-8d59-21dfa85588fa/events","status":404,"error":"Not Found"}
{"time":"2026-02-15T20:30:06.839419Z","level":"warn","request_id":"18076a57-ea54-4028-a3fb-c8691dbf7f12","cluster_id":"4428989a-081b-4c06-8d59-21dfa85588fa","method":"GET","path":"/api/v1/clusters/4428989a-081b-4c06-8d59-21dfa85588fa/events","status":404,"error":"Not Found"}
{"time":"2026-02-15T20:30:06.84052Z","level":"warn","request_id":"13407d26-60e5-4021-8c86-482ac11db5ae","cluster_id":"4428989a-081b-4c06-8d59-21dfa85588fa","method":"GET","path":"/api/v1/clusters/4428989a-081b-4c06-8d59-21dfa85588fa/summary","status":404,"error":"Not Found"}
{"time":"2026-02-15T20:30:08.852064Z","level":"warn","request_id":"773a695e-1233-4448-aa08-5c64da176876","cluster_id":"4428989a-081b-4c06-8d59-21dfa85588fa","method":"GET","path":"/api/v1/clusters/4428989a-081b-4c06-8d59-21dfa85588fa/overview","status":404,"duration_ms":1,"error":"Not Found"}
{"time":"2026-02-15T20:30:08.857848Z","level":"warn","request_id":"4e738470-bdf0-49e9-9f5f-0b764f451528","cluster_id":"4428989a-081b-4c06-8d59-21dfa85588fa","method":"GET","path":"/api/v1/clusters/4428989a-081b-4c06-8d59-21dfa85588fa/events","status":404,"error":"Not Found"}
{"time":"2026-02-15T20:30:08.859293Z","level":"warn","request_id":"40b4c6ed-22cd-456f-b0a9-a44f5c7b0cb2","cluster_id":"4428989a-081b-4c06-8d59-21dfa85588fa","method":"GET","path":"/api/v1/clusters/4428989a-081b-4c06-8d59-21dfa85588fa/summary","status":404,"duration_ms":1,"error":"Not Found"}
{"time":"2026-02-15T20:30:08.859243Z","level":"warn","request_id":"281ee5d4-b8b5-42db-b6cd-4413b1a3e15a","cluster_id":"4428989a-081b-4c06-8d59-21dfa85588fa","method":"GET","path":"/api/v1/clusters/4428989a-081b-4c06-8d59-21dfa85588fa/events","status":404,"duration_ms":1,"error":"Not Found"}
{"time":"2026-02-15T20:30:11.724078Z","level":"warn","request_id":"dc554abc-22ef-4ba3-8c1b-d36dd7eb3bbc","cluster_id":"4428989a-081b-4c06-8d59-21dfa85588fa","method":"GET","path":"/api/v1/clusters/4428989a-081b-4c06-8d59-21dfa85588fa/metrics/summary","status":404,"error":"Not Found"}
{"time":"2026-02-15T20:30:12.732363Z","level":"warn","request_id":"8a92e216-decf-404e-8fd2-16486ebfb11c","cluster_id":"4428989a-081b-4c06-8d59-21dfa85588fa","method":"GET","path":"/api/v1/clusters/4428989a-081b-4c06-8d59-21dfa85588fa/metrics/summary","status":404,"error":"Not Found"}
{"time":"2026-02-15T20:30:12.869524Z","level":"warn","request_id":"6116c699-3555-45a0-b3f3-8c55fbf2573c","cluster_id":"4428989a-081b-4c06-8d59-21dfa85588fa","method":"GET","path":"/api/v1/clusters/4428989a-081b-4c06-8d59-21dfa85588fa/overview","status":404,"error":"Not Found"}
{"time":"2026-02-15T20:30:12.870026Z","level":"warn","request_id":"f5d839e4-d034-47f5-9489-9aec0f1d5966","cluster_id":"4428989a-081b-4c06-8d59-21dfa85588fa","method":"GET","path":"/api/v1/clusters/4428989a-081b-4c06-8d59-21dfa85588fa/summary","status":404,"error":"Not Found"}
{"time":"2026-02-15T20:30:12.870082Z","level":"warn","request_id":"8f9e6563-4c06-45f4-aac8-f3002583020c","cluster_id":"4428989a-081b-4c06-8d59-21dfa85588fa","method":"GET","path":"/api/v1/clusters/4428989a-081b-4c06-8d59-21dfa85588fa/events","status":404,"error":"Not Found"}
{"time":"2026-02-15T20:30:12.87031Z","level":"warn","request_id":"4231897a-4ad3-4160-8c9b-9d29714c09b6","cluster_id":"4428989a-081b-4c06-8d59-21dfa85588fa","method":"GET","path":"/api/v1/clusters/4428989a-081b-4c06-8d59-21dfa85588fa/events","status":404,"error":"Not Found"}
{"time":"2026-02-15T20:30:14.754795Z","level":"warn","request_id":"ffc3d246-b265-420a-84d5-10c9f7c5e7af","cluster_id":"4428989a-081b-4c06-8d59-21dfa85588fa","method":"GET","path":"/api/v1/clusters/4428989a-081b-4c06-8d59-21dfa85588fa/metrics/summary","status":404,"error":"Not Found"}
2026/02/16 02:00:15 Interceptor: Incoming shell stream request: GET /api/v1/clusters/4428989a-081b-4c06-8d59-21dfa85588fa/shell/stream
2026/02/16 02:00:15 Terminal: Incoming request for cluster 4428989a-081b-4c06-8d59-21dfa85588fa
2026/02/16 02:00:15 Terminal: Cluster 4428989a-081b-4c06-8d59-21dfa85588fa not found: no such table: clusters
{"time":"2026-02-15T20:30:15.166745Z","level":"warn","request_id":"e4373288-bf4d-4e02-b24d-b0169001e8b6","cluster_id":"4428989a-081b-4c06-8d59-21dfa85588fa","method":"GET","path":"/api/v1/clusters/4428989a-081b-4c06-8d59-21dfa85588fa/shell/stream","status":404,"error":"Not Found"}
{"time":"2026-02-15T20:30:18.769323Z","level":"warn","request_id":"fd183cce-2411-4e6d-8751-e4c02e31cc38","cluster_id":"4428989a-081b-4c06-8d59-21dfa85588fa","method":"GET","path":"/api/v1/clusters/4428989a-081b-4c06-8d59-21dfa85588fa/metrics/summary","status":404,"error":"Not Found"}
{"time":"2026-02-15T20:30:18.954217Z","level":"warn","request_id":"6d6c1153-9cc3-4855-baf6-aac69f63d122","cluster_id":"4428989a-081b-4c06-8d59-21dfa85588fa","method":"GET","path":"/api/v1/clusters/4428989a-081b-4c06-8d59-21dfa85588fa/resources/pods","status":404,"error":"Not Found"}
{"time":"2026-02-15T20:30:33.81523Z","level":"warn","request_id":"2ed58ff9-392d-4ae6-8632-b27969696501","cluster_id":"4428989a-081b-4c06-8d59-21dfa85588fa","method":"GET","path":"/api/v1/clusters/4428989a-081b-4c06-8d59-21dfa85588fa/metrics/summary","status":404,"error":"Not Found"}
{"time":"2026-02-15T20:30:34.828435Z","level":"warn","request_id":"badaa6bb-daca-46cb-9c75-b96a312a5501","cluster_id":"4428989a-081b-4c06-8d59-21dfa85588fa","method":"GET","path":"/api/v1/clusters/4428989a-081b-4c06-8d59-21dfa85588fa/metrics/summary","status":404,"error":"Not Found"}
{"time":"2026-02-15T20:30:35.707942Z","level":"warn","request_id":"4d3949fc-09e7-4497-bdf4-f964fed88806","cluster_id":"4428989a-081b-4c06-8d59-21dfa85588fa","method":"GET","path":"/api/v1/clusters/4428989a-081b-4c06-8d59-21dfa85588fa/resources/pods","status":404,"duration_ms":2,"error":"Not Found"}
{"time":"2026-02-15T20:30:36.840581Z","level":"warn","request_id":"c23ea398-8d71-45e7-908c-e8ef24c4e72f","cluster_id":"4428989a-081b-4c06-8d59-21dfa85588fa","method":"GET","path":"/api/v1/clusters/4428989a-081b-4c06-8d59-21dfa85588fa/metrics/summary","status":404,"error":"Not Found"}
{"time":"2026-02-15T20:30:40.853288Z","level":"warn","request_id":"9dd5c992-f079-4f6a-abfc-0fc9e3027979","cluster_id":"4428989a-081b-4c06-8d59-21dfa85588fa","method":"GET","path":"/api/v1/clusters/4428989a-081b-4c06-8d59-21dfa85588fa/metrics/summary","status":404,"error":"Not Found"}
{"time":"2026-02-15T20:30:42.890958Z","level":"warn","request_id":"1f44fc18-c8f2-4249-8219-a1470b6e8b64","cluster_id":"4428989a-081b-4c06-8d59-21dfa85588fa","method":"GET","path":"/api/v1/clusters/4428989a-081b-4c06-8d59-21dfa85588fa/overview","status":404,"error":"Not Found"}
{"time":"2026-02-15T20:30:43.898714Z","level":"warn","request_id":"451453eb-2e6e-4d17-a990-031b67c8cfdf","cluster_id":"4428989a-081b-4c06-8d59-21dfa85588fa","method":"GET","path":"/api/v1/clusters/4428989a-081b-4c06-8d59-21dfa85588fa/overview","status":404,"error":"Not Found"}
{"time":"2026-02-15T20:30:45.458179Z","level":"warn","request_id":"e3d849f6-c5f2-4fbb-9374-d3d9d85f6915","cluster_id":"4428989a-081b-4c06-8d59-21dfa85588fa","method":"GET","path":"/api/v1/clusters/4428989a-081b-4c06-8d59-21dfa85588fa/resources/pods","status":404,"error":"Not Found"}
{"time":"2026-02-15T20:30:45.458335Z","level":"warn","request_id":"c0f68f14-c138-469e-a58d-91bfc2fd293e","cluster_id":"4428989a-081b-4c06-8d59-21dfa85588fa","method":"GET","path":"/api/v1/clusters/4428989a-081b-4c06-8d59-21dfa85588fa/resources/replicasets","status":404,"error":"Not Found"}
{"time":"2026-02-15T20:30:45.461491Z","level":"warn","request_id":"11cb939e-0d7f-4969-80da-36e08d22734a","cluster_id":"4428989a-081b-4c06-8d59-21dfa85588fa","method":"GET","path":"/api/v1/clusters/4428989a-081b-4c06-8d59-21dfa85588fa/resources/deployments","status":404,"duration_ms":3,"error":"Not Found"}
{"time":"2026-02-15T20:30:45.46767Z","level":"warn","request_id":"b5e10450-f4b8-4f9f-bb5c-ddab0c8ed061","cluster_id":"4428989a-081b-4c06-8d59-21dfa85588fa","method":"GET","path":"/api/v1/clusters/4428989a-081b-4c06-8d59-21dfa85588fa/resources/namespaces","status":404,"error":"Not Found"}
{"time":"2026-02-15T20:30:45.46805Z","level":"warn","request_id":"9d4a4544-dd9f-4527-b613-bfea9bde9d1c","cluster_id":"4428989a-081b-4c06-8d59-21dfa85588fa","method":"GET","path":"/api/v1/clusters/4428989a-081b-4c06-8d59-21dfa85588fa/resources/statefulsets","status":404,"error":"Not Found"}
{"time":"2026-02-15T20:30:45.468454Z","level":"warn","request_id":"109417c9-8bcf-4bfa-a71d-9b02a3c420a4","cluster_id":"4428989a-081b-4c06-8d59-21dfa85588fa","method":"GET","path":"/api/v1/clusters/4428989a-081b-4c06-8d59-21dfa85588fa/resources/daemonsets","status":404,"error":"Not Found"}
{"time":"2026-02-15T20:30:45.464035Z","level":"warn","request_id":"c6d0f6ba-cdda-46d5-a865-960cf89928df","cluster_id":"4428989a-081b-4c06-8d59-21dfa85588fa","method":"GET","path":"/api/v1/clusters/4428989a-081b-4c06-8d59-21dfa85588fa/resources/nodes","status":404,"error":"Not Found"}
{"time":"2026-02-15T20:30:45.475825Z","level":"warn","request_id":"b513140e-3eb0-422e-916b-11f7115c5263","cluster_id":"4428989a-081b-4c06-8d59-21dfa85588fa","method":"GET","path":"/api/v1/clusters/4428989a-081b-4c06-8d59-21dfa85588fa/resources/services","status":404,"duration_ms":4,"error":"Not Found"}
{"time":"2026-02-15T20:30:45.476068Z","level":"warn","request_id":"3bcaf0cc-8f5c-47d6-97ca-d392b2414659","cluster_id":"4428989a-081b-4c06-8d59-21dfa85588fa","method":"GET","path":"/api/v1/clusters/4428989a-081b-4c06-8d59-21dfa85588fa/resources/podtemplates","status":404,"error":"Not Found"}
{"time":"2026-02-15T20:30:45.476208Z","level":"warn","request_id":"a26e5c6b-ba9f-460b-ac16-e593ab9eb4ce","cluster_id":"4428989a-081b-4c06-8d59-21dfa85588fa","method":"GET","path":"/api/v1/clusters/4428989a-081b-4c06-8d59-21dfa85588fa/resources/cronjobs","status":404,"error":"Not Found"}
{"time":"2026-02-15T20:30:45.481494Z","level":"warn","request_id":"cdf08819-8d63-497f-bf36-b05a627b1b0b","cluster_id":"4428989a-081b-4c06-8d59-21dfa85588fa","method":"GET","path":"/api/v1/clusters/4428989a-081b-4c06-8d59-21dfa85588fa/resources/controllerrevisions","status":404,"error":"Not Found"}
{"time":"2026-02-15T20:30:45.481502Z","level":"warn","request_id":"698c7376-6457-4c7a-af6e-a7c9ee326110","cluster_id":"4428989a-081b-4c06-8d59-21dfa85588fa","method":"GET","path":"/api/v1/clusters/4428989a-081b-4c06-8d59-21dfa85588fa/resources/resourceslices","status":404,"duration_ms":5,"error":"Not Found"}
{"time":"2026-02-15T20:30:45.483857Z","level":"warn","request_id":"87e03dad-922f-413e-a57e-539ec9979699","cluster_id":"4428989a-081b-4c06-8d59-21dfa85588fa","method":"GET","path":"/api/v1/clusters/4428989a-081b-4c06-8d59-21dfa85588fa/resources/jobs","status":404,"duration_ms":8,"error":"Not Found"}
{"time":"2026-02-15T20:30:45.487262Z","level":"warn","request_id":"4533b063-781d-48fc-ba95-098b8150ce75","cluster_id":"4428989a-081b-4c06-8d59-21dfa85588fa","method":"GET","path":"/api/v1/clusters/4428989a-081b-4c06-8d59-21dfa85588fa/resources/deviceclasses","status":404,"error":"Not Found"}
{"time":"2026-02-15T20:30:45.489339Z","level":"warn","request_id":"35092605-193c-45cf-b89a-afcc289dbf74","cluster_id":"4428989a-081b-4c06-8d59-21dfa85588fa","method":"GET","path":"/api/v1/clusters/4428989a-081b-4c06-8d59-21dfa85588fa/resources/ipaddresspools","status":404,"error":"Not Found"}
{"time":"2026-02-15T20:30:45.490327Z","level":"warn","request_id":"e85e32b6-b00b-435f-8e64-b04f8ec7293c","cluster_id":"4428989a-081b-4c06-8d59-21dfa85588fa","method":"GET","path":"/api/v1/clusters/4428989a-081b-4c06-8d59-21dfa85588fa/resources/bgppeers","status":404,"error":"Not Found"}
{"time":"2026-02-15T20:30:45.491319Z","level":"warn","request_id":"3441094b-0105-4c1a-a2fb-091a6b9fe119","cluster_id":"4428989a-081b-4c06-8d59-21dfa85588fa","method":"GET","path":"/api/v1/clusters/4428989a-081b-4c06-8d59-21dfa85588fa/resources/configmaps","status":404,"error":"Not Found"}
{"time":"2026-02-15T20:30:45.491874Z","level":"warn","request_id":"03f11cbe-8cd2-4bff-831f-2849a9ff9e0f","cluster_id":"4428989a-081b-4c06-8d59-21dfa85588fa","method":"GET","path":"/api/v1/clusters/4428989a-081b-4c06-8d59-21dfa85588fa/resources/secrets","status":404,"error":"Not Found"}
{"time":"2026-02-15T20:30:45.492151Z","level":"warn","request_id":"ed60ec7f-19cc-4f72-a468-11a78665713a","cluster_id":"4428989a-081b-4c06-8d59-21dfa85588fa","method":"GET","path":"/api/v1/clusters/4428989a-081b-4c06-8d59-21dfa85588fa/resources/ingresses","status":404,"error":"Not Found"}
{"time":"2026-02-15T20:30:45.498969Z","level":"warn","request_id":"7a365425-fbb3-4e87-ae3b-dce1d5c6e991","cluster_id":"4428989a-081b-4c06-8d59-21dfa85588fa","method":"GET","path":"/api/v1/clusters/4428989a-081b-4c06-8d59-21dfa85588fa/resources/ingressclasses","status":404,"error":"Not Found"}
{"time":"2026-02-15T20:30:45.499155Z","level":"warn","request_id":"521e0ecc-4064-43b9-b4d1-1831844ff5fd","cluster_id":"4428989a-081b-4c06-8d59-21dfa85588fa","method":"GET","path":"/api/v1/clusters/4428989a-081b-4c06-8d59-21dfa85588fa/resources/networkpolicies","status":404,"error":"Not Found"}
{"time":"2026-02-15T20:30:45.499328Z","level":"warn","request_id":"cf46c621-1210-4238-804c-42793bcb4d76","cluster_id":"4428989a-081b-4c06-8d59-21dfa85588fa","method":"GET","path":"/api/v1/clusters/4428989a-081b-4c06-8d59-21dfa85588fa/resources/endpointslices","status":404,"error":"Not Found"}
{"time":"2026-02-15T20:30:45.49945Z","level":"warn","request_id":"72411e54-2183-41db-8c5d-f4d5427f8c16","cluster_id":"4428989a-081b-4c06-8d59-21dfa85588fa","method":"GET","path":"/api/v1/clusters/4428989a-081b-4c06-8d59-21dfa85588fa/resources/endpoints","status":404,"error":"Not Found"}
{"time":"2026-02-15T20:30:45.501404Z","level":"warn","request_id":"7fdfa293-b940-482e-93e0-069f3a494058","cluster_id":"4428989a-081b-4c06-8d59-21dfa85588fa","method":"GET","path":"/api/v1/clusters/4428989a-081b-4c06-8d59-21dfa85588fa/resources/persistentvolumes","status":404,"error":"Not Found"}
{"time":"2026-02-15T20:30:45.503203Z","level":"warn","request_id":"526640bf-06eb-495d-ad39-e296bb8a94fe","cluster_id":"4428989a-081b-4c06-8d59-21dfa85588fa","method":"GET","path":"/api/v1/clusters/4428989a-081b-4c06-8d59-21dfa85588fa/resources/persistentvolumeclaims","status":404,"duration_ms":4,"error":"Not Found"}
{"time":"2026-02-15T20:30:45.505297Z","level":"warn","request_id":"83a2c574-caa7-4c3d-8558-a735bea41b9a","cluster_id":"4428989a-081b-4c06-8d59-21dfa85588fa","method":"GET","path":"/api/v1/clusters/4428989a-081b-4c06-8d59-21dfa85588fa/resources/storageclasses","status":404,"error":"Not Found"}
{"time":"2026-02-15T20:30:45.50548Z","level":"warn","request_id":"7d4f7615-6adb-4709-8716-329656be8bf8","cluster_id":"4428989a-081b-4c06-8d59-21dfa85588fa","method":"GET","path":"/api/v1/clusters/4428989a-081b-4c06-8d59-21dfa85588fa/resources/volumeattachments","status":404,"error":"Not Found"}
{"time":"2026-02-15T20:30:45.507174Z","level":"warn","request_id":"ef9ce097-4407-4e1d-b214-8e60e155c0fd","cluster_id":"4428989a-081b-4c06-8d59-21dfa85588fa","method":"GET","path":"/api/v1/clusters/4428989a-081b-4c06-8d59-21dfa85588fa/resources/volumesnapshots","status":404,"error":"Not Found"}
{"time":"2026-02-15T20:30:45.507494Z","level":"warn","request_id":"fcf85ca9-557d-4d73-b642-90f474d7bbd0","cluster_id":"4428989a-081b-4c06-8d59-21dfa85588fa","method":"GET","path":"/api/v1/clusters/4428989a-081b-4c06-8d59-21dfa85588fa/resources/apiservices","status":404,"error":"Not Found"}
{"time":"2026-02-15T20:30:45.507624Z","level":"warn","request_id":"61dac498-66d9-42e6-85ab-2cd2a5419234","cluster_id":"4428989a-081b-4c06-8d59-21dfa85588fa","method":"GET","path":"/api/v1/clusters/4428989a-081b-4c06-8d59-21dfa85588fa/resources/volumesnapshotcontents","status":404,"error":"Not Found"}
{"time":"2026-02-15T20:30:45.507679Z","level":"warn","request_id":"a903d952-0a19-420f-984b-7108476cbafc","cluster_id":"4428989a-081b-4c06-8d59-21dfa85588fa","method":"GET","path":"/api/v1/clusters/4428989a-081b-4c06-8d59-21dfa85588fa/resources/volumesnapshotclasses","status":404,"error":"Not Found"}
{"time":"2026-02-15T20:30:45.508307Z","level":"warn","request_id":"4b215233-6abd-44af-8dd5-4bf05ea92c92","cluster_id":"4428989a-081b-4c06-8d59-21dfa85588fa","method":"GET","path":"/api/v1/clusters/4428989a-081b-4c06-8d59-21dfa85588fa/resources/leases","status":404,"error":"Not Found"}
{"time":"2026-02-15T20:30:45.508747Z","level":"warn","request_id":"5666b0ba-3ae3-4adc-a34a-9b99528bf505","cluster_id":"4428989a-081b-4c06-8d59-21dfa85588fa","method":"GET","path":"/api/v1/clusters/4428989a-081b-4c06-8d59-21dfa85588fa/resources/serviceaccounts","status":404,"error":"Not Found"}
{"time":"2026-02-15T20:30:45.513636Z","level":"warn","request_id":"808a5b50-4d17-4747-86c5-a25843b797d2","cluster_id":"4428989a-081b-4c06-8d59-21dfa85588fa","method":"GET","path":"/api/v1/clusters/4428989a-081b-4c06-8d59-21dfa85588fa/resources/roles","status":404,"error":"Not Found"}
{"time":"2026-02-15T20:30:45.513925Z","level":"warn","request_id":"f6334f1b-0e52-4daa-be3f-b9abf637efa8","cluster_id":"4428989a-081b-4c06-8d59-21dfa85588fa","method":"GET","path":"/api/v1/clusters/4428989a-081b-4c06-8d59-21dfa85588fa/resources/clusterroles","status":404,"error":"Not Found"}
{"time":"2026-02-15T20:30:45.514061Z","level":"warn","request_id":"8c25ddf6-1f63-4dae-ab9b-45f1543020a4","cluster_id":"4428989a-081b-4c06-8d59-21dfa85588fa","method":"GET","path":"/api/v1/clusters/4428989a-081b-4c06-8d59-21dfa85588fa/resources/rolebindings","status":404,"error":"Not Found"}
{"time":"2026-02-15T20:30:45.514252Z","level":"warn","request_id":"b82d73e9-1b9f-4949-9da3-bec7c2885e01","cluster_id":"4428989a-081b-4c06-8d59-21dfa85588fa","method":"GET","path":"/api/v1/clusters/4428989a-081b-4c06-8d59-21dfa85588fa/resources/clusterrolebindings","status":404,"error":"Not Found"}
{"time":"2026-02-15T20:30:45.515354Z","level":"warn","request_id":"7639e138-23bf-4442-99d3-47cacdbbb9f3","cluster_id":"4428989a-081b-4c06-8d59-21dfa85588fa","method":"GET","path":"/api/v1/clusters/4428989a-081b-4c06-8d59-21dfa85588fa/resources/priorityclasses","status":404,"error":"Not Found"}
{"time":"2026-02-15T20:30:45.517052Z","level":"warn","request_id":"17547e39-9d0d-4c58-ba4d-dd9d0a20e692","cluster_id":"4428989a-081b-4c06-8d59-21dfa85588fa","method":"GET","path":"/api/v1/clusters/4428989a-081b-4c06-8d59-21dfa85588fa/resources/resourcequotas","status":404,"error":"Not Found"}
{"time":"2026-02-15T20:30:45.520718Z","level":"warn","request_id":"60a47738-c7dc-4a3d-827b-630f929fbb68","cluster_id":"4428989a-081b-4c06-8d59-21dfa85588fa","method":"GET","path":"/api/v1/clusters/4428989a-081b-4c06-8d59-21dfa85588fa/resources/limitranges","status":404,"error":"Not Found"}
{"time":"2026-02-15T20:30:45.521716Z","level":"warn","request_id":"d49e16f9-9ec6-4807-a7d4-6833f2cc4180","cluster_id":"4428989a-081b-4c06-8d59-21dfa85588fa","method":"GET","path":"/api/v1/clusters/4428989a-081b-4c06-8d59-21dfa85588fa/resources/horizontalpodautoscalers","status":404,"error":"Not Found"}
{"time":"2026-02-15T20:30:45.523694Z","level":"warn","request_id":"6883a4da-4281-4f3f-91cd-58bf09e1d489","cluster_id":"4428989a-081b-4c06-8d59-21dfa85588fa","method":"GET","path":"/api/v1/clusters/4428989a-081b-4c06-8d59-21dfa85588fa/resources/poddisruptionbudgets","status":404,"error":"Not Found"}
{"time":"2026-02-15T20:30:45.52486Z","level":"warn","request_id":"b5f20472-2c7b-46c2-9859-ee817bfcf914","cluster_id":"4428989a-081b-4c06-8d59-21dfa85588fa","method":"GET","path":"/api/v1/clusters/4428989a-081b-4c06-8d59-21dfa85588fa/resources/customresourcedefinitions","status":404,"error":"Not Found"}
{"time":"2026-02-15T20:30:45.525519Z","level":"warn","request_id":"4121c3e4-f8f0-4d28-b6dc-df95005ce920","cluster_id":"4428989a-081b-4c06-8d59-21dfa85588fa","method":"GET","path":"/api/v1/clusters/4428989a-081b-4c06-8d59-21dfa85588fa/resources/mutatingwebhookconfigurations","status":404,"error":"Not Found"}
{"time":"2026-02-15T20:30:45.530369Z","level":"warn","request_id":"92effc39-d385-4a2b-bc85-ee346296a658","cluster_id":"4428989a-081b-4c06-8d59-21dfa85588fa","method":"GET","path":"/api/v1/clusters/4428989a-081b-4c06-8d59-21dfa85588fa/features/metallb","status":404,"error":"Not Found"}
{"time":"2026-02-15T20:30:45.530883Z","level":"warn","request_id":"f0cab590-83b8-45df-892d-708c16581556","cluster_id":"4428989a-081b-4c06-8d59-21dfa85588fa","method":"GET","path":"/api/v1/clusters/4428989a-081b-4c06-8d59-21dfa85588fa/resources/validatingwebhookconfigurations","status":404,"error":"Not Found"}
{"time":"2026-02-15T20:30:45.532097Z","level":"warn","request_id":"686c9981-78db-4503-9289-7a823991b3e7","cluster_id":"4428989a-081b-4c06-8d59-21dfa85588fa","method":"GET","path":"/api/v1/clusters/4428989a-081b-4c06-8d59-21dfa85588fa/resources/verticalpodautoscalers","status":404,"duration_ms":2,"error":"Not Found"}
{"time":"2026-02-15T20:30:45.533587Z","level":"warn","request_id":"e7eea35f-2733-48d6-9b10-0df776c3f5a2","cluster_id":"4428989a-081b-4c06-8d59-21dfa85588fa","method":"GET","path":"/api/v1/clusters/4428989a-081b-4c06-8d59-21dfa85588fa/metrics/summary","status":404,"error":"Not Found"}
{"time":"2026-02-15T20:30:45.533674Z","level":"info","request_id":"3be0d7db-85b8-4953-92ac-c595249e35f6","method":"GET","path":"/health","status":200}
{"time":"2026-02-15T20:30:45.533713Z","level":"warn","request_id":"dc2e15d8-f977-4981-a5b6-e143b1da7951","cluster_id":"4428989a-081b-4c06-8d59-21dfa85588fa","method":"GET","path":"/api/v1/clusters/4428989a-081b-4c06-8d59-21dfa85588fa/resources/pods/blue-green-demo/blue-deployment-697fb9fcd5-74hbp","status":404,"error":"Not Found"}
{"time":"2026-02-15T20:30:45.923286Z","level":"warn","request_id":"8d7cc711-8da2-4c44-a450-f9f15461cafc","cluster_id":"4428989a-081b-4c06-8d59-21dfa85588fa","method":"GET","path":"/api/v1/clusters/4428989a-081b-4c06-8d59-21dfa85588fa/overview","status":404,"error":"Not Found"}
{"time":"2026-02-15T20:30:46.757482Z","level":"warn","request_id":"db00536d-be86-4aa8-a422-f065d4f6b09f","cluster_id":"4428989a-081b-4c06-8d59-21dfa85588fa","method":"GET","path":"/api/v1/clusters/4428989a-081b-4c06-8d59-21dfa85588fa/features/metallb","status":404,"duration_ms":60,"error":"Not Found"}
{"time":"2026-02-15T20:30:46.814809Z","level":"warn","request_id":"6e7175fa-9a01-4269-8de0-3826fc53de40","cluster_id":"4428989a-081b-4c06-8d59-21dfa85588fa","method":"GET","path":"/api/v1/clusters/4428989a-081b-4c06-8d59-21dfa85588fa/metrics/summary","status":404,"duration_ms":30,"error":"Not Found"}
{"time":"2026-02-15T20:30:48.84415Z","level":"warn","request_id":"8a1f8209-5b70-4b42-923f-ed288172a556","cluster_id":"4428989a-081b-4c06-8d59-21dfa85588fa","method":"GET","path":"/api/v1/clusters/4428989a-081b-4c06-8d59-21dfa85588fa/metrics/summary","status":404,"error":"Not Found"}
{"time":"2026-02-15T20:30:49.938951Z","level":"warn","request_id":"e70e1add-ee4a-45bc-afed-250757949379","cluster_id":"4428989a-081b-4c06-8d59-21dfa85588fa","method":"GET","path":"/api/v1/clusters/4428989a-081b-4c06-8d59-21dfa85588fa/overview","status":404,"error":"Not Found"}
