🚀 Starting Phase 2 & 3: Setup and Execution
🔨 Building kcli...
🎯 Phase 2: Real Cluster Test Preparation
📦 [1/8] Creating Namespaces...
namespace/kcli-test-1 configured
   ✅ Namespace kcli-test-1 created
namespace/kcli-test-2 configured
   ✅ Namespace kcli-test-2 created
namespace/kcli-test-3 configured
   ✅ Namespace kcli-test-3 created
🚀 [2/8] Creating Deployments...
deployment.apps/nginx-dep configured
deployment.apps/redis-dep configured
   ✅ Deployments created
🌐 [3/8] Creating Services...
service/nginx-svc configured
   ✅ Services created
📝 [4/8] Creating ConfigMaps & Secrets...
configmap/app-config configured
secret/app-secret configured
   ✅ ConfigMaps & Secrets created
💾 [5/8] Creating StatefulSet...
statefulset.apps/web unchanged
   ✅ StatefulSet created
👻 [6/8] Creating DaemonSet...
daemonset.apps/fluentd-elasticsearch unchanged
   ✅ DaemonSet created
⏰ [7/8] Creating Jobs & CronJobs...
Warning: resource jobs/hello-job is missing the kubectl.kubernetes.io/last-applied-configuration annotation which is required by kubectl apply. kubectl apply should only be used on resources created declaratively by either kubectl create --save-config or kubectl apply. The missing annotation will be patched automatically.
The Job "hello-job" is invalid: spec.template: Invalid value: core.PodTemplateSpec{ObjectMeta:v1.ObjectMeta{Name:"", GenerateName:"", Namespace:"", SelfLink:"", UID:"", ResourceVersion:"", Generation:0, CreationTimestamp:time.Date(1, time.January, 1, 0, 0, 0, 0, time.UTC), DeletionTimestamp:<nil>, DeletionGracePeriodSeconds:(*int64)(nil), Labels:map[string]string{"batch.kubernetes.io/controller-uid":"9e6b7799-617f-477d-8aed-33ebf941fdce", "batch.kubernetes.io/job-name":"hello-job", "controller-uid":"9e6b7799-617f-477d-8aed-33ebf941fdce", "job-name":"hello-job"}, Annotations:map[string]string(nil), OwnerReferences:[]v1.OwnerReference(nil), Finalizers:[]string(nil), ManagedFields:[]v1.ManagedFieldsEntry(nil)}, Spec:core.PodSpec{Volumes:[]core.Volume(nil), InitContainers:[]core.Container(nil), Containers:[]core.Container{core.Container{Name:"hello-job", Image:"busybox", Command:[]string{"echo", "Hello World"}, Args:[]string(nil), WorkingDir:"", Ports:[]core.ContainerPort(nil), EnvFrom:[]core.EnvFromSource(nil), Env:[]core.EnvVar(nil), Resources:core.ResourceRequirements{Limits:core.ResourceList(nil), Requests:core.ResourceList(nil), Claims:[]core.ResourceClaim(nil)}, ResizePolicy:[]core.ContainerResizePolicy(nil), RestartPolicy:(*core.ContainerRestartPolicy)(nil), VolumeMounts:[]core.VolumeMount(nil), VolumeDevices:[]core.VolumeDevice(nil), LivenessProbe:(*core.Probe)(nil), ReadinessProbe:(*core.Probe)(nil), StartupProbe:(*core.Probe)(nil), Lifecycle:(*core.Lifecycle)(nil), TerminationMessagePath:"/dev/termination-log", TerminationMessagePolicy:"File", ImagePullPolicy:"Always", SecurityContext:(*core.SecurityContext)(nil), Stdin:false, StdinOnce:false, TTY:false}}, EphemeralContainers:[]core.EphemeralContainer(nil), RestartPolicy:"Never", TerminationGracePeriodSeconds:(*int64)(0x400f316ec0), ActiveDeadlineSeconds:(*int64)(nil), DNSPolicy:"ClusterFirst", NodeSelector:map[string]string(nil), ServiceAccountName:"", AutomountServiceAccountToken:(*bool)(nil), NodeName:"", SecurityContext:(*core.PodSecurityContext)(0x400e2f3ea0), ImagePullSecrets:[]core.LocalObjectReference(nil), Hostname:"", Subdomain:"", SetHostnameAsFQDN:(*bool)(nil), Affinity:(*core.Affinity)(nil), SchedulerName:"default-scheduler", Tolerations:[]core.Toleration(nil), HostAliases:[]core.HostAlias(nil), PriorityClassName:"", Priority:(*int32)(nil), PreemptionPolicy:(*core.PreemptionPolicy)(nil), DNSConfig:(*core.PodDNSConfig)(nil), ReadinessGates:[]core.PodReadinessGate(nil), RuntimeClassName:(*string)(nil), Overhead:core.ResourceList(nil), EnableServiceLinks:(*bool)(nil), TopologySpreadConstraints:[]core.TopologySpreadConstraint(nil), OS:(*core.PodOS)(nil), SchedulingGates:[]core.PodSchedulingGate(nil), ResourceClaims:[]core.PodResourceClaim(nil)}}: field is immutable
exit status 1
